                       row_labels ANY_SNs|0 ANY_SNs|1 ANY_SNs|#Total cases
1      maxsegrtdose.category|None      4919      1024                 5943
2    maxsegrtdose.category|>0-<18        66        22                   88
3  maxsegrtdose.category|>=18-<30       698       311                 1009
4      maxsegrtdose.category|>=30       624       254                  878
5    maxchestrtdose.category|None      5193       936                 6129
6  maxchestrtdose.category|>0-<20       286       102                  388
7    maxchestrtdose.category|>=20       828       573                 1401
8      maxabdrtdose.category|None      5186      1052                 6238
9    maxabdrtdose.category|>0-<30       701       208                  909
10     maxabdrtdose.category|>=30       420       351                  771
11    epitxn_dose_5.category|None      5582      1501                 7083
12     epitxn_dose_5.category|1st       240        39                  279
13     epitxn_dose_5.category|2nd       243        34                  277
14     epitxn_dose_5.category|3rd       242        37                  279
character(0)

  None >0-<20   >=20 
123805   6105  16302 

Call:
glm(formula = event ~ Pleiotropy_PRSWEB_PRS.tertile.category + 
    AGE_AT_LAST_CONTACT.cs1 + AGE_AT_LAST_CONTACT.cs2 + AGE_AT_LAST_CONTACT.cs3 + 
    AGE_AT_LAST_CONTACT.cs4 + AGE_AT_DIAGNOSIS + gender + maxsegrtdose.category + 
    maxabdrtdose.category + maxchestrtdose.category + epitxn_dose_5.category + 
    EAS + AFR + any_chemo_missing + any_rt_missing, family = "poisson", 
    data = dat_all, offset = log(dat_all$PY))

Deviance Residuals: 
    Min       1Q   Median       3Q      Max  
-0.6465  -0.1486  -0.0915  -0.0568   4.5638  

Coefficients:
                                            Estimate Std. Error z value
(Intercept)                               -8.881e+00  6.798e-01 -13.066
Pleiotropy_PRSWEB_PRS.tertile.category2nd  2.676e-02  6.314e-02   0.424
Pleiotropy_PRSWEB_PRS.tertile.category3rd  1.138e-01  6.152e-02   1.850
AGE_AT_LAST_CONTACT.cs1                    1.157e-01  4.406e-02   2.627
AGE_AT_LAST_CONTACT.cs2                    6.406e-05  2.199e-04   0.291
AGE_AT_LAST_CONTACT.cs3                   -8.928e-05  7.030e-04  -0.127
AGE_AT_LAST_CONTACT.cs4                   -2.430e-04  7.041e-04  -0.345
AGE_AT_DIAGNOSIS5-9                       -3.351e-01  7.784e-02  -4.305
AGE_AT_DIAGNOSIS10-14                     -4.827e-01  7.647e-02  -6.312
AGE_AT_DIAGNOSIS>=15                      -5.356e-01  8.109e-02  -6.605
genderFemale                               4.586e-01  5.135e-02   8.930
maxsegrtdose.category>0-<30                6.294e-01  6.879e-02   9.150
maxsegrtdose.category>=30                  6.326e-01  7.423e-02   8.523
maxabdrtdose.category>0-<30               -1.006e-01  9.275e-02  -1.085
maxabdrtdose.category>=30                  3.464e-01  8.147e-02   4.252
maxchestrtdose.category>0-<20              5.301e-01  1.207e-01   4.393
maxchestrtdose.category>=20                7.339e-01  7.372e-02   9.955
epitxn_dose_5.category1st                  2.864e-01  1.664e-01   1.721
epitxn_dose_5.category2nd                  5.967e-01  1.759e-01   3.392
epitxn_dose_5.category3rd                  4.440e-01  1.687e-01   2.632
EAS                                       -2.758e-01  2.911e-01  -0.948
AFR                                       -7.566e-01  3.008e-01  -2.515
any_chemo_missingYes                       1.582e-01  1.429e-01   1.107
any_rt_missingYes                          3.784e-01  1.359e-01   2.785
                                          Pr(>|z|)    
(Intercept)                                < 2e-16 ***
Pleiotropy_PRSWEB_PRS.tertile.category2nd 0.671700    
Pleiotropy_PRSWEB_PRS.tertile.category3rd 0.064323 .  
AGE_AT_LAST_CONTACT.cs1                   0.008617 ** 
AGE_AT_LAST_CONTACT.cs2                   0.770783    
AGE_AT_LAST_CONTACT.cs3                   0.898942    
AGE_AT_LAST_CONTACT.cs4                   0.730010    
AGE_AT_DIAGNOSIS5-9                       1.67e-05 ***
AGE_AT_DIAGNOSIS10-14                     2.75e-10 ***
AGE_AT_DIAGNOSIS>=15                      3.97e-11 ***
genderFemale                               < 2e-16 ***
maxsegrtdose.category>0-<30                < 2e-16 ***
maxsegrtdose.category>=30                  < 2e-16 ***
maxabdrtdose.category>0-<30               0.277894    
maxabdrtdose.category>=30                 2.12e-05 ***
maxchestrtdose.category>0-<20             1.12e-05 ***
maxchestrtdose.category>=20                < 2e-16 ***
epitxn_dose_5.category1st                 0.085223 .  
epitxn_dose_5.category2nd                 0.000695 ***
epitxn_dose_5.category3rd                 0.008481 ** 
EAS                                       0.343378    
AFR                                       0.011895 *  
any_chemo_missingYes                      0.268147    
any_rt_missingYes                         0.005351 ** 
---
Signif. codes:  0 ‘***’ 0.001 ‘**’ 0.01 ‘*’ 0.05 ‘.’ 0.1 ‘ ’ 1

(Dispersion parameter for poisson family taken to be 1)

    Null deviance: 18249  on 178893  degrees of freedom
Residual deviance: 16247  on 178870  degrees of freedom
  (1658 observations deleted due to missingness)
AIC: 19497

Number of Fisher Scoring iterations: 9

[1] 0.03086986
[1] 0.03281473
[1] 0.02957462
[1] 0.04667152
[1] 0.01852595
[1] 0.02979053
[1] 0.05567947
[1] 0.3870267
[1] 0.3980489
[1] 0.3796863
[1] 0.3724318
[1] 0.398428
[1] 0.3885197
[1] 0.4003095
[1] 0.4072325
[1] 0.4184867
[1] 0.3997375
[1] 0.4033811
[1] 0.4102411
[1] 0.4079832
[1] 0.4311939
[1] 0.04788497
[1] 0.04879762
[1] 0.04727717
[1] 0.04730453
[1] 0.0483384
[1] 0.04899124
[1] 0.04215147
[1] 0.4353451
[1] 0.4463924
[1] 0.4279879
[1] 0.431443
[1] 0.4383934
[1] 0.436692
[1] 0.4567334
[1] 1
[1] 2
[1] 3
[1] 4
[1] 5
[1] 6
[1] 7
[1] 8
[1] 9
[1] 10
[1] 11
[1] 12
[1] 13
[1] 14
[1] 15
[1] 16
[1] 17
[1] 18
[1] 19
[1] 20
[1] 21
[1] 22
[1] 23
[1] 24
[1] 25
[1] 26
[1] 27
[1] 28
[1] 29
[1] 30
[1] 31
[1] 32
[1] 33
[1] 34
[1] 35
[1] 36
[1] 37
[1] 38
[1] 39
[1] 40
[1] 41
[1] 42
[1] 43
[1] 44
[1] 45
[1] 46
[1] 47
[1] 48
[1] 49
[1] 50
[1] 51
[1] 52
[1] 53
[1] 54
[1] 55
[1] 56
[1] 57
[1] 58
[1] 59
[1] 60
[1] 61
[1] 62
[1] 63
[1] 64
[1] 65
[1] 66
[1] 67
[1] 68
[1] 69
[1] 70
[1] 71
[1] 72
[1] 73
[1] 74
[1] 75
[1] 76
[1] 77
[1] 78
[1] 79
[1] 80
[1] 81
[1] 82
[1] 83
[1] 84
[1] 85
[1] 86
[1] 87
[1] 88
[1] 89
[1] 90
[1] 91
[1] 92
[1] 93
[1] 94
[1] 95
[1] 96
[1] 97
[1] 98
[1] 99
[1] 100
[1] 101
[1] 102
[1] 103
[1] 104
[1] 105
[1] 106
[1] 107
[1] 108
[1] 109
[1] 110
[1] 111
[1] 112
[1] 113
[1] 114
[1] 115
[1] 116
[1] 117
[1] 118
[1] 119
[1] 120
[1] 121
[1] 122
[1] 123
[1] 124
[1] 125
[1] 126
[1] 127
[1] 128
[1] 129
[1] 130
[1] 131
[1] 132
[1] 133
[1] 134
[1] 135
[1] 136
[1] 137
[1] 138
[1] 139
[1] 140
[1] 141
[1] 142
[1] 143
[1] 144
[1] 145
[1] 146
[1] 147
[1] 148
[1] 149
[1] 150
[1] 151
[1] 152
[1] 153
[1] 154
[1] 155
[1] 156
[1] 157
[1] 158
[1] 159
[1] 160
[1] 161
[1] 162
[1] 163
[1] 164
[1] 165
[1] 166
[1] 167
[1] 168
[1] 169
[1] 170
[1] 171
[1] 172
[1] 173
[1] 174
[1] 175
[1] 176
[1] 177
[1] 178
[1] 179
[1] 180
[1] 181
[1] 182
[1] 183
[1] 184
[1] 185
[1] 186
[1] 187
[1] 188
[1] 189
[1] 190
[1] 191
[1] 192
[1] 193
[1] 194
[1] 195
[1] 196
[1] 197
[1] 198
[1] 199
[1] 200
[1] 201
[1] 202
[1] 203
[1] 204
[1] 205
[1] 206
[1] 207
[1] 208
[1] 209
[1] 210
[1] 211
[1] 212
[1] 213
[1] 214
[1] 215
[1] 216
[1] 217
[1] 218
[1] 219
[1] 220
[1] 221
[1] 222
[1] 223
[1] 224
[1] 225
[1] 226
[1] 227
[1] 228
[1] 229
[1] 230
[1] 231
[1] 232
[1] 233
[1] 234
[1] 235
[1] 236
[1] 237
[1] 238
[1] 239
[1] 240
[1] 241
[1] 242
[1] 243
[1] 244
[1] 245
[1] 246
[1] 247
[1] 248
[1] 249
[1] 250
[1] 251
[1] 252
[1] 253
[1] 254
[1] 255
[1] 256
[1] 257
[1] 258
[1] 259
[1] 260
[1] 261
[1] 262
[1] 263
[1] 264
[1] 265
[1] 266
[1] 267
[1] 268
[1] 269
[1] 270
[1] 271
[1] 272
[1] 273
[1] 274
[1] 275
[1] 276
[1] 277
[1] 278
[1] 279
[1] 280
[1] 281
[1] 282
[1] 283
[1] 284
[1] 285
[1] 286
[1] 287
[1] 288
[1] 289
[1] 290
[1] 291
[1] 292
[1] 293
[1] 294
[1] 295
[1] 296
[1] 297
[1] 298
[1] 299
[1] 300
[1] 301
[1] 302
[1] 303
[1] 304
[1] 305
[1] 306
[1] 307
[1] 308
[1] 309
[1] 310
[1] 311
[1] 312
[1] 313
[1] 314
[1] 315
[1] 316
[1] 317
[1] 318
[1] 319
[1] 320
[1] 321
[1] 322
[1] 323
[1] 324
[1] 325
[1] 326
[1] 327
[1] 328
[1] 329
[1] 330
[1] 331
[1] 332
[1] 333
[1] 334
[1] 335
[1] 336
[1] 337
[1] 338
[1] 339
[1] 340
[1] 341
[1] 342
[1] 343
[1] 344
[1] 345
[1] 346
[1] 347
[1] 348
[1] 349
[1] 350
[1] 351
[1] 352
[1] 353
[1] 354
[1] 355
[1] 356
[1] 357
[1] 358
[1] 359
[1] 360
[1] 361
[1] 362
[1] 363
[1] 364
[1] 365
[1] 366
[1] 367
[1] 368
[1] 369
[1] 370
[1] 371
[1] 372
[1] 373
[1] 374
[1] 375
[1] 376
[1] 377
[1] 378
[1] 379
[1] 380
[1] 381
[1] 382
[1] 383
[1] 384
[1] 385
[1] 386
[1] 387
[1] 388
[1] 389
[1] 390
[1] 391
[1] 392
[1] 393
[1] 394
[1] 395
[1] 396
[1] 397
[1] 398
[1] 399
[1] 400
[1] 401
[1] 402
[1] 403
[1] 404
[1] 405
[1] 406
[1] 407
[1] 408
[1] 409
[1] 410
[1] 411
[1] 412
[1] 413
[1] 414
[1] 415
[1] 416
[1] 417
[1] 418
[1] 419
[1] 420
[1] 421
[1] 422
[1] 423
[1] 424
[1] 425
[1] 426
[1] 427
[1] 428
[1] 429
[1] 430
[1] 431
[1] 432
[1] 433
[1] 434
[1] 435
[1] 436
[1] 437
[1] 438
[1] 439
[1] 440
[1] 441
[1] 442
[1] 443
[1] 444
[1] 445
[1] 446
[1] 447
[1] 448
[1] 449
[1] 450
[1] 451
[1] 452
[1] 453
[1] 454
[1] 455
[1] 456
[1] 457
[1] 458
[1] 459
[1] 460
[1] 461
[1] 462
[1] 463
[1] 464
[1] 465
[1] 466
[1] 467
[1] 468
[1] 469
[1] 470
[1] 471
[1] 472
[1] 473
[1] 474
[1] 475
[1] 476
[1] 477
[1] 478
[1] 479
[1] 480
[1] 481
[1] 482
[1] 483
[1] 484
[1] 485
[1] 486
[1] 487
[1] 488
[1] 489
[1] 490
[1] 491
[1] 492
[1] 493
[1] 494
[1] 495
[1] 496
[1] 497
[1] 498
[1] 499
[1] 500
[1] 501
[1] 502
[1] 503
[1] 504
[1] 505
[1] 506
[1] 507
[1] 508
[1] 509
[1] 510
[1] 511
[1] 512
[1] 513
[1] 514
[1] 515
[1] 516
[1] 517
[1] 518
[1] 519
[1] 520
[1] 521
[1] 522
[1] 523
[1] 524
[1] 525
[1] 526
[1] 527
[1] 528
[1] 529
[1] 530
[1] 531
[1] 532
[1] 533
[1] 534
[1] 535
[1] 536
[1] 537
[1] 538
[1] 539
[1] 540
[1] 541
[1] 542
[1] 543
[1] 544
[1] 545
[1] 546
[1] 547
[1] 548
[1] 549
[1] 550
[1] 551
[1] 552
[1] 553
[1] 554
[1] 555
[1] 556
[1] 557
[1] 558
[1] 559
[1] 560
[1] 561
[1] 562
[1] 563
[1] 564
[1] 565
[1] 566
[1] 567
[1] 568
[1] 569
[1] 570
[1] 571
[1] 572
[1] 573
[1] 574
[1] 575
[1] 576
[1] 577
[1] 578
[1] 579
[1] 580
[1] 581
[1] 582
[1] 583
[1] 584
[1] 585
[1] 586
[1] 587
[1] 588
[1] 589
[1] 590
[1] 591
[1] 592
[1] 593
[1] 594
[1] 595
[1] 596
[1] 597
[1] 598
[1] 599
[1] 600
[1] 601
[1] 602
[1] 603
[1] 604
[1] 605
[1] 606
[1] 607
[1] 608
[1] 609
[1] 610
[1] 611
[1] 612
[1] 613
[1] 614
[1] 615
[1] 616
[1] 617
[1] 618
[1] 619
[1] 620
[1] 621
[1] 622
[1] 623
[1] 624
[1] 625
[1] 626
[1] 627
[1] 628
[1] 629
[1] 630
[1] 631
[1] 632
[1] 633
[1] 634
[1] 635
[1] 636
[1] 637
[1] 638
[1] 639
[1] 640
[1] 641
[1] 642
[1] 643
[1] 644
[1] 645
[1] 646
[1] 647
[1] 648
[1] 649
[1] 650
[1] 651
[1] 652
[1] 653
[1] 654
[1] 655
[1] 656
[1] 657
[1] 658
[1] 659
[1] 660
[1] 661
[1] 662
[1] 663
[1] 664
[1] 665
[1] 666
[1] 667
[1] 668
[1] 669
[1] 670
[1] 671
[1] 672
[1] 673
[1] 674
[1] 675
[1] 676
[1] 677
[1] 678
[1] 679
[1] 680
[1] 681
[1] 682
[1] 683
[1] 684
[1] 685
[1] 686
[1] 687
[1] 688
[1] 689
[1] 690
[1] 691
[1] 692
[1] 693
[1] 694
[1] 695
[1] 696
[1] 697
[1] 698
[1] 699
[1] 700
[1] 701
[1] 702
[1] 703
[1] 704
[1] 705
[1] 706
[1] 707
[1] 708
[1] 709
[1] 710
[1] 711
[1] 712
[1] 713
[1] 714
[1] 715
[1] 716
[1] 717
[1] 718
[1] 719
[1] 720
[1] 721
[1] 722
[1] 723
[1] 724
[1] 725
[1] 726
[1] 727
[1] 728
[1] 729
[1] 730
[1] 731
[1] 732
[1] 733
[1] 734
[1] 735
[1] 736
[1] 737
[1] 738
[1] 739
[1] 740
[1] 741
[1] 742
[1] 743
[1] 744
[1] 745
[1] 746
[1] 747
[1] 748
[1] 749
[1] 750
[1] 751
[1] 752
[1] 753
[1] 754
[1] 755
[1] 756
[1] 757
[1] 758
[1] 759
[1] 760
[1] 761
[1] 762
[1] 763
[1] 764
[1] 765
[1] 766
[1] 767
[1] 768
[1] 769
[1] 770
[1] 771
[1] 772
[1] 773
[1] 774
[1] 775
[1] 776
[1] 777
[1] 778
[1] 779
[1] 780
[1] 781
[1] 782
[1] 783
[1] 784
[1] 785
[1] 786
[1] 787
[1] 788
[1] 789
[1] 790
[1] 791
[1] 792
[1] 793
[1] 794
[1] 795
[1] 796
[1] 797
[1] 798
[1] 799
[1] 800
[1] 801
[1] 802
[1] 803
[1] 804
[1] 805
[1] 806
[1] 807
[1] 808
[1] 809
[1] 810
[1] 811
[1] 812
[1] 813
[1] 814
[1] 815
[1] 816
[1] 817
[1] 818
[1] 819
[1] 820
[1] 821
[1] 822
[1] 823
[1] 824
[1] 825
[1] 826
[1] 827
[1] 828
[1] 829
[1] 830
[1] 831
[1] 832
[1] 833
[1] 834
[1] 835
[1] 836
[1] 837
[1] 838
[1] 839
[1] 840
[1] 841
[1] 842
[1] 843
[1] 844
[1] 845
[1] 846
[1] 847
[1] 848
[1] 849
[1] 850
[1] 851
[1] 852
[1] 853
[1] 854
[1] 855
[1] 856
[1] 857
[1] 858
[1] 859
[1] 860
[1] 861
[1] 862
[1] 863
[1] 864
[1] 865
[1] 866
[1] 867
[1] 868
[1] 869
[1] 870
[1] 871
[1] 872
[1] 873
[1] 874
[1] 875
[1] 876
[1] 877
[1] 878
[1] 879
[1] 880
[1] 881
[1] 882
[1] 883
[1] 884
[1] 885
[1] 886
[1] 887
[1] 888
[1] 889
[1] 890
[1] 891
[1] 892
[1] 893
[1] 894
[1] 895
[1] 896
[1] 897
[1] 898
[1] 899
[1] 900
[1] 901
[1] 902
[1] 903
[1] 904
[1] 905
[1] 906
[1] 907
[1] 908
[1] 909
[1] 910
[1] 911
[1] 912
[1] 913
[1] 914
[1] 915
[1] 916
[1] 917
[1] 918
[1] 919
[1] 920
[1] 921
[1] 922
[1] 923
[1] 924
[1] 925
[1] 926
[1] 927
[1] 928
[1] 929
[1] 930
[1] 931
[1] 932
[1] 933
[1] 934
[1] 935
[1] 936
[1] 937
[1] 938
[1] 939
[1] 940
[1] 941
[1] 942
[1] 943
[1] 944
[1] 945
[1] 946
[1] 947
[1] 948
[1] 949
[1] 950
[1] 951
[1] 952
[1] 953
[1] 954
[1] 955
[1] 956
[1] 957
[1] 958
[1] 959
[1] 960
[1] 961
[1] 962
[1] 963
[1] 964
[1] 965
[1] 966
[1] 967
[1] 968
[1] 969
[1] 970
[1] 971
[1] 972
[1] 973
[1] 974
[1] 975
[1] 976
[1] 977
[1] 978
[1] 979
[1] 980
[1] 981
[1] 982
[1] 983
[1] 984
[1] 985
[1] 986
[1] 987
[1] 988
[1] 989
[1] 990
[1] 991
[1] 992
[1] 993
[1] 994
[1] 995
[1] 996
[1] 997
[1] 998
[1] 999
[1] 1000

Call:
glm(formula = event ~ Pleiotropy_PRSWEB_PRS.tertile.category + 
    AGE_AT_LAST_CONTACT.cs1 + AGE_AT_LAST_CONTACT.cs2 + AGE_AT_LAST_CONTACT.cs3 + 
    AGE_AT_LAST_CONTACT.cs4 + AGE_AT_DIAGNOSIS + gender + maxsegrtdose.category + 
    maxabdrtdose.category + maxchestrtdose.category + epitxn_dose_5.category + 
    EAS + AFR + any_chemo_missing + any_rt_missing + maxsegrtdose.category * 
    Pleiotropy_PRSWEB_PRS.tertile.category + maxabdrtdose.category * 
    Pleiotropy_PRSWEB_PRS.tertile.category + maxchestrtdose.category * 
    Pleiotropy_PRSWEB_PRS.tertile.category + epitxn_dose_5.category * 
    Pleiotropy_PRSWEB_PRS.tertile.category, family = "poisson", 
    data = dat_all, offset = log(dat_all$PY))

Deviance Residuals: 
    Min       1Q   Median       3Q      Max  
-0.6420  -0.1482  -0.0912  -0.0564   4.5485  

Coefficients:
                                                                          Estimate
(Intercept)                                                             -8.939e+00
Pleiotropy_PRSWEB_PRS.tertile.category2nd                                6.257e-02
Pleiotropy_PRSWEB_PRS.tertile.category3rd                                2.120e-01
AGE_AT_LAST_CONTACT.cs1                                                  1.159e-01
AGE_AT_LAST_CONTACT.cs2                                                  6.356e-05
AGE_AT_LAST_CONTACT.cs3                                                 -8.632e-05
AGE_AT_LAST_CONTACT.cs4                                                 -2.481e-04
AGE_AT_DIAGNOSIS5-9                                                     -3.299e-01
AGE_AT_DIAGNOSIS10-14                                                   -4.725e-01
AGE_AT_DIAGNOSIS>=15                                                    -5.247e-01
genderFemale                                                             4.585e-01
maxsegrtdose.category>0-<30                                              5.398e-01
maxsegrtdose.category>=30                                                7.107e-01
maxabdrtdose.category>0-<30                                              1.814e-01
maxabdrtdose.category>=30                                                4.125e-01
maxchestrtdose.category>0-<20                                            4.398e-01
maxchestrtdose.category>=20                                              7.129e-01
epitxn_dose_5.category1st                                                3.336e-01
epitxn_dose_5.category2nd                                                9.302e-01
epitxn_dose_5.category3rd                                                5.933e-01
EAS                                                                     -3.064e-01
AFR                                                                     -7.703e-01
any_chemo_missingYes                                                     1.583e-01
any_rt_missingYes                                                        3.847e-01
Pleiotropy_PRSWEB_PRS.tertile.category2nd:maxsegrtdose.category>0-<30    2.540e-01
Pleiotropy_PRSWEB_PRS.tertile.category3rd:maxsegrtdose.category>0-<30    2.133e-02
Pleiotropy_PRSWEB_PRS.tertile.category2nd:maxsegrtdose.category>=30     -8.055e-02
Pleiotropy_PRSWEB_PRS.tertile.category3rd:maxsegrtdose.category>=30     -1.391e-01
Pleiotropy_PRSWEB_PRS.tertile.category2nd:maxabdrtdose.category>0-<30   -6.062e-01
Pleiotropy_PRSWEB_PRS.tertile.category3rd:maxabdrtdose.category>0-<30   -2.722e-01
Pleiotropy_PRSWEB_PRS.tertile.category2nd:maxabdrtdose.category>=30     -9.438e-02
Pleiotropy_PRSWEB_PRS.tertile.category3rd:maxabdrtdose.category>=30     -1.046e-01
Pleiotropy_PRSWEB_PRS.tertile.category2nd:maxchestrtdose.category>0-<20  3.382e-01
Pleiotropy_PRSWEB_PRS.tertile.category3rd:maxchestrtdose.category>0-<20 -4.840e-02
Pleiotropy_PRSWEB_PRS.tertile.category2nd:maxchestrtdose.category>=20    4.435e-02
Pleiotropy_PRSWEB_PRS.tertile.category3rd:maxchestrtdose.category>=20    8.352e-03
Pleiotropy_PRSWEB_PRS.tertile.category2nd:epitxn_dose_5.category1st      1.281e-01
Pleiotropy_PRSWEB_PRS.tertile.category3rd:epitxn_dose_5.category1st     -2.040e-01
Pleiotropy_PRSWEB_PRS.tertile.category2nd:epitxn_dose_5.category2nd     -3.608e-01
Pleiotropy_PRSWEB_PRS.tertile.category3rd:epitxn_dose_5.category2nd     -6.315e-01
Pleiotropy_PRSWEB_PRS.tertile.category2nd:epitxn_dose_5.category3rd     -3.952e-01
Pleiotropy_PRSWEB_PRS.tertile.category3rd:epitxn_dose_5.category3rd     -1.152e-01
                                                                        Std. Error
(Intercept)                                                              6.814e-01
Pleiotropy_PRSWEB_PRS.tertile.category2nd                                9.803e-02
Pleiotropy_PRSWEB_PRS.tertile.category3rd                                9.541e-02
AGE_AT_LAST_CONTACT.cs1                                                  4.407e-02
AGE_AT_LAST_CONTACT.cs2                                                  2.199e-04
AGE_AT_LAST_CONTACT.cs3                                                  7.031e-04
AGE_AT_LAST_CONTACT.cs4                                                  7.043e-04
AGE_AT_DIAGNOSIS5-9                                                      7.799e-02
AGE_AT_DIAGNOSIS10-14                                                    7.672e-02
AGE_AT_DIAGNOSIS>=15                                                     8.130e-02
genderFemale                                                             5.148e-02
maxsegrtdose.category>0-<30                                              1.205e-01
maxsegrtdose.category>=30                                                1.303e-01
maxabdrtdose.category>0-<30                                              1.563e-01
maxabdrtdose.category>=30                                                1.476e-01
maxchestrtdose.category>0-<20                                            2.083e-01
maxchestrtdose.category>=20                                              1.300e-01
epitxn_dose_5.category1st                                                2.737e-01
epitxn_dose_5.category2nd                                                2.736e-01
epitxn_dose_5.category3rd                                                2.649e-01
EAS                                                                      2.910e-01
AFR                                                                      3.009e-01
any_chemo_missingYes                                                     1.431e-01
any_rt_missingYes                                                        1.360e-01
Pleiotropy_PRSWEB_PRS.tertile.category2nd:maxsegrtdose.category>0-<30    1.652e-01
Pleiotropy_PRSWEB_PRS.tertile.category3rd:maxsegrtdose.category>0-<30    1.655e-01
Pleiotropy_PRSWEB_PRS.tertile.category2nd:maxsegrtdose.category>=30      1.812e-01
Pleiotropy_PRSWEB_PRS.tertile.category3rd:maxsegrtdose.category>=30      1.756e-01
Pleiotropy_PRSWEB_PRS.tertile.category2nd:maxabdrtdose.category>0-<30    2.316e-01
Pleiotropy_PRSWEB_PRS.tertile.category3rd:maxabdrtdose.category>0-<30    2.161e-01
Pleiotropy_PRSWEB_PRS.tertile.category2nd:maxabdrtdose.category>=30      2.062e-01
Pleiotropy_PRSWEB_PRS.tertile.category3rd:maxabdrtdose.category>=30      1.973e-01
Pleiotropy_PRSWEB_PRS.tertile.category2nd:maxchestrtdose.category>0-<20  2.954e-01
Pleiotropy_PRSWEB_PRS.tertile.category3rd:maxchestrtdose.category>0-<20  2.955e-01
Pleiotropy_PRSWEB_PRS.tertile.category2nd:maxchestrtdose.category>=20    1.808e-01
Pleiotropy_PRSWEB_PRS.tertile.category3rd:maxchestrtdose.category>=20    1.706e-01
Pleiotropy_PRSWEB_PRS.tertile.category2nd:epitxn_dose_5.category1st      4.110e-01
Pleiotropy_PRSWEB_PRS.tertile.category3rd:epitxn_dose_5.category1st      3.937e-01
Pleiotropy_PRSWEB_PRS.tertile.category2nd:epitxn_dose_5.category2nd      4.229e-01
Pleiotropy_PRSWEB_PRS.tertile.category3rd:epitxn_dose_5.category2nd      4.203e-01
Pleiotropy_PRSWEB_PRS.tertile.category2nd:epitxn_dose_5.category3rd      4.449e-01
Pleiotropy_PRSWEB_PRS.tertile.category3rd:epitxn_dose_5.category3rd      3.809e-01
                                                                        z value
(Intercept)                                                             -13.118
Pleiotropy_PRSWEB_PRS.tertile.category2nd                                 0.638
Pleiotropy_PRSWEB_PRS.tertile.category3rd                                 2.221
AGE_AT_LAST_CONTACT.cs1                                                   2.630
AGE_AT_LAST_CONTACT.cs2                                                   0.289
AGE_AT_LAST_CONTACT.cs3                                                  -0.123
AGE_AT_LAST_CONTACT.cs4                                                  -0.352
AGE_AT_DIAGNOSIS5-9                                                      -4.230
AGE_AT_DIAGNOSIS10-14                                                    -6.159
AGE_AT_DIAGNOSIS>=15                                                     -6.454
genderFemale                                                              8.905
maxsegrtdose.category>0-<30                                               4.481
maxsegrtdose.category>=30                                                 5.455
maxabdrtdose.category>0-<30                                               1.161
maxabdrtdose.category>=30                                                 2.795
maxchestrtdose.category>0-<20                                             2.112
maxchestrtdose.category>=20                                               5.486
epitxn_dose_5.category1st                                                 1.219
epitxn_dose_5.category2nd                                                 3.399
epitxn_dose_5.category3rd                                                 2.240
EAS                                                                      -1.053
AFR                                                                      -2.560
any_chemo_missingYes                                                      1.106
any_rt_missingYes                                                         2.830
Pleiotropy_PRSWEB_PRS.tertile.category2nd:maxsegrtdose.category>0-<30     1.537
Pleiotropy_PRSWEB_PRS.tertile.category3rd:maxsegrtdose.category>0-<30     0.129
Pleiotropy_PRSWEB_PRS.tertile.category2nd:maxsegrtdose.category>=30      -0.444
Pleiotropy_PRSWEB_PRS.tertile.category3rd:maxsegrtdose.category>=30      -0.792
Pleiotropy_PRSWEB_PRS.tertile.category2nd:maxabdrtdose.category>0-<30    -2.617
Pleiotropy_PRSWEB_PRS.tertile.category3rd:maxabdrtdose.category>0-<30    -1.259
Pleiotropy_PRSWEB_PRS.tertile.category2nd:maxabdrtdose.category>=30      -0.458
Pleiotropy_PRSWEB_PRS.tertile.category3rd:maxabdrtdose.category>=30      -0.530
Pleiotropy_PRSWEB_PRS.tertile.category2nd:maxchestrtdose.category>0-<20   1.145
Pleiotropy_PRSWEB_PRS.tertile.category3rd:maxchestrtdose.category>0-<20  -0.164
Pleiotropy_PRSWEB_PRS.tertile.category2nd:maxchestrtdose.category>=20     0.245
Pleiotropy_PRSWEB_PRS.tertile.category3rd:maxchestrtdose.category>=20     0.049
Pleiotropy_PRSWEB_PRS.tertile.category2nd:epitxn_dose_5.category1st       0.312
Pleiotropy_PRSWEB_PRS.tertile.category3rd:epitxn_dose_5.category1st      -0.518
Pleiotropy_PRSWEB_PRS.tertile.category2nd:epitxn_dose_5.category2nd      -0.853
Pleiotropy_PRSWEB_PRS.tertile.category3rd:epitxn_dose_5.category2nd      -1.502
Pleiotropy_PRSWEB_PRS.tertile.category2nd:epitxn_dose_5.category3rd      -0.888
Pleiotropy_PRSWEB_PRS.tertile.category3rd:epitxn_dose_5.category3rd      -0.303
                                                                        Pr(>|z|)
(Intercept)                                                              < 2e-16
Pleiotropy_PRSWEB_PRS.tertile.category2nd                               0.523286
Pleiotropy_PRSWEB_PRS.tertile.category3rd                               0.026318
AGE_AT_LAST_CONTACT.cs1                                                 0.008545
AGE_AT_LAST_CONTACT.cs2                                                 0.772571
AGE_AT_LAST_CONTACT.cs3                                                 0.902294
AGE_AT_LAST_CONTACT.cs4                                                 0.724586
AGE_AT_DIAGNOSIS5-9                                                     2.34e-05
AGE_AT_DIAGNOSIS10-14                                                   7.32e-10
AGE_AT_DIAGNOSIS>=15                                                    1.09e-10
genderFemale                                                             < 2e-16
maxsegrtdose.category>0-<30                                             7.44e-06
maxsegrtdose.category>=30                                               4.91e-08
maxabdrtdose.category>0-<30                                             0.245747
maxabdrtdose.category>=30                                               0.005186
maxchestrtdose.category>0-<20                                           0.034691
maxchestrtdose.category>=20                                             4.11e-08
epitxn_dose_5.category1st                                               0.222831
epitxn_dose_5.category2nd                                               0.000676
epitxn_dose_5.category3rd                                               0.025081
EAS                                                                     0.292489
AFR                                                                     0.010458
any_chemo_missingYes                                                    0.268530
any_rt_missingYes                                                       0.004662
Pleiotropy_PRSWEB_PRS.tertile.category2nd:maxsegrtdose.category>0-<30   0.124265
Pleiotropy_PRSWEB_PRS.tertile.category3rd:maxsegrtdose.category>0-<30   0.897457
Pleiotropy_PRSWEB_PRS.tertile.category2nd:maxsegrtdose.category>=30     0.656685
Pleiotropy_PRSWEB_PRS.tertile.category3rd:maxsegrtdose.category>=30     0.428304
Pleiotropy_PRSWEB_PRS.tertile.category2nd:maxabdrtdose.category>0-<30   0.008859
Pleiotropy_PRSWEB_PRS.tertile.category3rd:maxabdrtdose.category>0-<30   0.207883
Pleiotropy_PRSWEB_PRS.tertile.category2nd:maxabdrtdose.category>=30     0.647163
Pleiotropy_PRSWEB_PRS.tertile.category3rd:maxabdrtdose.category>=30     0.595993
Pleiotropy_PRSWEB_PRS.tertile.category2nd:maxchestrtdose.category>0-<20 0.252243
Pleiotropy_PRSWEB_PRS.tertile.category3rd:maxchestrtdose.category>0-<20 0.869880
Pleiotropy_PRSWEB_PRS.tertile.category2nd:maxchestrtdose.category>=20   0.806252
Pleiotropy_PRSWEB_PRS.tertile.category3rd:maxchestrtdose.category>=20   0.960945
Pleiotropy_PRSWEB_PRS.tertile.category2nd:epitxn_dose_5.category1st     0.755309
Pleiotropy_PRSWEB_PRS.tertile.category3rd:epitxn_dose_5.category1st     0.604340
Pleiotropy_PRSWEB_PRS.tertile.category2nd:epitxn_dose_5.category2nd     0.393649
Pleiotropy_PRSWEB_PRS.tertile.category3rd:epitxn_dose_5.category2nd     0.133032
Pleiotropy_PRSWEB_PRS.tertile.category2nd:epitxn_dose_5.category3rd     0.374353
Pleiotropy_PRSWEB_PRS.tertile.category3rd:epitxn_dose_5.category3rd     0.762268
                                                                           
(Intercept)                                                             ***
Pleiotropy_PRSWEB_PRS.tertile.category2nd                                  
Pleiotropy_PRSWEB_PRS.tertile.category3rd                               *  
AGE_AT_LAST_CONTACT.cs1                                                 ** 
AGE_AT_LAST_CONTACT.cs2                                                    
AGE_AT_LAST_CONTACT.cs3                                                    
AGE_AT_LAST_CONTACT.cs4                                                    
AGE_AT_DIAGNOSIS5-9                                                     ***
AGE_AT_DIAGNOSIS10-14                                                   ***
AGE_AT_DIAGNOSIS>=15                                                    ***
genderFemale                                                            ***
maxsegrtdose.category>0-<30                                             ***
maxsegrtdose.category>=30                                               ***
maxabdrtdose.category>0-<30                                                
maxabdrtdose.category>=30                                               ** 
maxchestrtdose.category>0-<20                                           *  
maxchestrtdose.category>=20                                             ***
epitxn_dose_5.category1st                                                  
epitxn_dose_5.category2nd                                               ***
epitxn_dose_5.category3rd                                               *  
EAS                                                                        
AFR                                                                     *  
any_chemo_missingYes                                                       
any_rt_missingYes                                                       ** 
Pleiotropy_PRSWEB_PRS.tertile.category2nd:maxsegrtdose.category>0-<30      
Pleiotropy_PRSWEB_PRS.tertile.category3rd:maxsegrtdose.category>0-<30      
Pleiotropy_PRSWEB_PRS.tertile.category2nd:maxsegrtdose.category>=30        
Pleiotropy_PRSWEB_PRS.tertile.category3rd:maxsegrtdose.category>=30        
Pleiotropy_PRSWEB_PRS.tertile.category2nd:maxabdrtdose.category>0-<30   ** 
Pleiotropy_PRSWEB_PRS.tertile.category3rd:maxabdrtdose.category>0-<30      
Pleiotropy_PRSWEB_PRS.tertile.category2nd:maxabdrtdose.category>=30        
Pleiotropy_PRSWEB_PRS.tertile.category3rd:maxabdrtdose.category>=30        
Pleiotropy_PRSWEB_PRS.tertile.category2nd:maxchestrtdose.category>0-<20    
Pleiotropy_PRSWEB_PRS.tertile.category3rd:maxchestrtdose.category>0-<20    
Pleiotropy_PRSWEB_PRS.tertile.category2nd:maxchestrtdose.category>=20      
Pleiotropy_PRSWEB_PRS.tertile.category3rd:maxchestrtdose.category>=20      
Pleiotropy_PRSWEB_PRS.tertile.category2nd:epitxn_dose_5.category1st        
Pleiotropy_PRSWEB_PRS.tertile.category3rd:epitxn_dose_5.category1st        
Pleiotropy_PRSWEB_PRS.tertile.category2nd:epitxn_dose_5.category2nd        
Pleiotropy_PRSWEB_PRS.tertile.category3rd:epitxn_dose_5.category2nd        
Pleiotropy_PRSWEB_PRS.tertile.category2nd:epitxn_dose_5.category3rd        
Pleiotropy_PRSWEB_PRS.tertile.category3rd:epitxn_dose_5.category3rd        
---
Signif. codes:  0 ‘***’ 0.001 ‘**’ 0.01 ‘*’ 0.05 ‘.’ 0.1 ‘ ’ 1

(Dispersion parameter for poisson family taken to be 1)

    Null deviance: 18249  on 178893  degrees of freedom
Residual deviance: 16231  on 178852  degrees of freedom
  (1658 observations deleted due to missingness)
AIC: 19517

Number of Fisher Scoring iterations: 9

                                                                             Estimate
(Intercept)                                                             -8.9386922300
Pleiotropy_PRSWEB_PRS.tertile.category2nd                                0.0625708245
Pleiotropy_PRSWEB_PRS.tertile.category3rd                                0.2119573783
AGE_AT_LAST_CONTACT.cs1                                                  0.1158843825
AGE_AT_LAST_CONTACT.cs2                                                  0.0000635596
AGE_AT_LAST_CONTACT.cs3                                                 -0.0000863187
AGE_AT_LAST_CONTACT.cs4                                                 -0.0002481470
AGE_AT_DIAGNOSIS5-9                                                     -0.3298639600
AGE_AT_DIAGNOSIS10-14                                                   -0.4724898268
AGE_AT_DIAGNOSIS>=15                                                    -0.5246888403
genderFemale                                                             0.4584524774
maxsegrtdose.category>0-<30                                              0.5398290939
maxsegrtdose.category>=30                                                0.7107095339
maxabdrtdose.category>0-<30                                              0.1814363251
maxabdrtdose.category>=30                                                0.4125000582
maxchestrtdose.category>0-<20                                            0.4398251663
maxchestrtdose.category>=20                                              0.7129389682
epitxn_dose_5.category1st                                                0.3335944798
epitxn_dose_5.category2nd                                                0.9301821526
epitxn_dose_5.category3rd                                                0.5933062534
EAS                                                                     -0.3063766746
AFR                                                                     -0.7703436716
any_chemo_missingYes                                                     0.1583073674
any_rt_missingYes                                                        0.3846749312
Pleiotropy_PRSWEB_PRS.tertile.category2nd:maxsegrtdose.category>0-<30    0.2539999768
Pleiotropy_PRSWEB_PRS.tertile.category3rd:maxsegrtdose.category>0-<30    0.0213267560
Pleiotropy_PRSWEB_PRS.tertile.category2nd:maxsegrtdose.category>=30     -0.0805455952
Pleiotropy_PRSWEB_PRS.tertile.category3rd:maxsegrtdose.category>=30     -0.1390824750
Pleiotropy_PRSWEB_PRS.tertile.category2nd:maxabdrtdose.category>0-<30   -0.6062201609
Pleiotropy_PRSWEB_PRS.tertile.category3rd:maxabdrtdose.category>0-<30   -0.2721666228
Pleiotropy_PRSWEB_PRS.tertile.category2nd:maxabdrtdose.category>=30     -0.0943822374
Pleiotropy_PRSWEB_PRS.tertile.category3rd:maxabdrtdose.category>=30     -0.1045926293
Pleiotropy_PRSWEB_PRS.tertile.category2nd:maxchestrtdose.category>0-<20  0.3381774588
Pleiotropy_PRSWEB_PRS.tertile.category3rd:maxchestrtdose.category>0-<20 -0.0484040400
Pleiotropy_PRSWEB_PRS.tertile.category2nd:maxchestrtdose.category>=20    0.0443492411
Pleiotropy_PRSWEB_PRS.tertile.category3rd:maxchestrtdose.category>=20    0.0083515514
Pleiotropy_PRSWEB_PRS.tertile.category2nd:epitxn_dose_5.category1st      0.1280919954
Pleiotropy_PRSWEB_PRS.tertile.category3rd:epitxn_dose_5.category1st     -0.2040211017
Pleiotropy_PRSWEB_PRS.tertile.category2nd:epitxn_dose_5.category2nd     -0.3607737526
Pleiotropy_PRSWEB_PRS.tertile.category3rd:epitxn_dose_5.category2nd     -0.6314553457
Pleiotropy_PRSWEB_PRS.tertile.category2nd:epitxn_dose_5.category3rd     -0.3952036162
Pleiotropy_PRSWEB_PRS.tertile.category3rd:epitxn_dose_5.category3rd     -0.1152332185
                                                                          Std. Error
(Intercept)                                                             0.6813951462
Pleiotropy_PRSWEB_PRS.tertile.category2nd                               0.0980289997
Pleiotropy_PRSWEB_PRS.tertile.category3rd                               0.0954123313
AGE_AT_LAST_CONTACT.cs1                                                 0.0440667688
AGE_AT_LAST_CONTACT.cs2                                                 0.0002199193
AGE_AT_LAST_CONTACT.cs3                                                 0.0007031275
AGE_AT_LAST_CONTACT.cs4                                                 0.0007042912
AGE_AT_DIAGNOSIS5-9                                                     0.0779907461
AGE_AT_DIAGNOSIS10-14                                                   0.0767159896
AGE_AT_DIAGNOSIS>=15                                                    0.0812964864
genderFemale                                                            0.0514847236
maxsegrtdose.category>0-<30                                             0.1204751502
maxsegrtdose.category>=30                                               0.1302956301
maxabdrtdose.category>0-<30                                             0.1563106889
maxabdrtdose.category>=30                                               0.1475704236
maxchestrtdose.category>0-<20                                           0.2082562467
maxchestrtdose.category>=20                                             0.1299529830
epitxn_dose_5.category1st                                               0.2736546810
epitxn_dose_5.category2nd                                               0.2736406741
epitxn_dose_5.category3rd                                               0.2648514955
EAS                                                                     0.2910451028
AFR                                                                     0.3008796604
any_chemo_missingYes                                                    0.1430763920
any_rt_missingYes                                                       0.1359507602
Pleiotropy_PRSWEB_PRS.tertile.category2nd:maxsegrtdose.category>0-<30   0.1652444604
Pleiotropy_PRSWEB_PRS.tertile.category3rd:maxsegrtdose.category>0-<30   0.1654840510
Pleiotropy_PRSWEB_PRS.tertile.category2nd:maxsegrtdose.category>=30     0.1812069211
Pleiotropy_PRSWEB_PRS.tertile.category3rd:maxsegrtdose.category>=30     0.1755877913
Pleiotropy_PRSWEB_PRS.tertile.category2nd:maxabdrtdose.category>0-<30   0.2316071677
Pleiotropy_PRSWEB_PRS.tertile.category3rd:maxabdrtdose.category>0-<30   0.2161067278
Pleiotropy_PRSWEB_PRS.tertile.category2nd:maxabdrtdose.category>=30     0.2062066363
Pleiotropy_PRSWEB_PRS.tertile.category3rd:maxabdrtdose.category>=30     0.1972806031
Pleiotropy_PRSWEB_PRS.tertile.category2nd:maxchestrtdose.category>0-<20 0.2953727445
Pleiotropy_PRSWEB_PRS.tertile.category3rd:maxchestrtdose.category>0-<20 0.2954873862
Pleiotropy_PRSWEB_PRS.tertile.category2nd:maxchestrtdose.category>=20   0.1808220676
Pleiotropy_PRSWEB_PRS.tertile.category3rd:maxchestrtdose.category>=20   0.1705504702
Pleiotropy_PRSWEB_PRS.tertile.category2nd:epitxn_dose_5.category1st     0.4110173131
Pleiotropy_PRSWEB_PRS.tertile.category3rd:epitxn_dose_5.category1st     0.3937347223
Pleiotropy_PRSWEB_PRS.tertile.category2nd:epitxn_dose_5.category2nd     0.4229380269
Pleiotropy_PRSWEB_PRS.tertile.category3rd:epitxn_dose_5.category2nd     0.4203394424
Pleiotropy_PRSWEB_PRS.tertile.category2nd:epitxn_dose_5.category3rd     0.4448746564
Pleiotropy_PRSWEB_PRS.tertile.category3rd:epitxn_dose_5.category3rd     0.3809306608
                                                                             z value
(Intercept)                                                             -13.11822117
Pleiotropy_PRSWEB_PRS.tertile.category2nd                                 0.63828892
Pleiotropy_PRSWEB_PRS.tertile.category3rd                                 2.22148831
AGE_AT_LAST_CONTACT.cs1                                                   2.62974540
AGE_AT_LAST_CONTACT.cs2                                                   0.28901332
AGE_AT_LAST_CONTACT.cs3                                                  -0.12276393
AGE_AT_LAST_CONTACT.cs4                                                  -0.35233576
AGE_AT_DIAGNOSIS5-9                                                      -4.22952692
AGE_AT_DIAGNOSIS10-14                                                    -6.15894847
AGE_AT_DIAGNOSIS>=15                                                     -6.45401620
genderFemale                                                              8.90463123
maxsegrtdose.category>0-<30                                               4.48083354
maxsegrtdose.category>=30                                                 5.45459225
maxabdrtdose.category>0-<30                                               1.16074164
maxabdrtdose.category>=30                                                 2.79527597
maxchestrtdose.category>0-<20                                             2.11194225
maxchestrtdose.category>=20                                               5.48613007
epitxn_dose_5.category1st                                                 1.21903444
epitxn_dose_5.category2nd                                                 3.39928322
epitxn_dose_5.category3rd                                                 2.24014689
EAS                                                                      -1.05267765
AFR                                                                      -2.56030491
any_chemo_missingYes                                                      1.10645345
any_rt_missingYes                                                         2.82951659
Pleiotropy_PRSWEB_PRS.tertile.category2nd:maxsegrtdose.category>0-<30     1.53711644
Pleiotropy_PRSWEB_PRS.tertile.category3rd:maxsegrtdose.category>0-<30     0.12887499
Pleiotropy_PRSWEB_PRS.tertile.category2nd:maxsegrtdose.category>=30      -0.44449514
Pleiotropy_PRSWEB_PRS.tertile.category3rd:maxsegrtdose.category>=30      -0.79209650
Pleiotropy_PRSWEB_PRS.tertile.category2nd:maxabdrtdose.category>0-<30    -2.61744991
Pleiotropy_PRSWEB_PRS.tertile.category3rd:maxabdrtdose.category>0-<30    -1.25940837
Pleiotropy_PRSWEB_PRS.tertile.category2nd:maxabdrtdose.category>=30      -0.45770708
Pleiotropy_PRSWEB_PRS.tertile.category3rd:maxabdrtdose.category>=30      -0.53017189
Pleiotropy_PRSWEB_PRS.tertile.category2nd:maxchestrtdose.category>0-<20   1.14491762
Pleiotropy_PRSWEB_PRS.tertile.category3rd:maxchestrtdose.category>0-<20  -0.16381085
Pleiotropy_PRSWEB_PRS.tertile.category2nd:maxchestrtdose.category>=20     0.24526454
Pleiotropy_PRSWEB_PRS.tertile.category3rd:maxchestrtdose.category>=20     0.04896821
Pleiotropy_PRSWEB_PRS.tertile.category2nd:epitxn_dose_5.category1st       0.31164623
Pleiotropy_PRSWEB_PRS.tertile.category3rd:epitxn_dose_5.category1st      -0.51816893
Pleiotropy_PRSWEB_PRS.tertile.category2nd:epitxn_dose_5.category2nd      -0.85301801
Pleiotropy_PRSWEB_PRS.tertile.category3rd:epitxn_dose_5.category2nd      -1.50225100
Pleiotropy_PRSWEB_PRS.tertile.category2nd:epitxn_dose_5.category3rd      -0.88834824
Pleiotropy_PRSWEB_PRS.tertile.category3rd:epitxn_dose_5.category3rd      -0.30250445
                                                                            Pr(>|z|)
(Intercept)                                                             2.589417e-39
Pleiotropy_PRSWEB_PRS.tertile.category2nd                               5.232856e-01
Pleiotropy_PRSWEB_PRS.tertile.category3rd                               2.631791e-02
AGE_AT_LAST_CONTACT.cs1                                                 8.544884e-03
AGE_AT_LAST_CONTACT.cs2                                                 7.725712e-01
AGE_AT_LAST_CONTACT.cs3                                                 9.022940e-01
AGE_AT_LAST_CONTACT.cs4                                                 7.245865e-01
AGE_AT_DIAGNOSIS5-9                                                     2.341833e-05
AGE_AT_DIAGNOSIS10-14                                                   7.322955e-10
AGE_AT_DIAGNOSIS>=15                                                    1.089242e-10
genderFemale                                                            5.356381e-19
maxsegrtdose.category>0-<30                                             7.435208e-06
maxsegrtdose.category>=30                                               4.908535e-08
maxabdrtdose.category>0-<30                                             2.457470e-01
maxabdrtdose.category>=30                                               5.185543e-03
maxchestrtdose.category>0-<20                                           3.469140e-02
maxchestrtdose.category>=20                                             4.108344e-08
epitxn_dose_5.category1st                                               2.228311e-01
epitxn_dose_5.category2nd                                               6.756271e-04
epitxn_dose_5.category3rd                                               2.508139e-02
EAS                                                                     2.924888e-01
AFR                                                                     1.045804e-02
any_chemo_missingYes                                                    2.685303e-01
any_rt_missingYes                                                       4.661838e-03
Pleiotropy_PRSWEB_PRS.tertile.category2nd:maxsegrtdose.category>0-<30   1.242648e-01
Pleiotropy_PRSWEB_PRS.tertile.category3rd:maxsegrtdose.category>0-<30   8.974566e-01
Pleiotropy_PRSWEB_PRS.tertile.category2nd:maxsegrtdose.category>=30     6.566846e-01
Pleiotropy_PRSWEB_PRS.tertile.category3rd:maxsegrtdose.category>=30     4.283044e-01
Pleiotropy_PRSWEB_PRS.tertile.category2nd:maxabdrtdose.category>0-<30   8.858949e-03
Pleiotropy_PRSWEB_PRS.tertile.category3rd:maxabdrtdose.category>0-<30   2.078829e-01
Pleiotropy_PRSWEB_PRS.tertile.category2nd:maxabdrtdose.category>=30     6.471629e-01
Pleiotropy_PRSWEB_PRS.tertile.category3rd:maxabdrtdose.category>=30     5.959928e-01
Pleiotropy_PRSWEB_PRS.tertile.category2nd:maxchestrtdose.category>0-<20 2.522433e-01
Pleiotropy_PRSWEB_PRS.tertile.category3rd:maxchestrtdose.category>0-<20 8.698800e-01
Pleiotropy_PRSWEB_PRS.tertile.category2nd:maxchestrtdose.category>=20   8.062516e-01
Pleiotropy_PRSWEB_PRS.tertile.category3rd:maxchestrtdose.category>=20   9.609446e-01
Pleiotropy_PRSWEB_PRS.tertile.category2nd:epitxn_dose_5.category1st     7.553094e-01
Pleiotropy_PRSWEB_PRS.tertile.category3rd:epitxn_dose_5.category1st     6.043404e-01
Pleiotropy_PRSWEB_PRS.tertile.category2nd:epitxn_dose_5.category2nd     3.936493e-01
Pleiotropy_PRSWEB_PRS.tertile.category3rd:epitxn_dose_5.category2nd     1.330323e-01
Pleiotropy_PRSWEB_PRS.tertile.category2nd:epitxn_dose_5.category3rd     3.743535e-01
Pleiotropy_PRSWEB_PRS.tertile.category3rd:epitxn_dose_5.category3rd     7.622675e-01
                                                                        Estimate
(Intercept)                                                              -8.9387
Pleiotropy_PRSWEB_PRS.tertile.category2nd                                 0.0626
Pleiotropy_PRSWEB_PRS.tertile.category3rd                                 0.2120
AGE_AT_LAST_CONTACT.cs1                                                   0.1159
AGE_AT_LAST_CONTACT.cs2                                                   0.0001
AGE_AT_LAST_CONTACT.cs3                                                  -0.0001
AGE_AT_LAST_CONTACT.cs4                                                  -0.0002
AGE_AT_DIAGNOSIS5-9                                                      -0.3299
AGE_AT_DIAGNOSIS10-14                                                    -0.4725
AGE_AT_DIAGNOSIS>=15                                                     -0.5247
genderFemale                                                              0.4585
maxsegrtdose.category>0-<30                                               0.5398
maxsegrtdose.category>=30                                                 0.7107
maxabdrtdose.category>0-<30                                               0.1814
maxabdrtdose.category>=30                                                 0.4125
maxchestrtdose.category>0-<20                                             0.4398
maxchestrtdose.category>=20                                               0.7129
epitxn_dose_5.category1st                                                 0.3336
epitxn_dose_5.category2nd                                                 0.9302
epitxn_dose_5.category3rd                                                 0.5933
EAS                                                                      -0.3064
AFR                                                                      -0.7703
any_chemo_missingYes                                                      0.1583
any_rt_missingYes                                                         0.3847
Pleiotropy_PRSWEB_PRS.tertile.category2nd:maxsegrtdose.category>0-<30     0.2540
Pleiotropy_PRSWEB_PRS.tertile.category3rd:maxsegrtdose.category>0-<30     0.0213
Pleiotropy_PRSWEB_PRS.tertile.category2nd:maxsegrtdose.category>=30      -0.0805
Pleiotropy_PRSWEB_PRS.tertile.category3rd:maxsegrtdose.category>=30      -0.1391
Pleiotropy_PRSWEB_PRS.tertile.category2nd:maxabdrtdose.category>0-<30    -0.6062
Pleiotropy_PRSWEB_PRS.tertile.category3rd:maxabdrtdose.category>0-<30    -0.2722
Pleiotropy_PRSWEB_PRS.tertile.category2nd:maxabdrtdose.category>=30      -0.0944
Pleiotropy_PRSWEB_PRS.tertile.category3rd:maxabdrtdose.category>=30      -0.1046
Pleiotropy_PRSWEB_PRS.tertile.category2nd:maxchestrtdose.category>0-<20   0.3382
Pleiotropy_PRSWEB_PRS.tertile.category3rd:maxchestrtdose.category>0-<20  -0.0484
Pleiotropy_PRSWEB_PRS.tertile.category2nd:maxchestrtdose.category>=20     0.0443
Pleiotropy_PRSWEB_PRS.tertile.category3rd:maxchestrtdose.category>=20     0.0084
Pleiotropy_PRSWEB_PRS.tertile.category2nd:epitxn_dose_5.category1st       0.1281
Pleiotropy_PRSWEB_PRS.tertile.category3rd:epitxn_dose_5.category1st      -0.2040
Pleiotropy_PRSWEB_PRS.tertile.category2nd:epitxn_dose_5.category2nd      -0.3608
Pleiotropy_PRSWEB_PRS.tertile.category3rd:epitxn_dose_5.category2nd      -0.6315
Pleiotropy_PRSWEB_PRS.tertile.category2nd:epitxn_dose_5.category3rd      -0.3952
Pleiotropy_PRSWEB_PRS.tertile.category3rd:epitxn_dose_5.category3rd      -0.1152
                                                                        Std. Error
(Intercept)                                                                 0.6814
Pleiotropy_PRSWEB_PRS.tertile.category2nd                                   0.0980
Pleiotropy_PRSWEB_PRS.tertile.category3rd                                   0.0954
AGE_AT_LAST_CONTACT.cs1                                                     0.0441
AGE_AT_LAST_CONTACT.cs2                                                     0.0002
AGE_AT_LAST_CONTACT.cs3                                                     0.0007
AGE_AT_LAST_CONTACT.cs4                                                     0.0007
AGE_AT_DIAGNOSIS5-9                                                         0.0780
AGE_AT_DIAGNOSIS10-14                                                       0.0767
AGE_AT_DIAGNOSIS>=15                                                        0.0813
genderFemale                                                                0.0515
maxsegrtdose.category>0-<30                                                 0.1205
maxsegrtdose.category>=30                                                   0.1303
maxabdrtdose.category>0-<30                                                 0.1563
maxabdrtdose.category>=30                                                   0.1476
maxchestrtdose.category>0-<20                                               0.2083
maxchestrtdose.category>=20                                                 0.1300
epitxn_dose_5.category1st                                                   0.2737
epitxn_dose_5.category2nd                                                   0.2736
epitxn_dose_5.category3rd                                                   0.2649
EAS                                                                         0.2910
AFR                                                                         0.3009
any_chemo_missingYes                                                        0.1431
any_rt_missingYes                                                           0.1360
Pleiotropy_PRSWEB_PRS.tertile.category2nd:maxsegrtdose.category>0-<30       0.1652
Pleiotropy_PRSWEB_PRS.tertile.category3rd:maxsegrtdose.category>0-<30       0.1655
Pleiotropy_PRSWEB_PRS.tertile.category2nd:maxsegrtdose.category>=30         0.1812
Pleiotropy_PRSWEB_PRS.tertile.category3rd:maxsegrtdose.category>=30         0.1756
Pleiotropy_PRSWEB_PRS.tertile.category2nd:maxabdrtdose.category>0-<30       0.2316
Pleiotropy_PRSWEB_PRS.tertile.category3rd:maxabdrtdose.category>0-<30       0.2161
Pleiotropy_PRSWEB_PRS.tertile.category2nd:maxabdrtdose.category>=30         0.2062
Pleiotropy_PRSWEB_PRS.tertile.category3rd:maxabdrtdose.category>=30         0.1973
Pleiotropy_PRSWEB_PRS.tertile.category2nd:maxchestrtdose.category>0-<20     0.2954
Pleiotropy_PRSWEB_PRS.tertile.category3rd:maxchestrtdose.category>0-<20     0.2955
Pleiotropy_PRSWEB_PRS.tertile.category2nd:maxchestrtdose.category>=20       0.1808
Pleiotropy_PRSWEB_PRS.tertile.category3rd:maxchestrtdose.category>=20       0.1706
Pleiotropy_PRSWEB_PRS.tertile.category2nd:epitxn_dose_5.category1st         0.4110
Pleiotropy_PRSWEB_PRS.tertile.category3rd:epitxn_dose_5.category1st         0.3937
Pleiotropy_PRSWEB_PRS.tertile.category2nd:epitxn_dose_5.category2nd         0.4229
Pleiotropy_PRSWEB_PRS.tertile.category3rd:epitxn_dose_5.category2nd         0.4203
Pleiotropy_PRSWEB_PRS.tertile.category2nd:epitxn_dose_5.category3rd         0.4449
Pleiotropy_PRSWEB_PRS.tertile.category3rd:epitxn_dose_5.category3rd         0.3809
                                                                         z value
(Intercept)                                                             -13.1182
Pleiotropy_PRSWEB_PRS.tertile.category2nd                                 0.6383
Pleiotropy_PRSWEB_PRS.tertile.category3rd                                 2.2215
AGE_AT_LAST_CONTACT.cs1                                                   2.6297
AGE_AT_LAST_CONTACT.cs2                                                   0.2890
AGE_AT_LAST_CONTACT.cs3                                                  -0.1228
AGE_AT_LAST_CONTACT.cs4                                                  -0.3523
AGE_AT_DIAGNOSIS5-9                                                      -4.2295
AGE_AT_DIAGNOSIS10-14                                                    -6.1589
AGE_AT_DIAGNOSIS>=15                                                     -6.4540
genderFemale                                                              8.9046
maxsegrtdose.category>0-<30                                               4.4808
maxsegrtdose.category>=30                                                 5.4546
maxabdrtdose.category>0-<30                                               1.1607
maxabdrtdose.category>=30                                                 2.7953
maxchestrtdose.category>0-<20                                             2.1119
maxchestrtdose.category>=20                                               5.4861
epitxn_dose_5.category1st                                                 1.2190
epitxn_dose_5.category2nd                                                 3.3993
epitxn_dose_5.category3rd                                                 2.2401
EAS                                                                      -1.0527
AFR                                                                      -2.5603
any_chemo_missingYes                                                      1.1065
any_rt_missingYes                                                         2.8295
Pleiotropy_PRSWEB_PRS.tertile.category2nd:maxsegrtdose.category>0-<30     1.5371
Pleiotropy_PRSWEB_PRS.tertile.category3rd:maxsegrtdose.category>0-<30     0.1289
Pleiotropy_PRSWEB_PRS.tertile.category2nd:maxsegrtdose.category>=30      -0.4445
Pleiotropy_PRSWEB_PRS.tertile.category3rd:maxsegrtdose.category>=30      -0.7921
Pleiotropy_PRSWEB_PRS.tertile.category2nd:maxabdrtdose.category>0-<30    -2.6174
Pleiotropy_PRSWEB_PRS.tertile.category3rd:maxabdrtdose.category>0-<30    -1.2594
Pleiotropy_PRSWEB_PRS.tertile.category2nd:maxabdrtdose.category>=30      -0.4577
Pleiotropy_PRSWEB_PRS.tertile.category3rd:maxabdrtdose.category>=30      -0.5302
Pleiotropy_PRSWEB_PRS.tertile.category2nd:maxchestrtdose.category>0-<20   1.1449
Pleiotropy_PRSWEB_PRS.tertile.category3rd:maxchestrtdose.category>0-<20  -0.1638
Pleiotropy_PRSWEB_PRS.tertile.category2nd:maxchestrtdose.category>=20     0.2453
Pleiotropy_PRSWEB_PRS.tertile.category3rd:maxchestrtdose.category>=20     0.0490
Pleiotropy_PRSWEB_PRS.tertile.category2nd:epitxn_dose_5.category1st       0.3116
Pleiotropy_PRSWEB_PRS.tertile.category3rd:epitxn_dose_5.category1st      -0.5182
Pleiotropy_PRSWEB_PRS.tertile.category2nd:epitxn_dose_5.category2nd      -0.8530
Pleiotropy_PRSWEB_PRS.tertile.category3rd:epitxn_dose_5.category2nd      -1.5023
Pleiotropy_PRSWEB_PRS.tertile.category2nd:epitxn_dose_5.category3rd      -0.8883
Pleiotropy_PRSWEB_PRS.tertile.category3rd:epitxn_dose_5.category3rd      -0.3025
                                                                        Pr(>|z|)
(Intercept)                                                               0.0000
Pleiotropy_PRSWEB_PRS.tertile.category2nd                                 0.5233
Pleiotropy_PRSWEB_PRS.tertile.category3rd                                 0.0263
AGE_AT_LAST_CONTACT.cs1                                                   0.0085
AGE_AT_LAST_CONTACT.cs2                                                   0.7726
AGE_AT_LAST_CONTACT.cs3                                                   0.9023
AGE_AT_LAST_CONTACT.cs4                                                   0.7246
AGE_AT_DIAGNOSIS5-9                                                       0.0000
AGE_AT_DIAGNOSIS10-14                                                     0.0000
AGE_AT_DIAGNOSIS>=15                                                      0.0000
genderFemale                                                              0.0000
maxsegrtdose.category>0-<30                                               0.0000
maxsegrtdose.category>=30                                                 0.0000
maxabdrtdose.category>0-<30                                               0.2457
maxabdrtdose.category>=30                                                 0.0052
maxchestrtdose.category>0-<20                                             0.0347
maxchestrtdose.category>=20                                               0.0000
epitxn_dose_5.category1st                                                 0.2228
epitxn_dose_5.category2nd                                                 0.0007
epitxn_dose_5.category3rd                                                 0.0251
EAS                                                                       0.2925
AFR                                                                       0.0105
any_chemo_missingYes                                                      0.2685
any_rt_missingYes                                                         0.0047
Pleiotropy_PRSWEB_PRS.tertile.category2nd:maxsegrtdose.category>0-<30     0.1243
Pleiotropy_PRSWEB_PRS.tertile.category3rd:maxsegrtdose.category>0-<30     0.8975
Pleiotropy_PRSWEB_PRS.tertile.category2nd:maxsegrtdose.category>=30       0.6567
Pleiotropy_PRSWEB_PRS.tertile.category3rd:maxsegrtdose.category>=30       0.4283
Pleiotropy_PRSWEB_PRS.tertile.category2nd:maxabdrtdose.category>0-<30     0.0089
Pleiotropy_PRSWEB_PRS.tertile.category3rd:maxabdrtdose.category>0-<30     0.2079
Pleiotropy_PRSWEB_PRS.tertile.category2nd:maxabdrtdose.category>=30       0.6472
Pleiotropy_PRSWEB_PRS.tertile.category3rd:maxabdrtdose.category>=30       0.5960
Pleiotropy_PRSWEB_PRS.tertile.category2nd:maxchestrtdose.category>0-<20   0.2522
Pleiotropy_PRSWEB_PRS.tertile.category3rd:maxchestrtdose.category>0-<20   0.8699
Pleiotropy_PRSWEB_PRS.tertile.category2nd:maxchestrtdose.category>=20     0.8063
Pleiotropy_PRSWEB_PRS.tertile.category3rd:maxchestrtdose.category>=20     0.9609
Pleiotropy_PRSWEB_PRS.tertile.category2nd:epitxn_dose_5.category1st       0.7553
Pleiotropy_PRSWEB_PRS.tertile.category3rd:epitxn_dose_5.category1st       0.6043
Pleiotropy_PRSWEB_PRS.tertile.category2nd:epitxn_dose_5.category2nd       0.3936
Pleiotropy_PRSWEB_PRS.tertile.category3rd:epitxn_dose_5.category2nd       0.1330
Pleiotropy_PRSWEB_PRS.tertile.category2nd:epitxn_dose_5.category3rd       0.3744
Pleiotropy_PRSWEB_PRS.tertile.category3rd:epitxn_dose_5.category3rd       0.7623

------------------------------------------------------------
Sender: LSF System <lsfadmin@noderome225>
Subject: Job 247021695: <model_fit1> in cluster <hpcf_research_cluster> Exited

Job <model_fit1> was submitted from host <splprhpc11> by user <aneupane> in cluster <hpcf_research_cluster> at Sat Jan 18 00:30:08 2025
Job was executed on host(s) <noderome225>, in queue <standard>, as user <aneupane> in cluster <hpcf_research_cluster> at Sat Jan 18 00:30:20 2025
</home/aneupane> was used as the home directory.
</home/aneupane/St_Jude/Achal_St_Jude/rcodes/attributable_fraction_R_codes/V21b_Lancet_Revision_HPC/21b/CCSS/Without_lifestyle/models/with_collapsed_categories> was used as the working directory.
Started at Sat Jan 18 00:30:20 2025
Terminated at Sat Jan 18 01:21:56 2025
Results reported at Sat Jan 18 01:21:56 2025

Your job looked like:

------------------------------------------------------------
# LSBATCH: User input
bash -c "module load R/4.2.2 && Rscript 1.model_fit_Any_SN.R"
------------------------------------------------------------

Exited with exit code 1.

Resource usage summary:

    CPU time :                                   3052.72 sec.
    Max Memory :                                 1978 MB
    Average Memory :                             1679.90 MB
    Total Requested Memory :                     20000.00 MB
    Delta Memory :                               18022.00 MB
    Max Swap :                                   -
    Max Processes :                              5
    Max Threads :                                6
    Run time :                                   3096 sec.
    Turnaround time :                            3108 sec.

The output (if any) is above this job summary.



PS:

Read file <logs/model_fit1.err> for stderr output of this job.

