                      row_labels MENINGIOMA|0 MENINGIOMA|1
1     maxsegrtdose.category|None         5926           34
2   maxsegrtdose.category|>0-<18           83            5
3 maxsegrtdose.category|>=18-<30          904          108
4     maxsegrtdose.category|>=30          774          109
5    epitxn_dose_5.category|None         6874          233
6     epitxn_dose_5.category|1st          270           10
7     epitxn_dose_5.category|2nd          271            6
8     epitxn_dose_5.category|3rd          272            7
  MENINGIOMA|#Total cases
1                    5960
2                      88
3                    1012
4                     883
5                    7107
6                     280
7                     277
8                     279
[1] "maxsegrtdose.category|>0-<18" "epitxn_dose_5.category|2nd"  
[3] "epitxn_dose_5.category|3rd"  

     <18 >=18-<30     >=30 
     967     2863     2330 

Call:
glm(formula = event ~ Meningioma_PRS.tertile.category + AGE_AT_LAST_CONTACT.cs1 + 
    AGE_AT_LAST_CONTACT.cs2 + AGE_AT_LAST_CONTACT.cs3 + AGE_AT_LAST_CONTACT.cs4 + 
    AGE_AT_DIAGNOSIS + gender + maxsegrtdose.category + epitxn_dose_5.category + 
    EAS + AFR + any_chemo_missing + any_rt_missing, family = "poisson", 
    data = dat_all, offset = log(dat_all$PY))

Deviance Residuals: 
    Min       1Q   Median       3Q      Max  
-0.4043  -0.0385  -0.0188  -0.0106   5.2572  

Coefficients:
                                     Estimate Std. Error z value Pr(>|z|)    
(Intercept)                        -1.442e+01  1.888e+00  -7.640 2.17e-14 ***
Meningioma_PRS.tertile.category2nd -1.949e-02  1.345e-01  -0.145 0.884750    
Meningioma_PRS.tertile.category3rd  4.190e-01  2.733e-01   1.533 0.125237    
AGE_AT_LAST_CONTACT.cs1             2.574e-01  1.135e-01   2.269 0.023268 *  
AGE_AT_LAST_CONTACT.cs2            -2.569e-04  4.318e-04  -0.595 0.551903    
AGE_AT_LAST_CONTACT.cs3             2.254e-04  1.485e-03   0.152 0.879383    
AGE_AT_LAST_CONTACT.cs4             5.431e-04  1.541e-03   0.352 0.724535    
AGE_AT_DIAGNOSIS5-9                -5.692e-01  1.537e-01  -3.702 0.000214 ***
AGE_AT_DIAGNOSIS10-14              -1.385e+00  1.902e-01  -7.282 3.30e-13 ***
AGE_AT_DIAGNOSIS>=15               -1.896e+00  2.635e-01  -7.195 6.26e-13 ***
genderFemale                        4.699e-01  1.292e-01   3.638 0.000275 ***
maxsegrtdose.category>=18-<30       2.974e+00  2.324e-01  12.798  < 2e-16 ***
maxsegrtdose.category>=30           3.554e+00  2.332e-01  15.241  < 2e-16 ***
epitxn_dose_5.category1st           1.175e+00  3.286e-01   3.575 0.000350 ***
epitxn_dose_5.category2nd-3rd       6.598e-01  2.899e-01   2.276 0.022863 *  
EAS                                 1.901e-01  5.870e-01   0.324 0.746058    
AFR                                -7.681e-01  6.954e-01  -1.105 0.269309    
any_chemo_missingYes                6.390e-01  3.386e-01   1.887 0.059132 .  
any_rt_missingYes                   1.679e+00  3.995e-01   4.202 2.65e-05 ***
---
Signif. codes:  0 ‘***’ 0.001 ‘**’ 0.01 ‘*’ 0.05 ‘.’ 0.1 ‘ ’ 1

(Dispersion parameter for poisson family taken to be 1)

    Null deviance: 3860.5  on 189241  degrees of freedom
Residual deviance: 3136.4  on 189223  degrees of freedom
  (1683 observations deleted due to missingness)
AIC: 3680.4

Number of Fisher Scoring iterations: 11

[1] 0.08199882
[1] 0.09511462
[1] 0.07269368
[1] 0.110173
[1] 0.05236337
[1] 0.07915194
[1] 0.157485
[1] 0.8641106
[1] 0.8770878
[1] 0.8549037
[1] 0.8702971
[1] 0.8576032
[1] 0.8637053
[1] 0.8986318
[1] 0.8765059
[1] 0.8889239
[1] 0.8676959
[1] 0.8871912
[1] 0.8652665
[1] 0.8756024
[1] 0.9143637
[1] 0.01267173
[1] 0.01376793
[1] 0.01189402
[1] 0.01601957
[1] 0.009150257
[1] 0.01405899
[1] -0.01111093
[1] 0.8782221
[1] 0.8907624
[1] 0.8693254
[1] 0.8890107
[1] 0.866874
[1] 0.8774301
[1] 0.9141509
[1] 1
[1] 2
[1] 3
[1] 4
[1] 5
[1] 6
[1] 7
[1] 8
[1] 9
[1] 10
[1] 11
[1] 12
[1] 13
[1] 14
[1] 15
[1] 16
[1] 17
[1] 18
[1] 19
[1] 20
[1] 21
[1] 22
[1] 23
[1] 24
[1] 25
[1] 26
[1] 27
[1] 28
[1] 29
[1] 30
[1] 31
[1] 32
[1] 33
[1] 34
[1] 35
[1] 36
[1] 37
[1] 38
[1] 39
[1] 40
[1] 41
[1] 42
[1] 43
[1] 44
[1] 45
[1] 46
[1] 47
[1] 48
[1] 49
[1] 50
[1] 51
[1] 52
[1] 53
[1] 54
[1] 55
[1] 56
[1] 57
[1] 58
[1] 59
[1] 60
[1] 61
[1] 62
[1] 63
[1] 64
[1] 65
[1] 66
[1] 67
[1] 68
[1] 69
[1] 70
[1] 71
[1] 72
[1] 73
[1] 74
[1] 75
[1] 76
[1] 77
[1] 78
[1] 79
[1] 80
[1] 81
[1] 82
[1] 83
[1] 84
[1] 85
[1] 86
[1] 87
[1] 88
[1] 89
[1] 90
[1] 91
[1] 92
[1] 93
[1] 94
[1] 95
[1] 96
[1] 97
[1] 98
[1] 99
[1] 100
[1] 101
[1] 102
[1] 103
[1] 104
[1] 105
[1] 106
[1] 107
[1] 108
[1] 109
[1] 110
[1] 111
[1] 112
[1] 113
[1] 114
[1] 115
[1] 116
[1] 117
[1] 118
[1] 119
[1] 120
[1] 121
[1] 122
[1] 123
[1] 124
[1] 125
[1] 126
[1] 127
[1] 128
[1] 129
[1] 130
[1] 131
[1] 132
[1] 133
[1] 134
[1] 135
[1] 136
[1] 137
[1] 138
[1] 139
[1] 140
[1] 141
[1] 142
[1] 143
[1] 144
[1] 145
[1] 146
[1] 147
[1] 148
[1] 149
[1] 150
[1] 151
[1] 152
[1] 153
[1] 154
[1] 155
[1] 156
[1] 157
[1] 158
[1] 159
[1] 160
[1] 161
[1] 162
[1] 163
[1] 164
[1] 165
[1] 166
[1] 167
[1] 168
[1] 169
[1] 170
[1] 171
[1] 172
[1] 173
[1] 174
[1] 175
[1] 176
[1] 177
[1] 178
[1] 179
[1] 180
[1] 181
[1] 182
[1] 183
[1] 184
[1] 185
[1] 186
[1] 187
[1] 188
[1] 189
[1] 190
[1] 191
[1] 192
[1] 193
[1] 194
[1] 195
[1] 196
[1] 197
[1] 198
[1] 199
[1] 200
[1] 201
[1] 202
[1] 203
[1] 204
[1] 205
[1] 206
[1] 207
[1] 208
[1] 209
[1] 210
[1] 211
[1] 212
[1] 213
[1] 214
[1] 215
[1] 216
[1] 217
[1] 218
[1] 219
[1] 220
[1] 221
[1] 222
[1] 223
[1] 224
[1] 225
[1] 226
[1] 227
[1] 228
[1] 229
[1] 230
[1] 231
[1] 232
[1] 233
[1] 234
[1] 235
[1] 236
[1] 237
[1] 238
[1] 239
[1] 240
[1] 241
[1] 242
[1] 243
[1] 244
[1] 245
[1] 246
[1] 247
[1] 248
[1] 249
[1] 250
[1] 251
[1] 252
[1] 253
[1] 254
[1] 255
[1] 256
[1] 257
[1] 258
[1] 259
[1] 260
[1] 261
[1] 262
[1] 263
[1] 264
[1] 265
[1] 266
[1] 267
[1] 268
[1] 269
[1] 270
[1] 271
[1] 272
[1] 273
[1] 274
[1] 275
[1] 276
[1] 277
[1] 278
[1] 279
[1] 280
[1] 281
[1] 282
[1] 283
[1] 284
[1] 285
[1] 286
[1] 287
[1] 288
[1] 289
[1] 290
[1] 291
[1] 292
[1] 293
[1] 294
[1] 295
[1] 296
[1] 297
[1] 298
[1] 299
[1] 300
[1] 301
[1] 302
[1] 303
[1] 304
[1] 305
[1] 306
[1] 307
[1] 308
[1] 309
[1] 310
[1] 311
[1] 312
[1] 313
[1] 314
[1] 315
[1] 316
[1] 317
[1] 318
[1] 319
[1] 320
[1] 321
[1] 322
[1] 323
[1] 324
[1] 325
[1] 326
[1] 327
[1] 328
[1] 329
[1] 330
[1] 331
[1] 332
[1] 333
[1] 334
[1] 335
[1] 336
[1] 337
[1] 338
[1] 339
[1] 340
[1] 341
[1] 342
[1] 343
[1] 344
[1] 345
[1] 346
[1] 347
[1] 348
[1] 349
[1] 350
[1] 351
[1] 352
[1] 353
[1] 354
[1] 355
[1] 356
[1] 357
[1] 358
[1] 359
[1] 360
[1] 361
[1] 362
[1] 363
[1] 364
[1] 365
[1] 366
[1] 367
[1] 368
[1] 369
[1] 370
[1] 371
[1] 372
[1] 373
[1] 374
[1] 375
[1] 376
[1] 377
[1] 378
[1] 379
[1] 380
[1] 381
[1] 382
[1] 383
[1] 384
[1] 385
[1] 386
[1] 387
[1] 388
[1] 389
[1] 390
[1] 391
[1] 392
[1] 393
[1] 394
[1] 395
[1] 396
[1] 397
[1] 398
[1] 399
[1] 400
[1] 401
[1] 402
[1] 403
[1] 404
[1] 405
[1] 406
[1] 407
[1] 408
[1] 409
[1] 410
[1] 411
[1] 412
[1] 413
[1] 414
[1] 415
[1] 416
[1] 417
[1] 418
[1] 419
[1] 420
[1] 421
[1] 422
[1] 423
[1] 424
[1] 425
[1] 426
[1] 427
[1] 428
[1] 429
[1] 430
[1] 431
[1] 432
[1] 433
[1] 434
[1] 435
[1] 436
[1] 437
[1] 438
[1] 439
[1] 440
[1] 441
[1] 442
[1] 443
[1] 444
[1] 445
[1] 446
[1] 447
[1] 448
[1] 449
[1] 450
[1] 451
[1] 452
[1] 453
[1] 454
[1] 455
[1] 456
[1] 457
[1] 458
[1] 459
[1] 460
[1] 461
[1] 462
[1] 463
[1] 464
[1] 465
[1] 466
[1] 467
[1] 468
[1] 469
[1] 470
[1] 471
[1] 472
[1] 473
[1] 474
[1] 475
[1] 476
[1] 477
[1] 478
[1] 479
[1] 480
[1] 481
[1] 482
[1] 483
[1] 484
[1] 485
[1] 486
[1] 487
[1] 488
[1] 489
[1] 490
[1] 491
[1] 492
[1] 493
[1] 494
[1] 495
[1] 496
[1] 497
[1] 498
[1] 499
[1] 500
[1] 501
[1] 502
[1] 503
[1] 504
[1] 505
[1] 506
[1] 507
[1] 508
[1] 509
[1] 510
[1] 511
[1] 512
[1] 513
[1] 514
[1] 515
[1] 516
[1] 517
[1] 518
[1] 519
[1] 520
[1] 521
[1] 522
[1] 523
[1] 524
[1] 525
[1] 526
[1] 527
[1] 528
[1] 529
[1] 530
[1] 531
[1] 532
[1] 533
[1] 534
[1] 535
[1] 536
[1] 537
[1] 538
[1] 539
[1] 540
[1] 541
[1] 542
[1] 543
[1] 544
[1] 545
[1] 546
[1] 547
[1] 548
[1] 549
[1] 550
[1] 551
[1] 552
[1] 553
[1] 554
[1] 555
[1] 556
[1] 557
[1] 558
[1] 559
[1] 560
[1] 561
[1] 562
[1] 563
[1] 564
[1] 565
[1] 566
[1] 567
[1] 568
[1] 569
[1] 570
[1] 571
[1] 572
[1] 573
[1] 574
[1] 575
[1] 576
[1] 577
[1] 578
[1] 579
[1] 580
[1] 581
[1] 582
[1] 583
[1] 584
[1] 585
[1] 586
[1] 587
[1] 588
[1] 589
[1] 590
[1] 591
[1] 592
[1] 593
[1] 594
[1] 595
[1] 596
[1] 597
[1] 598
[1] 599
[1] 600
[1] 601
[1] 602
[1] 603
[1] 604
[1] 605
[1] 606
[1] 607
[1] 608
[1] 609
[1] 610
[1] 611
[1] 612
[1] 613
[1] 614
[1] 615
[1] 616
[1] 617
[1] 618
[1] 619
[1] 620
[1] 621
[1] 622
[1] 623
[1] 624
[1] 625
[1] 626
[1] 627
[1] 628
[1] 629
[1] 630
[1] 631
[1] 632
[1] 633
[1] 634
[1] 635
[1] 636
[1] 637
[1] 638
[1] 639
[1] 640
[1] 641
[1] 642
[1] 643
[1] 644
[1] 645
[1] 646
[1] 647
[1] 648
[1] 649
[1] 650
[1] 651
[1] 652
[1] 653
[1] 654
[1] 655
[1] 656
[1] 657
[1] 658
[1] 659
[1] 660
[1] 661
[1] 662
[1] 663
[1] 664
[1] 665
[1] 666
[1] 667
[1] 668
[1] 669
[1] 670
[1] 671
[1] 672
[1] 673
[1] 674
[1] 675
[1] 676
[1] 677
[1] 678
[1] 679
[1] 680
[1] 681
[1] 682
[1] 683
[1] 684
[1] 685
[1] 686
[1] 687
[1] 688
[1] 689
[1] 690
[1] 691
[1] 692
[1] 693
[1] 694
[1] 695
[1] 696
[1] 697
[1] 698
[1] 699
[1] 700
[1] 701
[1] 702
[1] 703
[1] 704
[1] 705
[1] 706
[1] 707
[1] 708
[1] 709
[1] 710
[1] 711
[1] 712
[1] 713
[1] 714
[1] 715
[1] 716
[1] 717
[1] 718
[1] 719
[1] 720
[1] 721
[1] 722
[1] 723
[1] 724
[1] 725
[1] 726
[1] 727
[1] 728
[1] 729
[1] 730
[1] 731
[1] 732
[1] 733
[1] 734
[1] 735
[1] 736
[1] 737
[1] 738
[1] 739
[1] 740
[1] 741
[1] 742
[1] 743
[1] 744
[1] 745
[1] 746
[1] 747
[1] 748
[1] 749
[1] 750
[1] 751
[1] 752
[1] 753
[1] 754
[1] 755
[1] 756
[1] 757
[1] 758
[1] 759
[1] 760
[1] 761
[1] 762
[1] 763
[1] 764
[1] 765
[1] 766
[1] 767
[1] 768
[1] 769
[1] 770
[1] 771
[1] 772
[1] 773
[1] 774
[1] 775
[1] 776
[1] 777
[1] 778
[1] 779
[1] 780
[1] 781
[1] 782
[1] 783
[1] 784
[1] 785
[1] 786
[1] 787
[1] 788
[1] 789
[1] 790
[1] 791
[1] 792
[1] 793
[1] 794
[1] 795
[1] 796
[1] 797
[1] 798
[1] 799
[1] 800
[1] 801
[1] 802
[1] 803
[1] 804
[1] 805
[1] 806
[1] 807
[1] 808
[1] 809
[1] 810
[1] 811
[1] 812
[1] 813
[1] 814
[1] 815
[1] 816
[1] 817
[1] 818
[1] 819
[1] 820
[1] 821
[1] 822
[1] 823
[1] 824
[1] 825
[1] 826
[1] 827
[1] 828
[1] 829
[1] 830
[1] 831
[1] 832
[1] 833
[1] 834
[1] 835
[1] 836
[1] 837
[1] 838
[1] 839
[1] 840
[1] 841
[1] 842
[1] 843
[1] 844
[1] 845
[1] 846
[1] 847
[1] 848
[1] 849
[1] 850
[1] 851
[1] 852
[1] 853
[1] 854
[1] 855
[1] 856
[1] 857
[1] 858
[1] 859
[1] 860
[1] 861
[1] 862
[1] 863
[1] 864
[1] 865
[1] 866
[1] 867
[1] 868
[1] 869
[1] 870
[1] 871
[1] 872
[1] 873
[1] 874
[1] 875
[1] 876
[1] 877
[1] 878
[1] 879
[1] 880
[1] 881
[1] 882
[1] 883
[1] 884
[1] 885
[1] 886
[1] 887
[1] 888
[1] 889
[1] 890
[1] 891
[1] 892
[1] 893
[1] 894
[1] 895
[1] 896
[1] 897
[1] 898
[1] 899
[1] 900
[1] 901
[1] 902
[1] 903
[1] 904
[1] 905
[1] 906
[1] 907
[1] 908
[1] 909
[1] 910
[1] 911
[1] 912
[1] 913
[1] 914
[1] 915
[1] 916
[1] 917
[1] 918
[1] 919
[1] 920
[1] 921
[1] 922
[1] 923
[1] 924
[1] 925
[1] 926
[1] 927
[1] 928
[1] 929
[1] 930
[1] 931
[1] 932
[1] 933
[1] 934
[1] 935
[1] 936
[1] 937
[1] 938
[1] 939
[1] 940
[1] 941
[1] 942
[1] 943
[1] 944
[1] 945
[1] 946
[1] 947
[1] 948
[1] 949
[1] 950
[1] 951
[1] 952
[1] 953
[1] 954
[1] 955
[1] 956
[1] 957
[1] 958
[1] 959
[1] 960
[1] 961
[1] 962
[1] 963
[1] 964
[1] 965
[1] 966
[1] 967
[1] 968
[1] 969
[1] 970
[1] 971
[1] 972
[1] 973
[1] 974
[1] 975
[1] 976
[1] 977
[1] 978
[1] 979
[1] 980
[1] 981
[1] 982
[1] 983
[1] 984
[1] 985
[1] 986
[1] 987
[1] 988
[1] 989
[1] 990
[1] 991
[1] 992
[1] 993
[1] 994
[1] 995
[1] 996
[1] 997
[1] 998
[1] 999
[1] 1000

Call:
glm(formula = event ~ Meningioma_PRS.tertile.category + AGE_AT_LAST_CONTACT.cs1 + 
    AGE_AT_LAST_CONTACT.cs2 + AGE_AT_LAST_CONTACT.cs3 + AGE_AT_LAST_CONTACT.cs4 + 
    AGE_AT_DIAGNOSIS + gender + maxsegrtdose.category + epitxn_dose_5.category + 
    EAS + AFR + any_chemo_missing + any_rt_missing + maxsegrtdose.category * 
    Meningioma_PRS.tertile.category + epitxn_dose_5.category * 
    Meningioma_PRS.tertile.category, family = "poisson", data = dat_all, 
    offset = log(dat_all$PY))

Deviance Residuals: 
    Min       1Q   Median       3Q      Max  
-0.4348  -0.0384  -0.0186  -0.0102   5.2011  

Coefficients:
                                                                   Estimate
(Intercept)                                                      -1.453e+01
Meningioma_PRS.tertile.category2nd                                3.841e-01
Meningioma_PRS.tertile.category3rd                               -1.265e+01
AGE_AT_LAST_CONTACT.cs1                                           2.572e-01
AGE_AT_LAST_CONTACT.cs2                                          -2.554e-04
AGE_AT_LAST_CONTACT.cs3                                           2.186e-04
AGE_AT_LAST_CONTACT.cs4                                           5.528e-04
AGE_AT_DIAGNOSIS5-9                                              -5.740e-01
AGE_AT_DIAGNOSIS10-14                                            -1.381e+00
AGE_AT_DIAGNOSIS>=15                                             -1.891e+00
genderFemale                                                      4.648e-01
maxsegrtdose.category>=18-<30                                     3.085e+00
maxsegrtdose.category>=30                                         3.672e+00
epitxn_dose_5.category1st                                         1.423e+00
epitxn_dose_5.category2nd-3rd                                     6.834e-01
EAS                                                               2.865e-01
AFR                                                              -7.428e-01
any_chemo_missingYes                                              6.648e-01
any_rt_missingYes                                                 1.658e+00
Meningioma_PRS.tertile.category2nd:maxsegrtdose.category>=18-<30 -3.955e-01
Meningioma_PRS.tertile.category3rd:maxsegrtdose.category>=18-<30  1.299e+01
Meningioma_PRS.tertile.category2nd:maxsegrtdose.category>=30     -4.982e-01
Meningioma_PRS.tertile.category3rd:maxsegrtdose.category>=30      1.344e+01
Meningioma_PRS.tertile.category2nd:epitxn_dose_5.category1st     -8.518e-01
Meningioma_PRS.tertile.category3rd:epitxn_dose_5.category1st     -1.327e+01
Meningioma_PRS.tertile.category2nd:epitxn_dose_5.category2nd-3rd -1.531e-01
Meningioma_PRS.tertile.category3rd:epitxn_dose_5.category2nd-3rd  1.228e-01
                                                                 Std. Error
(Intercept)                                                       1.894e+00
Meningioma_PRS.tertile.category2nd                                3.264e-01
Meningioma_PRS.tertile.category3rd                                2.893e+02
AGE_AT_LAST_CONTACT.cs1                                           1.135e-01
AGE_AT_LAST_CONTACT.cs2                                           4.319e-04
AGE_AT_LAST_CONTACT.cs3                                           1.486e-03
AGE_AT_LAST_CONTACT.cs4                                           1.542e-03
AGE_AT_DIAGNOSIS5-9                                               1.541e-01
AGE_AT_DIAGNOSIS10-14                                             1.912e-01
AGE_AT_DIAGNOSIS>=15                                              2.649e-01
genderFemale                                                      1.298e-01
maxsegrtdose.category>=18-<30                                     2.979e-01
maxsegrtdose.category>=30                                         2.960e-01
epitxn_dose_5.category1st                                         3.692e-01
epitxn_dose_5.category2nd-3rd                                     4.224e-01
EAS                                                               5.901e-01
AFR                                                               6.960e-01
any_chemo_missingYes                                              3.400e-01
any_rt_missingYes                                                 4.004e-01
Meningioma_PRS.tertile.category2nd:maxsegrtdose.category>=18-<30  3.822e-01
Meningioma_PRS.tertile.category3rd:maxsegrtdose.category>=18-<30  2.893e+02
Meningioma_PRS.tertile.category2nd:maxsegrtdose.category>=30      3.883e-01
Meningioma_PRS.tertile.category3rd:maxsegrtdose.category>=30      2.893e+02
Meningioma_PRS.tertile.category2nd:epitxn_dose_5.category1st      8.077e-01
Meningioma_PRS.tertile.category3rd:epitxn_dose_5.category1st      1.339e+03
Meningioma_PRS.tertile.category2nd:epitxn_dose_5.category2nd-3rd  6.226e-01
Meningioma_PRS.tertile.category3rd:epitxn_dose_5.category2nd-3rd  8.782e-01
                                                                 z value
(Intercept)                                                       -7.673
Meningioma_PRS.tertile.category2nd                                 1.177
Meningioma_PRS.tertile.category3rd                                -0.044
AGE_AT_LAST_CONTACT.cs1                                            2.267
AGE_AT_LAST_CONTACT.cs2                                           -0.591
AGE_AT_LAST_CONTACT.cs3                                            0.147
AGE_AT_LAST_CONTACT.cs4                                            0.358
AGE_AT_DIAGNOSIS5-9                                               -3.724
AGE_AT_DIAGNOSIS10-14                                             -7.223
AGE_AT_DIAGNOSIS>=15                                              -7.138
genderFemale                                                       3.581
maxsegrtdose.category>=18-<30                                     10.356
maxsegrtdose.category>=30                                         12.406
epitxn_dose_5.category1st                                          3.854
epitxn_dose_5.category2nd-3rd                                      1.618
EAS                                                                0.485
AFR                                                               -1.067
any_chemo_missingYes                                               1.955
any_rt_missingYes                                                  4.142
Meningioma_PRS.tertile.category2nd:maxsegrtdose.category>=18-<30  -1.035
Meningioma_PRS.tertile.category3rd:maxsegrtdose.category>=18-<30   0.045
Meningioma_PRS.tertile.category2nd:maxsegrtdose.category>=30      -1.283
Meningioma_PRS.tertile.category3rd:maxsegrtdose.category>=30       0.046
Meningioma_PRS.tertile.category2nd:epitxn_dose_5.category1st      -1.055
Meningioma_PRS.tertile.category3rd:epitxn_dose_5.category1st      -0.010
Meningioma_PRS.tertile.category2nd:epitxn_dose_5.category2nd-3rd  -0.246
Meningioma_PRS.tertile.category3rd:epitxn_dose_5.category2nd-3rd   0.140
                                                                 Pr(>|z|)    
(Intercept)                                                      1.68e-14 ***
Meningioma_PRS.tertile.category2nd                               0.239303    
Meningioma_PRS.tertile.category3rd                               0.965105    
AGE_AT_LAST_CONTACT.cs1                                          0.023416 *  
AGE_AT_LAST_CONTACT.cs2                                          0.554380    
AGE_AT_LAST_CONTACT.cs3                                          0.883035    
AGE_AT_LAST_CONTACT.cs4                                          0.719993    
AGE_AT_DIAGNOSIS5-9                                              0.000196 ***
AGE_AT_DIAGNOSIS10-14                                            5.07e-13 ***
AGE_AT_DIAGNOSIS>=15                                             9.48e-13 ***
genderFemale                                                     0.000342 ***
maxsegrtdose.category>=18-<30                                     < 2e-16 ***
maxsegrtdose.category>=30                                         < 2e-16 ***
epitxn_dose_5.category1st                                        0.000116 ***
epitxn_dose_5.category2nd-3rd                                    0.105692    
EAS                                                              0.627356    
AFR                                                              0.285870    
any_chemo_missingYes                                             0.050558 .  
any_rt_missingYes                                                3.44e-05 ***
Meningioma_PRS.tertile.category2nd:maxsegrtdose.category>=18-<30 0.300668    
Meningioma_PRS.tertile.category3rd:maxsegrtdose.category>=18-<30 0.964191    
Meningioma_PRS.tertile.category2nd:maxsegrtdose.category>=30     0.199491    
Meningioma_PRS.tertile.category3rd:maxsegrtdose.category>=30     0.962927    
Meningioma_PRS.tertile.category2nd:epitxn_dose_5.category1st     0.291580    
Meningioma_PRS.tertile.category3rd:epitxn_dose_5.category1st     0.992092    
Meningioma_PRS.tertile.category2nd:epitxn_dose_5.category2nd-3rd 0.805713    
Meningioma_PRS.tertile.category3rd:epitxn_dose_5.category2nd-3rd 0.888837    
---
Signif. codes:  0 ‘***’ 0.001 ‘**’ 0.01 ‘*’ 0.05 ‘.’ 0.1 ‘ ’ 1

(Dispersion parameter for poisson family taken to be 1)

    Null deviance: 3860.5  on 189241  degrees of freedom
Residual deviance: 3126.8  on 189215  degrees of freedom
  (1683 observations deleted due to missingness)
AIC: 3686.8

Number of Fisher Scoring iterations: 19

                                                                      Estimate
(Intercept)                                                      -1.453198e+01
Meningioma_PRS.tertile.category2nd                                3.841199e-01
Meningioma_PRS.tertile.category3rd                               -1.265431e+01
AGE_AT_LAST_CONTACT.cs1                                           2.571654e-01
AGE_AT_LAST_CONTACT.cs2                                          -2.553531e-04
AGE_AT_LAST_CONTACT.cs3                                           2.186237e-04
AGE_AT_LAST_CONTACT.cs4                                           5.527522e-04
AGE_AT_DIAGNOSIS5-9                                              -5.740381e-01
AGE_AT_DIAGNOSIS10-14                                            -1.381309e+00
AGE_AT_DIAGNOSIS>=15                                             -1.890900e+00
genderFemale                                                      4.648191e-01
maxsegrtdose.category>=18-<30                                     3.085473e+00
maxsegrtdose.category>=30                                         3.671976e+00
epitxn_dose_5.category1st                                         1.423107e+00
epitxn_dose_5.category2nd-3rd                                     6.833696e-01
EAS                                                               2.864570e-01
AFR                                                              -7.427787e-01
any_chemo_missingYes                                              6.648433e-01
any_rt_missingYes                                                 1.658475e+00
Meningioma_PRS.tertile.category2nd:maxsegrtdose.category>=18-<30 -3.955441e-01
Meningioma_PRS.tertile.category3rd:maxsegrtdose.category>=18-<30  1.298613e+01
Meningioma_PRS.tertile.category2nd:maxsegrtdose.category>=30     -4.982441e-01
Meningioma_PRS.tertile.category3rd:maxsegrtdose.category>=30      1.344468e+01
Meningioma_PRS.tertile.category2nd:epitxn_dose_5.category1st     -8.518061e-01
Meningioma_PRS.tertile.category3rd:epitxn_dose_5.category1st     -1.327343e+01
Meningioma_PRS.tertile.category2nd:epitxn_dose_5.category2nd-3rd -1.531401e-01
Meningioma_PRS.tertile.category3rd:epitxn_dose_5.category2nd-3rd  1.227558e-01
                                                                   Std. Error
(Intercept)                                                      1.893949e+00
Meningioma_PRS.tertile.category2nd                               3.264298e-01
Meningioma_PRS.tertile.category3rd                               2.892515e+02
AGE_AT_LAST_CONTACT.cs1                                          1.134598e-01
AGE_AT_LAST_CONTACT.cs2                                          4.319160e-04
AGE_AT_LAST_CONTACT.cs3                                          1.485990e-03
AGE_AT_LAST_CONTACT.cs4                                          1.541982e-03
AGE_AT_DIAGNOSIS5-9                                              1.541498e-01
AGE_AT_DIAGNOSIS10-14                                            1.912289e-01
AGE_AT_DIAGNOSIS>=15                                             2.649107e-01
genderFemale                                                     1.297922e-01
maxsegrtdose.category>=18-<30                                    2.979470e-01
maxsegrtdose.category>=30                                        2.959901e-01
epitxn_dose_5.category1st                                        3.692119e-01
epitxn_dose_5.category2nd-3rd                                    4.223900e-01
EAS                                                              5.900829e-01
AFR                                                              6.959907e-01
any_chemo_missingYes                                             3.400367e-01
any_rt_missingYes                                                4.003565e-01
Meningioma_PRS.tertile.category2nd:maxsegrtdose.category>=18-<30 3.821671e-01
Meningioma_PRS.tertile.category3rd:maxsegrtdose.category>=18-<30 2.892519e+02
Meningioma_PRS.tertile.category2nd:maxsegrtdose.category>=30     3.883424e-01
Meningioma_PRS.tertile.category3rd:maxsegrtdose.category>=30     2.892518e+02
Meningioma_PRS.tertile.category2nd:epitxn_dose_5.category1st     8.076585e-01
Meningioma_PRS.tertile.category3rd:epitxn_dose_5.category1st     1.339201e+03
Meningioma_PRS.tertile.category2nd:epitxn_dose_5.category2nd-3rd 6.226214e-01
Meningioma_PRS.tertile.category3rd:epitxn_dose_5.category2nd-3rd 8.782358e-01
                                                                      z value
(Intercept)                                                      -7.672846313
Meningioma_PRS.tertile.category2nd                                1.176730541
Meningioma_PRS.tertile.category3rd                               -0.043748447
AGE_AT_LAST_CONTACT.cs1                                           2.266576379
AGE_AT_LAST_CONTACT.cs2                                          -0.591210103
AGE_AT_LAST_CONTACT.cs3                                           0.147123285
AGE_AT_LAST_CONTACT.cs4                                           0.358468676
AGE_AT_DIAGNOSIS5-9                                              -3.723898266
AGE_AT_DIAGNOSIS10-14                                            -7.223326355
AGE_AT_DIAGNOSIS>=15                                             -7.137877381
genderFemale                                                      3.581257596
maxsegrtdose.category>=18-<30                                    10.355778819
maxsegrtdose.category>=30                                        12.405739646
epitxn_dose_5.category1st                                         3.854444822
epitxn_dose_5.category2nd-3rd                                     1.617864124
EAS                                                               0.485452154
AFR                                                              -1.067224977
any_chemo_missingYes                                              1.955210201
any_rt_missingYes                                                 4.142495392
Meningioma_PRS.tertile.category2nd:maxsegrtdose.category>=18-<30 -1.035003015
Meningioma_PRS.tertile.category3rd:maxsegrtdose.category>=18-<30  0.044895582
Meningioma_PRS.tertile.category2nd:maxsegrtdose.category>=30     -1.283002073
Meningioma_PRS.tertile.category3rd:maxsegrtdose.category>=30      0.046480880
Meningioma_PRS.tertile.category2nd:epitxn_dose_5.category1st     -1.054661223
Meningioma_PRS.tertile.category3rd:epitxn_dose_5.category1st     -0.009911453
Meningioma_PRS.tertile.category2nd:epitxn_dose_5.category2nd-3rd -0.245960247
Meningioma_PRS.tertile.category3rd:epitxn_dose_5.category2nd-3rd  0.139775427
                                                                     Pr(>|z|)
(Intercept)                                                      1.682210e-14
Meningioma_PRS.tertile.category2nd                               2.393031e-01
Meningioma_PRS.tertile.category3rd                               9.651049e-01
AGE_AT_LAST_CONTACT.cs1                                          2.341612e-02
AGE_AT_LAST_CONTACT.cs2                                          5.543797e-01
AGE_AT_LAST_CONTACT.cs3                                          8.830347e-01
AGE_AT_LAST_CONTACT.cs4                                          7.199926e-01
AGE_AT_DIAGNOSIS5-9                                              1.961700e-04
AGE_AT_DIAGNOSIS10-14                                            5.073107e-13
AGE_AT_DIAGNOSIS>=15                                             9.478312e-13
genderFemale                                                     3.419443e-04
maxsegrtdose.category>=18-<30                                    3.939671e-25
maxsegrtdose.category>=30                                        2.432560e-35
epitxn_dose_5.category1st                                        1.159925e-04
epitxn_dose_5.category2nd-3rd                                    1.056919e-01
EAS                                                              6.273556e-01
AFR                                                              2.858703e-01
any_chemo_missingYes                                             5.055826e-02
any_rt_missingYes                                                3.435473e-05
Meningioma_PRS.tertile.category2nd:maxsegrtdose.category>=18-<30 3.006675e-01
Meningioma_PRS.tertile.category3rd:maxsegrtdose.category>=18-<30 9.641905e-01
Meningioma_PRS.tertile.category2nd:maxsegrtdose.category>=30     1.994913e-01
Meningioma_PRS.tertile.category3rd:maxsegrtdose.category>=30     9.629270e-01
Meningioma_PRS.tertile.category2nd:epitxn_dose_5.category1st     2.915803e-01
Meningioma_PRS.tertile.category3rd:epitxn_dose_5.category1st     9.920919e-01
Meningioma_PRS.tertile.category2nd:epitxn_dose_5.category2nd-3rd 8.057130e-01
Meningioma_PRS.tertile.category3rd:epitxn_dose_5.category2nd-3rd 8.888374e-01
                                                                 Estimate
(Intercept)                                                      -14.5320
Meningioma_PRS.tertile.category2nd                                 0.3841
Meningioma_PRS.tertile.category3rd                               -12.6543
AGE_AT_LAST_CONTACT.cs1                                            0.2572
AGE_AT_LAST_CONTACT.cs2                                           -0.0003
AGE_AT_LAST_CONTACT.cs3                                            0.0002
AGE_AT_LAST_CONTACT.cs4                                            0.0006
AGE_AT_DIAGNOSIS5-9                                               -0.5740
AGE_AT_DIAGNOSIS10-14                                             -1.3813
AGE_AT_DIAGNOSIS>=15                                              -1.8909
genderFemale                                                       0.4648
maxsegrtdose.category>=18-<30                                      3.0855
maxsegrtdose.category>=30                                          3.6720
epitxn_dose_5.category1st                                          1.4231
epitxn_dose_5.category2nd-3rd                                      0.6834
EAS                                                                0.2865
AFR                                                               -0.7428
any_chemo_missingYes                                               0.6648
any_rt_missingYes                                                  1.6585
Meningioma_PRS.tertile.category2nd:maxsegrtdose.category>=18-<30  -0.3955
Meningioma_PRS.tertile.category3rd:maxsegrtdose.category>=18-<30  12.9861
Meningioma_PRS.tertile.category2nd:maxsegrtdose.category>=30      -0.4982
Meningioma_PRS.tertile.category3rd:maxsegrtdose.category>=30      13.4447
Meningioma_PRS.tertile.category2nd:epitxn_dose_5.category1st      -0.8518
Meningioma_PRS.tertile.category3rd:epitxn_dose_5.category1st     -13.2734
Meningioma_PRS.tertile.category2nd:epitxn_dose_5.category2nd-3rd  -0.1531
Meningioma_PRS.tertile.category3rd:epitxn_dose_5.category2nd-3rd   0.1228
                                                                 Std. Error
(Intercept)                                                          1.8939
Meningioma_PRS.tertile.category2nd                                   0.3264
Meningioma_PRS.tertile.category3rd                                 289.2515
AGE_AT_LAST_CONTACT.cs1                                              0.1135
AGE_AT_LAST_CONTACT.cs2                                              0.0004
AGE_AT_LAST_CONTACT.cs3                                              0.0015
AGE_AT_LAST_CONTACT.cs4                                              0.0015
AGE_AT_DIAGNOSIS5-9                                                  0.1541
AGE_AT_DIAGNOSIS10-14                                                0.1912
AGE_AT_DIAGNOSIS>=15                                                 0.2649
genderFemale                                                         0.1298
maxsegrtdose.category>=18-<30                                        0.2979
maxsegrtdose.category>=30                                            0.2960
epitxn_dose_5.category1st                                            0.3692
epitxn_dose_5.category2nd-3rd                                        0.4224
EAS                                                                  0.5901
AFR                                                                  0.6960
any_chemo_missingYes                                                 0.3400
any_rt_missingYes                                                    0.4004
Meningioma_PRS.tertile.category2nd:maxsegrtdose.category>=18-<30     0.3822
Meningioma_PRS.tertile.category3rd:maxsegrtdose.category>=18-<30   289.2519
Meningioma_PRS.tertile.category2nd:maxsegrtdose.category>=30         0.3883
Meningioma_PRS.tertile.category3rd:maxsegrtdose.category>=30       289.2518
Meningioma_PRS.tertile.category2nd:epitxn_dose_5.category1st         0.8077
Meningioma_PRS.tertile.category3rd:epitxn_dose_5.category1st      1339.2008
Meningioma_PRS.tertile.category2nd:epitxn_dose_5.category2nd-3rd     0.6226
Meningioma_PRS.tertile.category3rd:epitxn_dose_5.category2nd-3rd     0.8782
                                                                 z value
(Intercept)                                                      -7.6728
Meningioma_PRS.tertile.category2nd                                1.1767
Meningioma_PRS.tertile.category3rd                               -0.0437
AGE_AT_LAST_CONTACT.cs1                                           2.2666
AGE_AT_LAST_CONTACT.cs2                                          -0.5912
AGE_AT_LAST_CONTACT.cs3                                           0.1471
AGE_AT_LAST_CONTACT.cs4                                           0.3585
AGE_AT_DIAGNOSIS5-9                                              -3.7239
AGE_AT_DIAGNOSIS10-14                                            -7.2233
AGE_AT_DIAGNOSIS>=15                                             -7.1379
genderFemale                                                      3.5813
maxsegrtdose.category>=18-<30                                    10.3558
maxsegrtdose.category>=30                                        12.4057
epitxn_dose_5.category1st                                         3.8544
epitxn_dose_5.category2nd-3rd                                     1.6179
EAS                                                               0.4855
AFR                                                              -1.0672
any_chemo_missingYes                                              1.9552
any_rt_missingYes                                                 4.1425
Meningioma_PRS.tertile.category2nd:maxsegrtdose.category>=18-<30 -1.0350
Meningioma_PRS.tertile.category3rd:maxsegrtdose.category>=18-<30  0.0449
Meningioma_PRS.tertile.category2nd:maxsegrtdose.category>=30     -1.2830
Meningioma_PRS.tertile.category3rd:maxsegrtdose.category>=30      0.0465
Meningioma_PRS.tertile.category2nd:epitxn_dose_5.category1st     -1.0547
Meningioma_PRS.tertile.category3rd:epitxn_dose_5.category1st     -0.0099
Meningioma_PRS.tertile.category2nd:epitxn_dose_5.category2nd-3rd -0.2460
Meningioma_PRS.tertile.category3rd:epitxn_dose_5.category2nd-3rd  0.1398
                                                                 Pr(>|z|)
(Intercept)                                                        0.0000
Meningioma_PRS.tertile.category2nd                                 0.2393
Meningioma_PRS.tertile.category3rd                                 0.9651
AGE_AT_LAST_CONTACT.cs1                                            0.0234
AGE_AT_LAST_CONTACT.cs2                                            0.5544
AGE_AT_LAST_CONTACT.cs3                                            0.8830
AGE_AT_LAST_CONTACT.cs4                                            0.7200
AGE_AT_DIAGNOSIS5-9                                                0.0002
AGE_AT_DIAGNOSIS10-14                                              0.0000
AGE_AT_DIAGNOSIS>=15                                               0.0000
genderFemale                                                       0.0003
maxsegrtdose.category>=18-<30                                      0.0000
maxsegrtdose.category>=30                                          0.0000
epitxn_dose_5.category1st                                          0.0001
epitxn_dose_5.category2nd-3rd                                      0.1057
EAS                                                                0.6274
AFR                                                                0.2859
any_chemo_missingYes                                               0.0506
any_rt_missingYes                                                  0.0000
Meningioma_PRS.tertile.category2nd:maxsegrtdose.category>=18-<30   0.3007
Meningioma_PRS.tertile.category3rd:maxsegrtdose.category>=18-<30   0.9642
Meningioma_PRS.tertile.category2nd:maxsegrtdose.category>=30       0.1995
Meningioma_PRS.tertile.category3rd:maxsegrtdose.category>=30       0.9629
Meningioma_PRS.tertile.category2nd:epitxn_dose_5.category1st       0.2916
Meningioma_PRS.tertile.category3rd:epitxn_dose_5.category1st       0.9921
Meningioma_PRS.tertile.category2nd:epitxn_dose_5.category2nd-3rd   0.8057
Meningioma_PRS.tertile.category3rd:epitxn_dose_5.category2nd-3rd   0.8888

------------------------------------------------------------
Sender: LSF System <lsfadmin@noderome112>
Subject: Job 247104236: <model_fit6_20250121_131137> in cluster <hpcf_research_cluster> Exited

Job <model_fit6_20250121_131137> was submitted from host <splprhpc11> by user <aneupane> in cluster <hpcf_research_cluster> at Tue Jan 21 13:11:42 2025
Job was executed on host(s) <noderome112>, in queue <priority>, as user <aneupane> in cluster <hpcf_research_cluster> at Tue Jan 21 13:11:53 2025
</home/aneupane> was used as the home directory.
</home/aneupane/St_Jude/Achal_St_Jude/rcodes/attributable_fraction_R_codes/V21b_Lancet_Revision_HPC/21b/CCSS/Without_lifestyle/models/with_collapsed_categories> was used as the working directory.
Started at Tue Jan 21 13:11:53 2025
Terminated at Tue Jan 21 14:01:10 2025
Results reported at Tue Jan 21 14:01:10 2025

Your job looked like:

------------------------------------------------------------
# LSBATCH: User input
bash -c "module load R/4.2.2 && Rscript 6.model_fit_MENINGIOMA.R"
------------------------------------------------------------

Exited with exit code 1.

Resource usage summary:

    CPU time :                                   2932.44 sec.
    Max Memory :                                 1992 MB
    Average Memory :                             1694.77 MB
    Total Requested Memory :                     20000.00 MB
    Delta Memory :                               18008.00 MB
    Max Swap :                                   -
    Max Processes :                              3
    Max Threads :                                5
    Run time :                                   2957 sec.
    Turnaround time :                            2968 sec.

The output (if any) is above this job summary.



PS:

Read file <logs/model_fit6_20250121_131137.err> for stderr output of this job.

