
------------------------------------------------------------
Sender: LSF System <lsfadmin@noderome308>
Subject: Job 248242431: <model_fit5_20250204_102544> in cluster <hpcf_research_cluster> Exited

Job <model_fit5_20250204_102544> was submitted from host <splprhpc12> by user <aneupane> in cluster <hpcf_research_cluster> at Tue Feb  4 10:25:44 2025
Job was executed on host(s) <noderome308>, in queue <priority>, as user <aneupane> in cluster <hpcf_research_cluster> at Tue Feb  4 10:25:46 2025
</home/aneupane> was used as the home directory.
</home/aneupane/St_Jude/Achal_St_Jude/rcodes/attributable_fraction_R_codes/V21b_Lancet_Revision/21b_HPC/21b/SJLIFE/With_lifestyle_and_HEI/HEI2015_score_grouped/models_fit/with_collapsed_categories/diet> was used as the working directory.
Started at Tue Feb  4 10:25:46 2025
Terminated at Tue Feb  4 10:25:50 2025
Results reported at Tue Feb  4 10:25:50 2025

Your job looked like:

------------------------------------------------------------
# LSBATCH: User input
bash -c "module load R/4.2.2 && Rscript 5.model_fit_THYROIDcancer.R"
------------------------------------------------------------

Exited with exit code 1.

Resource usage summary:

    CPU time :                                   0.47 sec.
    Max Memory :                                 29 MB
    Average Memory :                             20.00 MB
    Total Requested Memory :                     20000.00 MB
    Delta Memory :                               19971.00 MB
    Max Swap :                                   -
    Max Processes :                              3
    Max Threads :                                4
    Run time :                                   4 sec.
    Turnaround time :                            6 sec.

The output (if any) is above this job summary.



PS:

Read file <logs/model_fit5_20250204_102544.err> for stderr output of this job.

