                      row_labels MENINGIOMA|0 MENINGIOMA|1
1     maxsegrtdose.category|None         3298            9
2   maxsegrtdose.category|>0-<18           16            2
3 maxsegrtdose.category|>=18-<30          466          102
4     maxsegrtdose.category|>=30          472           36
5    epitxn_dose_5.category|None         2840           75
6     epitxn_dose_5.category|1st          465           31
7     epitxn_dose_5.category|2nd          479           16
8     epitxn_dose_5.category|3rd          468           27
  MENINGIOMA|#Total cases
1                    3307
2                      18
3                     568
4                     508
5                    2915
6                     496
7                     495
8                     495
[1] "maxsegrtdose.category|None"   "maxsegrtdose.category|>0-<18"

     <18 >=18-<30     >=30 
     310     2872      691 

Call:
glm(formula = event ~ Meningioma_PRS.tertile.category + AGE_AT_LAST_CONTACT.cs1 + 
    AGE_AT_LAST_CONTACT.cs2 + AGE_AT_LAST_CONTACT.cs3 + AGE_AT_LAST_CONTACT.cs4 + 
    AGE_AT_DIAGNOSIS + gender + maxsegrtdose.category + epitxn_dose_5.category + 
    EAS + AFR + any_chemo_missing + any_rt_missing, family = "poisson", 
    data = dat_all, offset = log(dat_all$PY))

Deviance Residuals: 
    Min       1Q   Median       3Q      Max  
-0.4260  -0.0429  -0.0161  -0.0093   4.6047  

Coefficients:
                                     Estimate Std. Error z value Pr(>|z|)    
(Intercept)                        -9.940e+00  1.557e+00  -6.383 1.74e-10 ***
Meningioma_PRS.tertile.category2nd -3.852e-01  1.800e-01  -2.140 0.032348 *  
Meningioma_PRS.tertile.category3rd  1.606e-01  3.712e-01   0.433 0.665243    
AGE_AT_LAST_CONTACT.cs1            -3.617e-02  1.101e-01  -0.329 0.742418    
AGE_AT_LAST_CONTACT.cs2             5.977e-04  5.594e-04   1.069 0.285283    
AGE_AT_LAST_CONTACT.cs3            -1.481e-03  1.651e-03  -0.897 0.369665    
AGE_AT_LAST_CONTACT.cs4             9.258e-04  1.698e-03   0.545 0.585663    
AGE_AT_DIAGNOSIS5-9                -1.709e-01  1.981e-01  -0.862 0.388472    
AGE_AT_DIAGNOSIS10-14              -5.052e-01  2.378e-01  -2.124 0.033674 *  
AGE_AT_DIAGNOSIS>=15               -1.557e+00  4.151e-01  -3.751 0.000176 ***
genderFemale                        4.557e-01  1.676e-01   2.720 0.006536 ** 
maxsegrtdose.category>=18-<30       3.275e+00  3.751e-01   8.732  < 2e-16 ***
maxsegrtdose.category>=30           3.650e+00  3.929e-01   9.291  < 2e-16 ***
epitxn_dose_5.category1st           1.213e+00  2.207e-01   5.495 3.91e-08 ***
epitxn_dose_5.category2nd-3rd       4.118e-01  2.120e-01   1.942 0.052095 .  
EAS                                -1.878e+00  2.042e+00  -0.920 0.357756    
AFR                                -3.594e-01  3.832e-01  -0.938 0.348293    
any_chemo_missingYes               -1.180e+01  3.852e+02  -0.031 0.975556    
any_rt_missingYes                   2.713e+00  6.813e-01   3.982 6.82e-05 ***
---
Signif. codes:  0 ‘***’ 0.001 ‘**’ 0.01 ‘*’ 0.05 ‘.’ 0.1 ‘ ’ 1

(Dispersion parameter for poisson family taken to be 1)

    Null deviance: 2241.9  on 93163  degrees of freedom
Residual deviance: 1802.0  on 93145  degrees of freedom
  (60 observations deleted due to missingness)
AIC: 2138

Number of Fisher Scoring iterations: 16

[1] 0.2413863
[1] 0.2373398
[1] 0.2444332
[1] 0.2870214
[1] 0.2047575
[1] 0.2402928
[1] 0.2421437
[1] 0.9128047
[1] 0.9166168
[1] 0.9099343
[1] 0.9041246
[1] 0.9197717
[1] 0.9155787
[1] 0.8758254
[1] 0.9297908
[1] 0.9322362
[1] 0.9279495
[1] 0.9291814
[1] 0.9302799
[1] 0.9321506
[1] 0.8961474
[1] -0.1434045
[1] -0.1535967
[1] -0.1357303
[1] -0.1367679
[1] -0.1487313
[1] -0.1425274
[1] -0.1458547
[1] 0.9199543
[1] 0.9221932
[1] 0.9182686
[1] 0.9195252
[1] 0.9202988
[1] 0.9228658
[1] 0.8801065
[1] 1
[1] 2
[1] 3
[1] 4
[1] 5
[1] 6
[1] 7
[1] 8
[1] 9
[1] 10
[1] 11
[1] 12
[1] 13
[1] 14
[1] 15
[1] 16
[1] 17
[1] 18
[1] 19
[1] 20
[1] 21
[1] 22
[1] 23
[1] 24
[1] 25
[1] 26
[1] 27
[1] 28
[1] 29
[1] 30
[1] 31
[1] 32
[1] 33
[1] 34
[1] 35
[1] 36
[1] 37
[1] 38
[1] 39
[1] 40
[1] 41
[1] 42
[1] 43
[1] 44
[1] 45
[1] 46
[1] 47
[1] 48
[1] 49
[1] 50
[1] 51
[1] 52
[1] 53
[1] 54
[1] 55
[1] 56
[1] 57
[1] 58
[1] 59
[1] 60
[1] 61
[1] 62
[1] 63
[1] 64
[1] 65
[1] 66
[1] 67
[1] 68
[1] 69
[1] 70
[1] 71
[1] 72
[1] 73
[1] 74
[1] 75
[1] 76
[1] 77
[1] 78
[1] 79
[1] 80
[1] 81
[1] 82
[1] 83
[1] 84
[1] 85
[1] 86
[1] 87
[1] 88
[1] 89
[1] 90
[1] 91
[1] 92
[1] 93
[1] 94
[1] 95
[1] 96
[1] 97
[1] 98
[1] 99
[1] 100
[1] 101
[1] 102
[1] 103
[1] 104
[1] 105
[1] 106
[1] 107
[1] 108
[1] 109
[1] 110
[1] 111
[1] 112
[1] 113
[1] 114
[1] 115
[1] 116
[1] 117
[1] 118
[1] 119
[1] 120
[1] 121
[1] 122
[1] 123
[1] 124
[1] 125
[1] 126
[1] 127
[1] 128
[1] 129
[1] 130
[1] 131
[1] 132
[1] 133
[1] 134
[1] 135
[1] 136
[1] 137
[1] 138
[1] 139
[1] 140
[1] 141
[1] 142
[1] 143
[1] 144
[1] 145
[1] 146
[1] 147
[1] 148
[1] 149
[1] 150
[1] 151
[1] 152
[1] 153
[1] 154
[1] 155
[1] 156
[1] 157
[1] 158
[1] 159
[1] 160
[1] 161
[1] 162
[1] 163
[1] 164
[1] 165
[1] 166
[1] 167
[1] 168
[1] 169
[1] 170
[1] 171
[1] 172
[1] 173
[1] 174
[1] 175
[1] 176
[1] 177
[1] 178
[1] 179
[1] 180
[1] 181
[1] 182
[1] 183
[1] 184
[1] 185
[1] 186
[1] 187
[1] 188
[1] 189
[1] 190
[1] 191
[1] 192
[1] 193
[1] 194
[1] 195
[1] 196
[1] 197
[1] 198
[1] 199
[1] 200
[1] 201
[1] 202
[1] 203
[1] 204
[1] 205
[1] 206
[1] 207
[1] 208
[1] 209
[1] 210
[1] 211
[1] 212
[1] 213
[1] 214
[1] 215
[1] 216
[1] 217
[1] 218
[1] 219
[1] 220
[1] 221
[1] 222
[1] 223
[1] 224
[1] 225
[1] 226
[1] 227
[1] 228
[1] 229
[1] 230
[1] 231
[1] 232
[1] 233
[1] 234
[1] 235
[1] 236
[1] 237
[1] 238
[1] 239
[1] 240
[1] 241
[1] 242
[1] 243
[1] 244
[1] 245
[1] 246
[1] 247
[1] 248
[1] 249
[1] 250
[1] 251
[1] 252
[1] 253
[1] 254
[1] 255
[1] 256
[1] 257
[1] 258
[1] 259
[1] 260
[1] 261
[1] 262
[1] 263
[1] 264
[1] 265
[1] 266
[1] 267
[1] 268
[1] 269
[1] 270
[1] 271
[1] 272
[1] 273
[1] 274
[1] 275
[1] 276
[1] 277
[1] 278
[1] 279
[1] 280
[1] 281
[1] 282
[1] 283
[1] 284
[1] 285
[1] 286
[1] 287
[1] 288
[1] 289
[1] 290
[1] 291
[1] 292
[1] 293
[1] 294
[1] 295
[1] 296
[1] 297
[1] 298
[1] 299
[1] 300
[1] 301
[1] 302
[1] 303
[1] 304
[1] 305
[1] 306
[1] 307
[1] 308
[1] 309
[1] 310
[1] 311
[1] 312
[1] 313
[1] 314
[1] 315
[1] 316
[1] 317
[1] 318
[1] 319
[1] 320
[1] 321
[1] 322
[1] 323
[1] 324
[1] 325
[1] 326
[1] 327
[1] 328
[1] 329
[1] 330
[1] 331
[1] 332
[1] 333
[1] 334
[1] 335
[1] 336
[1] 337
[1] 338
[1] 339
[1] 340
[1] 341
[1] 342
[1] 343
[1] 344
[1] 345
[1] 346
[1] 347
[1] 348
[1] 349
[1] 350
[1] 351
[1] 352
[1] 353
[1] 354
[1] 355
[1] 356
[1] 357
[1] 358
[1] 359
[1] 360
[1] 361
[1] 362
[1] 363
[1] 364
[1] 365
[1] 366
[1] 367
[1] 368
[1] 369
[1] 370
[1] 371
[1] 372
[1] 373
[1] 374
[1] 375
[1] 376
[1] 377
[1] 378
[1] 379
[1] 380
[1] 381
[1] 382
[1] 383
[1] 384
[1] 385
[1] 386
[1] 387
[1] 388
[1] 389
[1] 390
[1] 391
[1] 392
[1] 393
[1] 394
[1] 395
[1] 396
[1] 397
[1] 398
[1] 399
[1] 400
[1] 401
[1] 402
[1] 403
[1] 404
[1] 405
[1] 406
[1] 407
[1] 408
[1] 409
[1] 410
[1] 411
[1] 412
[1] 413
[1] 414
[1] 415
[1] 416
[1] 417
[1] 418
[1] 419
[1] 420
[1] 421
[1] 422
[1] 423
[1] 424
[1] 425
[1] 426
[1] 427
[1] 428
[1] 429
[1] 430
[1] 431
[1] 432
[1] 433
[1] 434
[1] 435
[1] 436
[1] 437
[1] 438
[1] 439
[1] 440
[1] 441
[1] 442
[1] 443
[1] 444
[1] 445
[1] 446
[1] 447
[1] 448
[1] 449
[1] 450
[1] 451
[1] 452
[1] 453
[1] 454
[1] 455
[1] 456
[1] 457
[1] 458
[1] 459
[1] 460
[1] 461
[1] 462
[1] 463
[1] 464
[1] 465
[1] 466
[1] 467
[1] 468
[1] 469
[1] 470
[1] 471
[1] 472
[1] 473
[1] 474
[1] 475
[1] 476
[1] 477
[1] 478
[1] 479
[1] 480
[1] 481
[1] 482
[1] 483
[1] 484
[1] 485
[1] 486
[1] 487
[1] 488
[1] 489
[1] 490
[1] 491
[1] 492
[1] 493
[1] 494
[1] 495
[1] 496
[1] 497
[1] 498
[1] 499
[1] 500
[1] 501
[1] 502
[1] 503
[1] 504
[1] 505
[1] 506
[1] 507
[1] 508
[1] 509
[1] 510
[1] 511
[1] 512
[1] 513
[1] 514
[1] 515
[1] 516
[1] 517
[1] 518
[1] 519
[1] 520
[1] 521
[1] 522
[1] 523
[1] 524
[1] 525
[1] 526
[1] 527
[1] 528
[1] 529
[1] 530
[1] 531
[1] 532
[1] 533
[1] 534
[1] 535
[1] 536
[1] 537
[1] 538
[1] 539
[1] 540
[1] 541
[1] 542
[1] 543
[1] 544
[1] 545
[1] 546
[1] 547
[1] 548
[1] 549
[1] 550
[1] 551
[1] 552
[1] 553
[1] 554
[1] 555
[1] 556
[1] 557
[1] 558
[1] 559
[1] 560
[1] 561
[1] 562
[1] 563
[1] 564
[1] 565
[1] 566
[1] 567
[1] 568
[1] 569
[1] 570
[1] 571
[1] 572
[1] 573
[1] 574
[1] 575
[1] 576
[1] 577
[1] 578
[1] 579
[1] 580
[1] 581
[1] 582
[1] 583
[1] 584
[1] 585
[1] 586
[1] 587
[1] 588
[1] 589
[1] 590
[1] 591
[1] 592
[1] 593
[1] 594
[1] 595
[1] 596
[1] 597
[1] 598
[1] 599
[1] 600
[1] 601
[1] 602
[1] 603
[1] 604
[1] 605
[1] 606
[1] 607
[1] 608
[1] 609
[1] 610
[1] 611
[1] 612
[1] 613
[1] 614
[1] 615
[1] 616
[1] 617
[1] 618
[1] 619
[1] 620
[1] 621
[1] 622
[1] 623
[1] 624
[1] 625
[1] 626
[1] 627
[1] 628
[1] 629
[1] 630
[1] 631
[1] 632
[1] 633
[1] 634
[1] 635
[1] 636
[1] 637
[1] 638
[1] 639
[1] 640
[1] 641
[1] 642
[1] 643
[1] 644
[1] 645
[1] 646
[1] 647
[1] 648
[1] 649
[1] 650
[1] 651
[1] 652
[1] 653
[1] 654
[1] 655
[1] 656
[1] 657
[1] 658
[1] 659
[1] 660
[1] 661
[1] 662
[1] 663
[1] 664
[1] 665
[1] 666
[1] 667
[1] 668
[1] 669
[1] 670
[1] 671
[1] 672
[1] 673
[1] 674
[1] 675
[1] 676
[1] 677
[1] 678
[1] 679
[1] 680
[1] 681
[1] 682
[1] 683
[1] 684
[1] 685
[1] 686
[1] 687
[1] 688
[1] 689
[1] 690
[1] 691
[1] 692
[1] 693
[1] 694
[1] 695
[1] 696
[1] 697
[1] 698
[1] 699
[1] 700
[1] 701
[1] 702
[1] 703
[1] 704
[1] 705
[1] 706
[1] 707
[1] 708
[1] 709
[1] 710
[1] 711
[1] 712
[1] 713
[1] 714
[1] 715
[1] 716
[1] 717
[1] 718
[1] 719
[1] 720
[1] 721
[1] 722
[1] 723
[1] 724
[1] 725
[1] 726
[1] 727
[1] 728
[1] 729
[1] 730
[1] 731
[1] 732
[1] 733
[1] 734
[1] 735
[1] 736
[1] 737
[1] 738
[1] 739
[1] 740
[1] 741
[1] 742
[1] 743
[1] 744
[1] 745
[1] 746
[1] 747
[1] 748
[1] 749
[1] 750
[1] 751
[1] 752
[1] 753
[1] 754
[1] 755
[1] 756
[1] 757
[1] 758
[1] 759
[1] 760
[1] 761
[1] 762
[1] 763
[1] 764
[1] 765
[1] 766
[1] 767
[1] 768
[1] 769
[1] 770
[1] 771
[1] 772
[1] 773
[1] 774
[1] 775
[1] 776
[1] 777
[1] 778
[1] 779
[1] 780
[1] 781
[1] 782
[1] 783
[1] 784
[1] 785
[1] 786
[1] 787
[1] 788
[1] 789
[1] 790
[1] 791
[1] 792
[1] 793
[1] 794
[1] 795
[1] 796
[1] 797
[1] 798
[1] 799
[1] 800
[1] 801
[1] 802
[1] 803
[1] 804
[1] 805
[1] 806
[1] 807
[1] 808
[1] 809
[1] 810
[1] 811
[1] 812
[1] 813
[1] 814
[1] 815
[1] 816
[1] 817
[1] 818
[1] 819
[1] 820
[1] 821
[1] 822
[1] 823
[1] 824
[1] 825
[1] 826
[1] 827
[1] 828
[1] 829
[1] 830
[1] 831
[1] 832
[1] 833
[1] 834
[1] 835
[1] 836
[1] 837
[1] 838
[1] 839
[1] 840
[1] 841
[1] 842
[1] 843
[1] 844
[1] 845
[1] 846
[1] 847
[1] 848
[1] 849
[1] 850
[1] 851
[1] 852
[1] 853
[1] 854
[1] 855
[1] 856
[1] 857
[1] 858
[1] 859
[1] 860
[1] 861
[1] 862
[1] 863
[1] 864
[1] 865
[1] 866
[1] 867
[1] 868
[1] 869
[1] 870
[1] 871
[1] 872
[1] 873
[1] 874
[1] 875
[1] 876
[1] 877
[1] 878
[1] 879
[1] 880
[1] 881
[1] 882
[1] 883
[1] 884
[1] 885
[1] 886
[1] 887
[1] 888
[1] 889
[1] 890
[1] 891
[1] 892
[1] 893
[1] 894
[1] 895
[1] 896
[1] 897
[1] 898
[1] 899
[1] 900
[1] 901
[1] 902
[1] 903
[1] 904
[1] 905
[1] 906
[1] 907
[1] 908
[1] 909
[1] 910
[1] 911
[1] 912
[1] 913
[1] 914
[1] 915
[1] 916
[1] 917
[1] 918
[1] 919
[1] 920
[1] 921
[1] 922
[1] 923
[1] 924
[1] 925
[1] 926
[1] 927
[1] 928
[1] 929
[1] 930
[1] 931
[1] 932
[1] 933
[1] 934
[1] 935
[1] 936
[1] 937
[1] 938
[1] 939
[1] 940
[1] 941
[1] 942
[1] 943
[1] 944
[1] 945
[1] 946
[1] 947
[1] 948
[1] 949
[1] 950
[1] 951
[1] 952
[1] 953
[1] 954
[1] 955
[1] 956
[1] 957
[1] 958
[1] 959
[1] 960
[1] 961
[1] 962
[1] 963
[1] 964
[1] 965
[1] 966
[1] 967
[1] 968
[1] 969
[1] 970
[1] 971
[1] 972
[1] 973
[1] 974
[1] 975
[1] 976
[1] 977
[1] 978
[1] 979
[1] 980
[1] 981
[1] 982
[1] 983
[1] 984
[1] 985
[1] 986
[1] 987
[1] 988
[1] 989
[1] 990
[1] 991
[1] 992
[1] 993
[1] 994
[1] 995
[1] 996
[1] 997
[1] 998
[1] 999
[1] 1000

Call:
glm(formula = event ~ Meningioma_PRS.tertile.category + AGE_AT_LAST_CONTACT.cs1 + 
    AGE_AT_LAST_CONTACT.cs2 + AGE_AT_LAST_CONTACT.cs3 + AGE_AT_LAST_CONTACT.cs4 + 
    AGE_AT_DIAGNOSIS + gender + maxsegrtdose.category + epitxn_dose_5.category + 
    EAS + AFR + any_chemo_missing + any_rt_missing + maxsegrtdose.category * 
    Meningioma_PRS.tertile.category + epitxn_dose_5.category * 
    Meningioma_PRS.tertile.category, family = "poisson", data = dat_all, 
    offset = log(dat_all$PY))

Deviance Residuals: 
    Min       1Q   Median       3Q      Max  
-0.4855  -0.0421  -0.0150  -0.0084   4.5346  

Coefficients:
                                                                   Estimate
(Intercept)                                                      -1.018e+01
Meningioma_PRS.tertile.category2nd                               -3.939e-01
Meningioma_PRS.tertile.category3rd                                1.915e+00
AGE_AT_LAST_CONTACT.cs1                                          -3.316e-02
AGE_AT_LAST_CONTACT.cs2                                           5.825e-04
AGE_AT_LAST_CONTACT.cs3                                          -1.427e-03
AGE_AT_LAST_CONTACT.cs4                                           8.610e-04
AGE_AT_DIAGNOSIS5-9                                              -1.721e-01
AGE_AT_DIAGNOSIS10-14                                            -4.868e-01
AGE_AT_DIAGNOSIS>=15                                             -1.580e+00
genderFemale                                                      4.710e-01
maxsegrtdose.category>=18-<30                                     3.434e+00
maxsegrtdose.category>=30                                         3.569e+00
epitxn_dose_5.category1st                                         1.241e+00
epitxn_dose_5.category2nd-3rd                                     6.058e-01
EAS                                                              -1.936e+00
AFR                                                              -3.308e-01
any_chemo_missingYes                                             -1.364e+01
any_rt_missingYes                                                 2.692e+00
Meningioma_PRS.tertile.category2nd:maxsegrtdose.category>=18-<30 -7.281e-02
Meningioma_PRS.tertile.category3rd:maxsegrtdose.category>=18-<30 -1.701e+00
Meningioma_PRS.tertile.category2nd:maxsegrtdose.category>=30      6.669e-01
Meningioma_PRS.tertile.category3rd:maxsegrtdose.category>=30     -1.680e+00
Meningioma_PRS.tertile.category2nd:epitxn_dose_5.category1st     -1.362e-01
Meningioma_PRS.tertile.category3rd:epitxn_dose_5.category1st      7.779e-01
Meningioma_PRS.tertile.category2nd:epitxn_dose_5.category2nd-3rd -2.815e-01
Meningioma_PRS.tertile.category3rd:epitxn_dose_5.category2nd-3rd -1.449e+01
                                                                 Std. Error
(Intercept)                                                       1.580e+00
Meningioma_PRS.tertile.category2nd                                7.186e-01
Meningioma_PRS.tertile.category3rd                                8.332e-01
AGE_AT_LAST_CONTACT.cs1                                           1.099e-01
AGE_AT_LAST_CONTACT.cs2                                           5.585e-04
AGE_AT_LAST_CONTACT.cs3                                           1.649e-03
AGE_AT_LAST_CONTACT.cs4                                           1.698e-03
AGE_AT_DIAGNOSIS5-9                                               1.984e-01
AGE_AT_DIAGNOSIS10-14                                             2.390e-01
AGE_AT_DIAGNOSIS>=15                                              4.165e-01
genderFemale                                                      1.703e-01
maxsegrtdose.category>=18-<30                                     4.643e-01
maxsegrtdose.category>=30                                         5.021e-01
epitxn_dose_5.category1st                                         2.969e-01
epitxn_dose_5.category2nd-3rd                                     2.527e-01
EAS                                                               2.069e+00
AFR                                                               3.836e-01
any_chemo_missingYes                                              1.044e+03
any_rt_missingYes                                                 6.836e-01
Meningioma_PRS.tertile.category2nd:maxsegrtdose.category>=18-<30  7.530e-01
Meningioma_PRS.tertile.category3rd:maxsegrtdose.category>=18-<30  9.894e-01
Meningioma_PRS.tertile.category2nd:maxsegrtdose.category>=30      7.903e-01
Meningioma_PRS.tertile.category3rd:maxsegrtdose.category>=30      1.132e+00
Meningioma_PRS.tertile.category2nd:epitxn_dose_5.category1st      4.618e-01
Meningioma_PRS.tertile.category3rd:epitxn_dose_5.category1st      8.068e-01
Meningioma_PRS.tertile.category2nd:epitxn_dose_5.category2nd-3rd  4.441e-01
Meningioma_PRS.tertile.category3rd:epitxn_dose_5.category2nd-3rd  4.221e+02
                                                                 z value
(Intercept)                                                       -6.447
Meningioma_PRS.tertile.category2nd                                -0.548
Meningioma_PRS.tertile.category3rd                                 2.298
AGE_AT_LAST_CONTACT.cs1                                           -0.302
AGE_AT_LAST_CONTACT.cs2                                            1.043
AGE_AT_LAST_CONTACT.cs3                                           -0.865
AGE_AT_LAST_CONTACT.cs4                                            0.507
AGE_AT_DIAGNOSIS5-9                                               -0.867
AGE_AT_DIAGNOSIS10-14                                             -2.037
AGE_AT_DIAGNOSIS>=15                                              -3.794
genderFemale                                                       2.765
maxsegrtdose.category>=18-<30                                      7.397
maxsegrtdose.category>=30                                          7.108
epitxn_dose_5.category1st                                          4.180
epitxn_dose_5.category2nd-3rd                                      2.398
EAS                                                               -0.936
AFR                                                               -0.862
any_chemo_missingYes                                              -0.013
any_rt_missingYes                                                  3.939
Meningioma_PRS.tertile.category2nd:maxsegrtdose.category>=18-<30  -0.097
Meningioma_PRS.tertile.category3rd:maxsegrtdose.category>=18-<30  -1.719
Meningioma_PRS.tertile.category2nd:maxsegrtdose.category>=30       0.844
Meningioma_PRS.tertile.category3rd:maxsegrtdose.category>=30      -1.484
Meningioma_PRS.tertile.category2nd:epitxn_dose_5.category1st      -0.295
Meningioma_PRS.tertile.category3rd:epitxn_dose_5.category1st       0.964
Meningioma_PRS.tertile.category2nd:epitxn_dose_5.category2nd-3rd  -0.634
Meningioma_PRS.tertile.category3rd:epitxn_dose_5.category2nd-3rd  -0.034
                                                                 Pr(>|z|)    
(Intercept)                                                      1.14e-10 ***
Meningioma_PRS.tertile.category2nd                               0.583586    
Meningioma_PRS.tertile.category3rd                               0.021553 *  
AGE_AT_LAST_CONTACT.cs1                                          0.762761    
AGE_AT_LAST_CONTACT.cs2                                          0.296968    
AGE_AT_LAST_CONTACT.cs3                                          0.386845    
AGE_AT_LAST_CONTACT.cs4                                          0.612036    
AGE_AT_DIAGNOSIS5-9                                              0.385887    
AGE_AT_DIAGNOSIS10-14                                            0.041685 *  
AGE_AT_DIAGNOSIS>=15                                             0.000148 ***
genderFemale                                                     0.005684 ** 
maxsegrtdose.category>=18-<30                                    1.39e-13 ***
maxsegrtdose.category>=30                                        1.18e-12 ***
epitxn_dose_5.category1st                                        2.91e-05 ***
epitxn_dose_5.category2nd-3rd                                    0.016506 *  
EAS                                                              0.349279    
AFR                                                              0.388464    
any_chemo_missingYes                                             0.989579    
any_rt_missingYes                                                8.19e-05 ***
Meningioma_PRS.tertile.category2nd:maxsegrtdose.category>=18-<30 0.922970    
Meningioma_PRS.tertile.category3rd:maxsegrtdose.category>=18-<30 0.085653 .  
Meningioma_PRS.tertile.category2nd:maxsegrtdose.category>=30     0.398745    
Meningioma_PRS.tertile.category3rd:maxsegrtdose.category>=30     0.137677    
Meningioma_PRS.tertile.category2nd:epitxn_dose_5.category1st     0.768082    
Meningioma_PRS.tertile.category3rd:epitxn_dose_5.category1st     0.334966    
Meningioma_PRS.tertile.category2nd:epitxn_dose_5.category2nd-3rd 0.526146    
Meningioma_PRS.tertile.category3rd:epitxn_dose_5.category2nd-3rd 0.972622    
---
Signif. codes:  0 ‘***’ 0.001 ‘**’ 0.01 ‘*’ 0.05 ‘.’ 0.1 ‘ ’ 1

(Dispersion parameter for poisson family taken to be 1)

    Null deviance: 2241.9  on 93163  degrees of freedom
Residual deviance: 1786.3  on 93137  degrees of freedom
  (60 observations deleted due to missingness)
AIC: 2138.3

Number of Fisher Scoring iterations: 18

                                                                      Estimate
(Intercept)                                                      -1.018338e+01
Meningioma_PRS.tertile.category2nd                               -3.939236e-01
Meningioma_PRS.tertile.category3rd                                1.914838e+00
AGE_AT_LAST_CONTACT.cs1                                          -3.316307e-02
AGE_AT_LAST_CONTACT.cs2                                           5.824721e-04
AGE_AT_LAST_CONTACT.cs3                                          -1.426505e-03
AGE_AT_LAST_CONTACT.cs4                                           8.609538e-04
AGE_AT_DIAGNOSIS5-9                                              -1.720603e-01
AGE_AT_DIAGNOSIS10-14                                            -4.867606e-01
AGE_AT_DIAGNOSIS>=15                                             -1.580152e+00
genderFemale                                                      4.710354e-01
maxsegrtdose.category>=18-<30                                     3.434446e+00
maxsegrtdose.category>=30                                         3.568562e+00
epitxn_dose_5.category1st                                         1.241005e+00
epitxn_dose_5.category2nd-3rd                                     6.057824e-01
EAS                                                              -1.936376e+00
AFR                                                              -3.308080e-01
any_chemo_missingYes                                             -1.363924e+01
any_rt_missingYes                                                 2.692403e+00
Meningioma_PRS.tertile.category2nd:maxsegrtdose.category>=18-<30 -7.280570e-02
Meningioma_PRS.tertile.category3rd:maxsegrtdose.category>=18-<30 -1.700603e+00
Meningioma_PRS.tertile.category2nd:maxsegrtdose.category>=30      6.669451e-01
Meningioma_PRS.tertile.category3rd:maxsegrtdose.category>=30     -1.680254e+00
Meningioma_PRS.tertile.category2nd:epitxn_dose_5.category1st     -1.361676e-01
Meningioma_PRS.tertile.category3rd:epitxn_dose_5.category1st      7.779034e-01
Meningioma_PRS.tertile.category2nd:epitxn_dose_5.category2nd-3rd -2.815225e-01
Meningioma_PRS.tertile.category3rd:epitxn_dose_5.category2nd-3rd -1.448795e+01
                                                                   Std. Error
(Intercept)                                                      1.579522e+00
Meningioma_PRS.tertile.category2nd                               7.186362e-01
Meningioma_PRS.tertile.category3rd                               8.332046e-01
AGE_AT_LAST_CONTACT.cs1                                          1.098633e-01
AGE_AT_LAST_CONTACT.cs2                                          5.584816e-04
AGE_AT_LAST_CONTACT.cs3                                          1.648464e-03
AGE_AT_LAST_CONTACT.cs4                                          1.697566e-03
AGE_AT_DIAGNOSIS5-9                                              1.984318e-01
AGE_AT_DIAGNOSIS10-14                                            2.390006e-01
AGE_AT_DIAGNOSIS>=15                                             4.165199e-01
genderFemale                                                     1.703268e-01
maxsegrtdose.category>=18-<30                                    4.643126e-01
maxsegrtdose.category>=30                                        5.020786e-01
epitxn_dose_5.category1st                                        2.968662e-01
epitxn_dose_5.category2nd-3rd                                    2.526692e-01
EAS                                                              2.068802e+00
AFR                                                              3.835869e-01
any_chemo_missingYes                                             1.044218e+03
any_rt_missingYes                                                6.835622e-01
Meningioma_PRS.tertile.category2nd:maxsegrtdose.category>=18-<30 7.529602e-01
Meningioma_PRS.tertile.category3rd:maxsegrtdose.category>=18-<30 9.894195e-01
Meningioma_PRS.tertile.category2nd:maxsegrtdose.category>=30     7.903454e-01
Meningioma_PRS.tertile.category3rd:maxsegrtdose.category>=30     1.131867e+00
Meningioma_PRS.tertile.category2nd:epitxn_dose_5.category1st     4.617665e-01
Meningioma_PRS.tertile.category3rd:epitxn_dose_5.category1st     8.068211e-01
Meningioma_PRS.tertile.category2nd:epitxn_dose_5.category2nd-3rd 4.441121e-01
Meningioma_PRS.tertile.category3rd:epitxn_dose_5.category2nd-3rd 4.221413e+02
                                                                     z value
(Intercept)                                                      -6.44713056
Meningioma_PRS.tertile.category2nd                               -0.54815442
Meningioma_PRS.tertile.category3rd                                2.29816106
AGE_AT_LAST_CONTACT.cs1                                          -0.30185753
AGE_AT_LAST_CONTACT.cs2                                           1.04295681
AGE_AT_LAST_CONTACT.cs3                                          -0.86535393
AGE_AT_LAST_CONTACT.cs4                                           0.50716945
AGE_AT_DIAGNOSIS5-9                                              -0.86710010
AGE_AT_DIAGNOSIS10-14                                            -2.03664981
AGE_AT_DIAGNOSIS>=15                                             -3.79370042
genderFemale                                                      2.76547939
maxsegrtdose.category>=18-<30                                     7.39683959
maxsegrtdose.category>=30                                         7.10757713
epitxn_dose_5.category1st                                         4.18035043
epitxn_dose_5.category2nd-3rd                                     2.39753131
EAS                                                              -0.93598907
AFR                                                              -0.86240703
any_chemo_missingYes                                             -0.01306168
any_rt_missingYes                                                 3.93878216
Meningioma_PRS.tertile.category2nd:maxsegrtdose.category>=18-<30 -0.09669262
Meningioma_PRS.tertile.category3rd:maxsegrtdose.category>=18-<30 -1.71878817
Meningioma_PRS.tertile.category2nd:maxsegrtdose.category>=30      0.84386533
Meningioma_PRS.tertile.category3rd:maxsegrtdose.category>=30     -1.48449770
Meningioma_PRS.tertile.category2nd:epitxn_dose_5.category1st     -0.29488416
Meningioma_PRS.tertile.category3rd:epitxn_dose_5.category1st      0.96415847
Meningioma_PRS.tertile.category2nd:epitxn_dose_5.category2nd-3rd -0.63389951
Meningioma_PRS.tertile.category3rd:epitxn_dose_5.category2nd-3rd -0.03432014
                                                                     Pr(>|z|)
(Intercept)                                                      1.139876e-10
Meningioma_PRS.tertile.category2nd                               5.835859e-01
Meningioma_PRS.tertile.category3rd                               2.155262e-02
AGE_AT_LAST_CONTACT.cs1                                          7.627607e-01
AGE_AT_LAST_CONTACT.cs2                                          2.969683e-01
AGE_AT_LAST_CONTACT.cs3                                          3.868446e-01
AGE_AT_LAST_CONTACT.cs4                                          6.120359e-01
AGE_AT_DIAGNOSIS5-9                                              3.858872e-01
AGE_AT_DIAGNOSIS10-14                                            4.168515e-02
AGE_AT_DIAGNOSIS>=15                                             1.484187e-04
genderFemale                                                     5.683920e-03
maxsegrtdose.category>=18-<30                                    1.394639e-13
maxsegrtdose.category>=30                                        1.180977e-12
epitxn_dose_5.category1st                                        2.910602e-05
epitxn_dose_5.category2nd-3rd                                    1.650597e-02
EAS                                                              3.492788e-01
AFR                                                              3.884636e-01
any_chemo_missingYes                                             9.895786e-01
any_rt_missingYes                                                8.189624e-05
Meningioma_PRS.tertile.category2nd:maxsegrtdose.category>=18-<30 9.229705e-01
Meningioma_PRS.tertile.category3rd:maxsegrtdose.category>=18-<30 8.565295e-02
Meningioma_PRS.tertile.category2nd:maxsegrtdose.category>=30     3.987447e-01
Meningioma_PRS.tertile.category3rd:maxsegrtdose.category>=30     1.376769e-01
Meningioma_PRS.tertile.category2nd:epitxn_dose_5.category1st     7.680824e-01
Meningioma_PRS.tertile.category3rd:epitxn_dose_5.category1st     3.349665e-01
Meningioma_PRS.tertile.category2nd:epitxn_dose_5.category2nd-3rd 5.261464e-01
Meningioma_PRS.tertile.category3rd:epitxn_dose_5.category2nd-3rd 9.726219e-01
                                                                 Estimate
(Intercept)                                                      -10.1834
Meningioma_PRS.tertile.category2nd                                -0.3939
Meningioma_PRS.tertile.category3rd                                 1.9148
AGE_AT_LAST_CONTACT.cs1                                           -0.0332
AGE_AT_LAST_CONTACT.cs2                                            0.0006
AGE_AT_LAST_CONTACT.cs3                                           -0.0014
AGE_AT_LAST_CONTACT.cs4                                            0.0009
AGE_AT_DIAGNOSIS5-9                                               -0.1721
AGE_AT_DIAGNOSIS10-14                                             -0.4868
AGE_AT_DIAGNOSIS>=15                                              -1.5802
genderFemale                                                       0.4710
maxsegrtdose.category>=18-<30                                      3.4344
maxsegrtdose.category>=30                                          3.5686
epitxn_dose_5.category1st                                          1.2410
epitxn_dose_5.category2nd-3rd                                      0.6058
EAS                                                               -1.9364
AFR                                                               -0.3308
any_chemo_missingYes                                             -13.6392
any_rt_missingYes                                                  2.6924
Meningioma_PRS.tertile.category2nd:maxsegrtdose.category>=18-<30  -0.0728
Meningioma_PRS.tertile.category3rd:maxsegrtdose.category>=18-<30  -1.7006
Meningioma_PRS.tertile.category2nd:maxsegrtdose.category>=30       0.6669
Meningioma_PRS.tertile.category3rd:maxsegrtdose.category>=30      -1.6803
Meningioma_PRS.tertile.category2nd:epitxn_dose_5.category1st      -0.1362
Meningioma_PRS.tertile.category3rd:epitxn_dose_5.category1st       0.7779
Meningioma_PRS.tertile.category2nd:epitxn_dose_5.category2nd-3rd  -0.2815
Meningioma_PRS.tertile.category3rd:epitxn_dose_5.category2nd-3rd -14.4879
                                                                 Std. Error
(Intercept)                                                          1.5795
Meningioma_PRS.tertile.category2nd                                   0.7186
Meningioma_PRS.tertile.category3rd                                   0.8332
AGE_AT_LAST_CONTACT.cs1                                              0.1099
AGE_AT_LAST_CONTACT.cs2                                              0.0006
AGE_AT_LAST_CONTACT.cs3                                              0.0016
AGE_AT_LAST_CONTACT.cs4                                              0.0017
AGE_AT_DIAGNOSIS5-9                                                  0.1984
AGE_AT_DIAGNOSIS10-14                                                0.2390
AGE_AT_DIAGNOSIS>=15                                                 0.4165
genderFemale                                                         0.1703
maxsegrtdose.category>=18-<30                                        0.4643
maxsegrtdose.category>=30                                            0.5021
epitxn_dose_5.category1st                                            0.2969
epitxn_dose_5.category2nd-3rd                                        0.2527
EAS                                                                  2.0688
AFR                                                                  0.3836
any_chemo_missingYes                                              1044.2183
any_rt_missingYes                                                    0.6836
Meningioma_PRS.tertile.category2nd:maxsegrtdose.category>=18-<30     0.7530
Meningioma_PRS.tertile.category3rd:maxsegrtdose.category>=18-<30     0.9894
Meningioma_PRS.tertile.category2nd:maxsegrtdose.category>=30         0.7903
Meningioma_PRS.tertile.category3rd:maxsegrtdose.category>=30         1.1319
Meningioma_PRS.tertile.category2nd:epitxn_dose_5.category1st         0.4618
Meningioma_PRS.tertile.category3rd:epitxn_dose_5.category1st         0.8068
Meningioma_PRS.tertile.category2nd:epitxn_dose_5.category2nd-3rd     0.4441
Meningioma_PRS.tertile.category3rd:epitxn_dose_5.category2nd-3rd   422.1413
                                                                 z value
(Intercept)                                                      -6.4471
Meningioma_PRS.tertile.category2nd                               -0.5482
Meningioma_PRS.tertile.category3rd                                2.2982
AGE_AT_LAST_CONTACT.cs1                                          -0.3019
AGE_AT_LAST_CONTACT.cs2                                           1.0430
AGE_AT_LAST_CONTACT.cs3                                          -0.8654
AGE_AT_LAST_CONTACT.cs4                                           0.5072
AGE_AT_DIAGNOSIS5-9                                              -0.8671
AGE_AT_DIAGNOSIS10-14                                            -2.0366
AGE_AT_DIAGNOSIS>=15                                             -3.7937
genderFemale                                                      2.7655
maxsegrtdose.category>=18-<30                                     7.3968
maxsegrtdose.category>=30                                         7.1076
epitxn_dose_5.category1st                                         4.1804
epitxn_dose_5.category2nd-3rd                                     2.3975
EAS                                                              -0.9360
AFR                                                              -0.8624
any_chemo_missingYes                                             -0.0131
any_rt_missingYes                                                 3.9388
Meningioma_PRS.tertile.category2nd:maxsegrtdose.category>=18-<30 -0.0967
Meningioma_PRS.tertile.category3rd:maxsegrtdose.category>=18-<30 -1.7188
Meningioma_PRS.tertile.category2nd:maxsegrtdose.category>=30      0.8439
Meningioma_PRS.tertile.category3rd:maxsegrtdose.category>=30     -1.4845
Meningioma_PRS.tertile.category2nd:epitxn_dose_5.category1st     -0.2949
Meningioma_PRS.tertile.category3rd:epitxn_dose_5.category1st      0.9642
Meningioma_PRS.tertile.category2nd:epitxn_dose_5.category2nd-3rd -0.6339
Meningioma_PRS.tertile.category3rd:epitxn_dose_5.category2nd-3rd -0.0343
                                                                 Pr(>|z|)
(Intercept)                                                        0.0000
Meningioma_PRS.tertile.category2nd                                 0.5836
Meningioma_PRS.tertile.category3rd                                 0.0216
AGE_AT_LAST_CONTACT.cs1                                            0.7628
AGE_AT_LAST_CONTACT.cs2                                            0.2970
AGE_AT_LAST_CONTACT.cs3                                            0.3868
AGE_AT_LAST_CONTACT.cs4                                            0.6120
AGE_AT_DIAGNOSIS5-9                                                0.3859
AGE_AT_DIAGNOSIS10-14                                              0.0417
AGE_AT_DIAGNOSIS>=15                                               0.0001
genderFemale                                                       0.0057
maxsegrtdose.category>=18-<30                                      0.0000
maxsegrtdose.category>=30                                          0.0000
epitxn_dose_5.category1st                                          0.0000
epitxn_dose_5.category2nd-3rd                                      0.0165
EAS                                                                0.3493
AFR                                                                0.3885
any_chemo_missingYes                                               0.9896
any_rt_missingYes                                                  0.0001
Meningioma_PRS.tertile.category2nd:maxsegrtdose.category>=18-<30   0.9230
Meningioma_PRS.tertile.category3rd:maxsegrtdose.category>=18-<30   0.0857
Meningioma_PRS.tertile.category2nd:maxsegrtdose.category>=30       0.3987
Meningioma_PRS.tertile.category3rd:maxsegrtdose.category>=30       0.1377
Meningioma_PRS.tertile.category2nd:epitxn_dose_5.category1st       0.7681
Meningioma_PRS.tertile.category3rd:epitxn_dose_5.category1st       0.3350
Meningioma_PRS.tertile.category2nd:epitxn_dose_5.category2nd-3rd   0.5261
Meningioma_PRS.tertile.category3rd:epitxn_dose_5.category2nd-3rd   0.9726

------------------------------------------------------------
Sender: LSF System <lsfadmin@noderome314>
Subject: Job 247002592: <model_fit6> in cluster <hpcf_research_cluster> Exited

Job <model_fit6> was submitted from host <splprhpc11> by user <aneupane> in cluster <hpcf_research_cluster> at Fri Jan 17 17:10:47 2025
Job was executed on host(s) <noderome314>, in queue <standard>, as user <aneupane> in cluster <hpcf_research_cluster> at Fri Jan 17 17:11:00 2025
</home/aneupane> was used as the home directory.
</home/aneupane/St_Jude/Achal_St_Jude/rcodes/attributable_fraction_R_codes/V21b_Lancet_Revision_HPC/21b/SJLIFE/Without_lifestyle/Models/with_collapsed_categories> was used as the working directory.
Started at Fri Jan 17 17:11:00 2025
Terminated at Fri Jan 17 17:35:54 2025
Results reported at Fri Jan 17 17:35:54 2025

Your job looked like:

------------------------------------------------------------
# LSBATCH: User input
bash -c "module load R/4.2.2 && Rscript 6.model_fit_MENINGIOMA.R"
------------------------------------------------------------

Exited with exit code 1.

Resource usage summary:

    CPU time :                                   1476.62 sec.
    Max Memory :                                 1026 MB
    Average Memory :                             927.27 MB
    Total Requested Memory :                     20000.00 MB
    Delta Memory :                               18974.00 MB
    Max Swap :                                   -
    Max Processes :                              3
    Max Threads :                                5
    Run time :                                   1494 sec.
    Turnaround time :                            1507 sec.

The output (if any) is above this job summary.



PS:

Read file <logs/model_fit6.err> for stderr output of this job.

