                       row_labels ANY_SNs|0 ANY_SNs|1 ANY_SNs|#Total cases
1      maxsegrtdose.category|None      2971       319                 3290
2    maxsegrtdose.category|>0-<18        10         8                   18
3  maxsegrtdose.category|>=18-<30       364       200                  564
4      maxsegrtdose.category|>=30       429        78                  507
5    maxchestrtdose.category|None      3161       372                 3533
6  maxchestrtdose.category|>0-<20       121        27                  148
7    maxchestrtdose.category|>=20       492       206                  698
8      maxabdrtdose.category|None      3208       391                 3599
9    maxabdrtdose.category|>0-<30       389       130                  519
10     maxabdrtdose.category|>=30       177        84                  261
11    epitxn_dose_5.category|None      2487       414                 2901
12     epitxn_dose_5.category|1st       427        65                  492
13     epitxn_dose_5.category|2nd       434        59                  493
14     epitxn_dose_5.category|3rd       426        67                  493
[1] "maxsegrtdose.category|>0-<18"

Call:
glm(formula = event ~ Pleiotropy_PRSWEB_PRS.tertile.category + 
    AGE_AT_LAST_CONTACT.cs1 + AGE_AT_LAST_CONTACT.cs2 + AGE_AT_LAST_CONTACT.cs3 + 
    AGE_AT_LAST_CONTACT.cs4 + AGE_AT_DIAGNOSIS + gender + maxsegrtdose.category + 
    maxabdrtdose.category + maxchestrtdose.category + epitxn_dose_5.category + 
    EAS + AFR + any_chemo_missing + any_rt_missing, family = "poisson", 
    data = dat_all, offset = log(dat_all$PY))

Deviance Residuals: 
    Min       1Q   Median       3Q      Max  
-0.5328  -0.1262  -0.0799  -0.0543   4.3905  

Coefficients:
                                            Estimate Std. Error z value
(Intercept)                               -7.969e+00  8.294e-01  -9.608
Pleiotropy_PRSWEB_PRS.tertile.category2nd  1.810e-01  1.023e-01   1.769
Pleiotropy_PRSWEB_PRS.tertile.category3rd  2.120e-01  1.017e-01   2.086
AGE_AT_LAST_CONTACT.cs1                    6.244e-02  5.906e-02   1.057
AGE_AT_LAST_CONTACT.cs2                   -4.599e-08  3.109e-04   0.000
AGE_AT_LAST_CONTACT.cs3                    3.766e-04  1.011e-03   0.372
AGE_AT_LAST_CONTACT.cs4                   -9.373e-04  1.025e-03  -0.914
AGE_AT_DIAGNOSIS5-9                       -2.443e-01  1.182e-01  -2.067
AGE_AT_DIAGNOSIS10-14                     -6.199e-02  1.165e-01  -0.532
AGE_AT_DIAGNOSIS>=15                      -2.316e-01  1.291e-01  -1.794
genderFemale                               4.515e-01  8.239e-02   5.480
maxsegrtdose.category>0-<30                7.017e-01  1.021e-01   6.873
maxsegrtdose.category>=30                  6.470e-01  1.335e-01   4.847
maxabdrtdose.category>0-<30                3.134e-01  1.439e-01   2.178
maxabdrtdose.category>=30                  4.900e-01  1.527e-01   3.209
maxchestrtdose.category>0-<20              1.624e-01  2.337e-01   0.695
maxchestrtdose.category>=20                6.276e-01  1.298e-01   4.834
epitxn_dose_5.category1st                  4.873e-01  1.390e-01   3.506
epitxn_dose_5.category2nd                  2.610e-01  1.442e-01   1.811
epitxn_dose_5.category3rd                  1.554e-01  1.449e-01   1.073
EAS                                       -1.226e+00  9.047e-01  -1.355
AFR                                       -8.901e-01  1.921e-01  -4.634
any_chemo_missingYes                      -6.133e-02  1.004e+00  -0.061
any_rt_missingYes                          4.409e-01  3.622e-01   1.217
                                          Pr(>|z|)    
(Intercept)                                < 2e-16 ***
Pleiotropy_PRSWEB_PRS.tertile.category2nd 0.076861 .  
Pleiotropy_PRSWEB_PRS.tertile.category3rd 0.036993 *  
AGE_AT_LAST_CONTACT.cs1                   0.290381    
AGE_AT_LAST_CONTACT.cs2                   0.999882    
AGE_AT_LAST_CONTACT.cs3                   0.709657    
AGE_AT_LAST_CONTACT.cs4                   0.360507    
AGE_AT_DIAGNOSIS5-9                       0.038731 *  
AGE_AT_DIAGNOSIS10-14                     0.594569    
AGE_AT_DIAGNOSIS>=15                      0.072799 .  
genderFemale                              4.25e-08 ***
maxsegrtdose.category>0-<30               6.30e-12 ***
maxsegrtdose.category>=30                 1.26e-06 ***
maxabdrtdose.category>0-<30               0.029401 *  
maxabdrtdose.category>=30                 0.001330 ** 
maxchestrtdose.category>0-<20             0.487184    
maxchestrtdose.category>=20               1.34e-06 ***
epitxn_dose_5.category1st                 0.000455 ***
epitxn_dose_5.category2nd                 0.070213 .  
epitxn_dose_5.category3rd                 0.283192    
EAS                                       0.175334    
AFR                                       3.59e-06 ***
any_chemo_missingYes                      0.951284    
any_rt_missingYes                         0.223547    
---
Signif. codes:  0 ‘***’ 0.001 ‘**’ 0.01 ‘*’ 0.05 ‘.’ 0.1 ‘ ’ 1

(Dispersion parameter for poisson family taken to be 1)

    Null deviance: 7240.6  on 88298  degrees of freedom
Residual deviance: 6499.3  on 88275  degrees of freedom
  (40 observations deleted due to missingness)
AIC: 7757.3

Number of Fisher Scoring iterations: 8

[1] 0.0796835
[1] 0.08031256
[1] 0.07918657
[1] 0.1085546
[1] 0.05437888
[1] 0.07966893
[1] 0.06983801
[1] 0.4249182
[1] 0.4352028
[1] 0.4167941
[1] 0.4002327
[1] 0.4465543
[1] 0.4306232
[1] 0.3589814
[1] 0.4690821
[1] 0.4777525
[1] 0.462233
[1] 0.462904
[1] 0.474497
[1] 0.4745315
[1] 0.3990583
[1] 0.1253562
[1] 0.1288709
[1] 0.1225798
[1] 0.125891
[1] 0.1248874
[1] 0.1247161
[1] 0.1368453
[1] 0.5364103
[1] 0.5451395
[1] 0.5295147
[1] 0.5307762
[1] 0.5413483
[1] 0.5408512
[1] 0.4822953
[1] 1
[1] 2
[1] 3
[1] 4
[1] 5
[1] 6
[1] 7
[1] 8
[1] 9
[1] 10
[1] 11
[1] 12
[1] 13
[1] 14
[1] 15
[1] 16
[1] 17
[1] 18
[1] 19
[1] 20
[1] 21
[1] 22
[1] 23
[1] 24
[1] 25
[1] 26
[1] 27
[1] 28
[1] 29
[1] 30
[1] 31
[1] 32
[1] 33
[1] 34
[1] 35
[1] 36
[1] 37
[1] 38
[1] 39
[1] 40
[1] 41
[1] 42
[1] 43
[1] 44
[1] 45
[1] 46
[1] 47
[1] 48
[1] 49
[1] 50
[1] 51
[1] 52
[1] 53
[1] 54
[1] 55
[1] 56
[1] 57
[1] 58
[1] 59
[1] 60
[1] 61
[1] 62
[1] 63
[1] 64
[1] 65
[1] 66
[1] 67
[1] 68
[1] 69
[1] 70
[1] 71
[1] 72
[1] 73
[1] 74
[1] 75
[1] 76
[1] 77
[1] 78
[1] 79
[1] 80
[1] 81
[1] 82
[1] 83
[1] 84
[1] 85
[1] 86
[1] 87
[1] 88
[1] 89
[1] 90
[1] 91
[1] 92
[1] 93
[1] 94
[1] 95
[1] 96
[1] 97
[1] 98
[1] 99
[1] 100
[1] 101
[1] 102
[1] 103
[1] 104
[1] 105
[1] 106
[1] 107
[1] 108
[1] 109
[1] 110
[1] 111
[1] 112
[1] 113
[1] 114
[1] 115
[1] 116
[1] 117
[1] 118
[1] 119
[1] 120
[1] 121
[1] 122
[1] 123
[1] 124
[1] 125
[1] 126
[1] 127
[1] 128
[1] 129
[1] 130
[1] 131
[1] 132
[1] 133
[1] 134
[1] 135
[1] 136
[1] 137
[1] 138
[1] 139
[1] 140
[1] 141
[1] 142
[1] 143
[1] 144
[1] 145
[1] 146
[1] 147
[1] 148
[1] 149
[1] 150
[1] 151
[1] 152
[1] 153
[1] 154
[1] 155
[1] 156
[1] 157
[1] 158
[1] 159
[1] 160
[1] 161
[1] 162
[1] 163
[1] 164
[1] 165
[1] 166
[1] 167
[1] 168
[1] 169
[1] 170
[1] 171
[1] 172
[1] 173
[1] 174
[1] 175
[1] 176
[1] 177
[1] 178
[1] 179
[1] 180
[1] 181
[1] 182
[1] 183
[1] 184
[1] 185
[1] 186
[1] 187
[1] 188
[1] 189
[1] 190
[1] 191
[1] 192
[1] 193
[1] 194
[1] 195
[1] 196
[1] 197
[1] 198
[1] 199
[1] 200
[1] 201
[1] 202
[1] 203
[1] 204
[1] 205
[1] 206
[1] 207
[1] 208
[1] 209
[1] 210
[1] 211
[1] 212
[1] 213
[1] 214
[1] 215
[1] 216
[1] 217
[1] 218
[1] 219
[1] 220
[1] 221
[1] 222
[1] 223
[1] 224
[1] 225
[1] 226
[1] 227
[1] 228
[1] 229
[1] 230
[1] 231
[1] 232
[1] 233
[1] 234
[1] 235
[1] 236
[1] 237
[1] 238
[1] 239
[1] 240
[1] 241
[1] 242
[1] 243
[1] 244
[1] 245
[1] 246
[1] 247
[1] 248
[1] 249
[1] 250
[1] 251
[1] 252
[1] 253
[1] 254
[1] 255
[1] 256
[1] 257
[1] 258
[1] 259
[1] 260
[1] 261
[1] 262
[1] 263
[1] 264
[1] 265
[1] 266
[1] 267
[1] 268
[1] 269
[1] 270
[1] 271
[1] 272
[1] 273
[1] 274
[1] 275
[1] 276
[1] 277
[1] 278
[1] 279
[1] 280
[1] 281
[1] 282
[1] 283
[1] 284
[1] 285
[1] 286
[1] 287
[1] 288
[1] 289
[1] 290
[1] 291
[1] 292
[1] 293
[1] 294
[1] 295
[1] 296
[1] 297
[1] 298
[1] 299
[1] 300
[1] 301
[1] 302
[1] 303
[1] 304
[1] 305
[1] 306
[1] 307
[1] 308
[1] 309
[1] 310
[1] 311
[1] 312
[1] 313
[1] 314
[1] 315
[1] 316
[1] 317
[1] 318
[1] 319
[1] 320
[1] 321
[1] 322
[1] 323
[1] 324
[1] 325
[1] 326
[1] 327
[1] 328
[1] 329
[1] 330
[1] 331
[1] 332
[1] 333
[1] 334
[1] 335
[1] 336
[1] 337
[1] 338
[1] 339
[1] 340
[1] 341
[1] 342
[1] 343
[1] 344
[1] 345
[1] 346
[1] 347
[1] 348
[1] 349
[1] 350
[1] 351
[1] 352
[1] 353
[1] 354
[1] 355
[1] 356
[1] 357
[1] 358
[1] 359
[1] 360
[1] 361
[1] 362
[1] 363
[1] 364
[1] 365
[1] 366
[1] 367
[1] 368
[1] 369
[1] 370
[1] 371
[1] 372
[1] 373
[1] 374
[1] 375
[1] 376
[1] 377
[1] 378
[1] 379
[1] 380
[1] 381
[1] 382
[1] 383
[1] 384
[1] 385
[1] 386
[1] 387
[1] 388
[1] 389
[1] 390
[1] 391
[1] 392
[1] 393
[1] 394
[1] 395
[1] 396
[1] 397
[1] 398
[1] 399
[1] 400
[1] 401
[1] 402
[1] 403
[1] 404
[1] 405
[1] 406
[1] 407
[1] 408
[1] 409
[1] 410
[1] 411
[1] 412
[1] 413
[1] 414
[1] 415
[1] 416
[1] 417
[1] 418
[1] 419
[1] 420
[1] 421
[1] 422
[1] 423
[1] 424
[1] 425
[1] 426
[1] 427
[1] 428
[1] 429
[1] 430
[1] 431
[1] 432
[1] 433
[1] 434
[1] 435
[1] 436
[1] 437
[1] 438
[1] 439
[1] 440
[1] 441
[1] 442
[1] 443
[1] 444
[1] 445
[1] 446
[1] 447
[1] 448
[1] 449
[1] 450
[1] 451
[1] 452
[1] 453
[1] 454
[1] 455
[1] 456
[1] 457
[1] 458
[1] 459
[1] 460
[1] 461
[1] 462
[1] 463
[1] 464
[1] 465
[1] 466
[1] 467
[1] 468
[1] 469
[1] 470
[1] 471
[1] 472
[1] 473
[1] 474
[1] 475
[1] 476
[1] 477
[1] 478
[1] 479
[1] 480
[1] 481
[1] 482
[1] 483
[1] 484
[1] 485
[1] 486
[1] 487
[1] 488
[1] 489
[1] 490
[1] 491
[1] 492
[1] 493
[1] 494
[1] 495
[1] 496
[1] 497
[1] 498
[1] 499
[1] 500
[1] 501
[1] 502
[1] 503
[1] 504
[1] 505
[1] 506
[1] 507
[1] 508
[1] 509
[1] 510
[1] 511
[1] 512
[1] 513
[1] 514
[1] 515
[1] 516
[1] 517
[1] 518
[1] 519
[1] 520
[1] 521
[1] 522
[1] 523
[1] 524
[1] 525
[1] 526
[1] 527
[1] 528
[1] 529
[1] 530
[1] 531
[1] 532
[1] 533
[1] 534
[1] 535
[1] 536
[1] 537
[1] 538
[1] 539
[1] 540
[1] 541
[1] 542
[1] 543
[1] 544
[1] 545
[1] 546
[1] 547
[1] 548
[1] 549
[1] 550
[1] 551
[1] 552
[1] 553
[1] 554
[1] 555
[1] 556
[1] 557
[1] 558
[1] 559
[1] 560
[1] 561
[1] 562
[1] 563
[1] 564
[1] 565
[1] 566
[1] 567
[1] 568
[1] 569
[1] 570
[1] 571
[1] 572
[1] 573
[1] 574
[1] 575
[1] 576
[1] 577
[1] 578
[1] 579
[1] 580
[1] 581
[1] 582
[1] 583
[1] 584
[1] 585
[1] 586
[1] 587
[1] 588
[1] 589
[1] 590
[1] 591
[1] 592
[1] 593
[1] 594
[1] 595
[1] 596
[1] 597
[1] 598
[1] 599
[1] 600
[1] 601
[1] 602
[1] 603
[1] 604
[1] 605
[1] 606
[1] 607
[1] 608
[1] 609
[1] 610
[1] 611
[1] 612
[1] 613
[1] 614
[1] 615
[1] 616
[1] 617
[1] 618
[1] 619
[1] 620
[1] 621
[1] 622
[1] 623
[1] 624
[1] 625
[1] 626
[1] 627
[1] 628
[1] 629
[1] 630
[1] 631
[1] 632
[1] 633
[1] 634
[1] 635
[1] 636
[1] 637
[1] 638
[1] 639
[1] 640
[1] 641
[1] 642
[1] 643
[1] 644
[1] 645
[1] 646
[1] 647
[1] 648
[1] 649
[1] 650
[1] 651
[1] 652
[1] 653
[1] 654
[1] 655
[1] 656
[1] 657
[1] 658
[1] 659
[1] 660
[1] 661
[1] 662
[1] 663
[1] 664
[1] 665
[1] 666
[1] 667
[1] 668
[1] 669
[1] 670
[1] 671
[1] 672
[1] 673
[1] 674
[1] 675
[1] 676
[1] 677
[1] 678
[1] 679
[1] 680
[1] 681
[1] 682
[1] 683
[1] 684
[1] 685
[1] 686
[1] 687
[1] 688
[1] 689
[1] 690
[1] 691
[1] 692
[1] 693
[1] 694
[1] 695
[1] 696
[1] 697
[1] 698
[1] 699
[1] 700
[1] 701
[1] 702
[1] 703
[1] 704
[1] 705
[1] 706
[1] 707
[1] 708
[1] 709
[1] 710
[1] 711
[1] 712
[1] 713
[1] 714
[1] 715
[1] 716
[1] 717
[1] 718
[1] 719
[1] 720
[1] 721
[1] 722
[1] 723
[1] 724
[1] 725
[1] 726
[1] 727
[1] 728
[1] 729
[1] 730
[1] 731
[1] 732
[1] 733
[1] 734
[1] 735
[1] 736
[1] 737
[1] 738
[1] 739
[1] 740
[1] 741
[1] 742
[1] 743
[1] 744
[1] 745
[1] 746
[1] 747
[1] 748
[1] 749
[1] 750
[1] 751
[1] 752
[1] 753
[1] 754
[1] 755
[1] 756
[1] 757
[1] 758
[1] 759
[1] 760
[1] 761
[1] 762
[1] 763
[1] 764
[1] 765
[1] 766
[1] 767
[1] 768
[1] 769
[1] 770
[1] 771
[1] 772
[1] 773
[1] 774
[1] 775
[1] 776
[1] 777
[1] 778
[1] 779
[1] 780
[1] 781
[1] 782
[1] 783
[1] 784
[1] 785
[1] 786
[1] 787
[1] 788
[1] 789
[1] 790
[1] 791
[1] 792
[1] 793
[1] 794
[1] 795
[1] 796
[1] 797
[1] 798
[1] 799
[1] 800
[1] 801
[1] 802
[1] 803
[1] 804
[1] 805
[1] 806
[1] 807
[1] 808
[1] 809
[1] 810
[1] 811
[1] 812
[1] 813
[1] 814
[1] 815
[1] 816
[1] 817
[1] 818
[1] 819
[1] 820
[1] 821
[1] 822
[1] 823
[1] 824
[1] 825
[1] 826
[1] 827
[1] 828
[1] 829
[1] 830
[1] 831
[1] 832
[1] 833
[1] 834
[1] 835
[1] 836
[1] 837
[1] 838
[1] 839
[1] 840
[1] 841
[1] 842
[1] 843
[1] 844
[1] 845
[1] 846
[1] 847
[1] 848
[1] 849
[1] 850
[1] 851
[1] 852
[1] 853
[1] 854
[1] 855
[1] 856
[1] 857
[1] 858
[1] 859
[1] 860
[1] 861
[1] 862
[1] 863
[1] 864
[1] 865
[1] 866
[1] 867
[1] 868
[1] 869
[1] 870
[1] 871
[1] 872
[1] 873
[1] 874
[1] 875
[1] 876
[1] 877
[1] 878
[1] 879
[1] 880
[1] 881
[1] 882
[1] 883
[1] 884
[1] 885
[1] 886
[1] 887
[1] 888
[1] 889
[1] 890
[1] 891
[1] 892
[1] 893
[1] 894
[1] 895
[1] 896
[1] 897
[1] 898
[1] 899
[1] 900
[1] 901
[1] 902
[1] 903
[1] 904
[1] 905
[1] 906
[1] 907
[1] 908
[1] 909
[1] 910
[1] 911
[1] 912
[1] 913
[1] 914
[1] 915
[1] 916
[1] 917
[1] 918
[1] 919
[1] 920
[1] 921
[1] 922
[1] 923
[1] 924
[1] 925
[1] 926
[1] 927
[1] 928
[1] 929
[1] 930
[1] 931
[1] 932
[1] 933
[1] 934
[1] 935
[1] 936
[1] 937
[1] 938
[1] 939
[1] 940
[1] 941
[1] 942
[1] 943
[1] 944
[1] 945
[1] 946
[1] 947
[1] 948
[1] 949
[1] 950
[1] 951
[1] 952
[1] 953
[1] 954
[1] 955
[1] 956
[1] 957
[1] 958
[1] 959
[1] 960
[1] 961
[1] 962
[1] 963
[1] 964
[1] 965
[1] 966
[1] 967
[1] 968
[1] 969
[1] 970
[1] 971
[1] 972
[1] 973
[1] 974
[1] 975
[1] 976
[1] 977
[1] 978
[1] 979
[1] 980
[1] 981
[1] 982
[1] 983
[1] 984
[1] 985
[1] 986
[1] 987
[1] 988
[1] 989
[1] 990
[1] 991
[1] 992
[1] 993
[1] 994
[1] 995
[1] 996
[1] 997
[1] 998
[1] 999
[1] 1000

Call:
glm(formula = event ~ Pleiotropy_PRSWEB_PRS.tertile.category + 
    AGE_AT_LAST_CONTACT.cs1 + AGE_AT_LAST_CONTACT.cs2 + AGE_AT_LAST_CONTACT.cs3 + 
    AGE_AT_LAST_CONTACT.cs4 + AGE_AT_DIAGNOSIS + gender + maxsegrtdose.category + 
    maxabdrtdose.category + maxchestrtdose.category + epitxn_dose_5.category + 
    EAS + AFR + any_chemo_missing + any_rt_missing + maxsegrtdose.category * 
    Pleiotropy_PRSWEB_PRS.tertile.category + maxabdrtdose.category * 
    Pleiotropy_PRSWEB_PRS.tertile.category + maxchestrtdose.category * 
    Pleiotropy_PRSWEB_PRS.tertile.category + epitxn_dose_5.category * 
    Pleiotropy_PRSWEB_PRS.tertile.category, family = "poisson", 
    data = dat_all, offset = log(dat_all$PY))

Deviance Residuals: 
    Min       1Q   Median       3Q      Max  
-0.5691  -0.1259  -0.0792  -0.0536   4.3714  

Coefficients:
                                                                          Estimate
(Intercept)                                                             -8.011e+00
Pleiotropy_PRSWEB_PRS.tertile.category2nd                                2.743e-01
Pleiotropy_PRSWEB_PRS.tertile.category3rd                                2.693e-01
AGE_AT_LAST_CONTACT.cs1                                                  6.100e-02
AGE_AT_LAST_CONTACT.cs2                                                  1.467e-05
AGE_AT_LAST_CONTACT.cs3                                                  3.148e-04
AGE_AT_LAST_CONTACT.cs4                                                 -8.558e-04
AGE_AT_DIAGNOSIS5-9                                                     -2.427e-01
AGE_AT_DIAGNOSIS10-14                                                   -6.423e-02
AGE_AT_DIAGNOSIS>=15                                                    -2.464e-01
genderFemale                                                             4.437e-01
maxsegrtdose.category>0-<30                                              9.092e-01
maxsegrtdose.category>=30                                                7.069e-01
maxabdrtdose.category>0-<30                                             -1.115e-01
maxabdrtdose.category>=30                                                5.926e-01
maxchestrtdose.category>0-<20                                            7.442e-01
maxchestrtdose.category>=20                                              6.790e-01
epitxn_dose_5.category1st                                                6.054e-01
epitxn_dose_5.category2nd                                                1.855e-01
epitxn_dose_5.category3rd                                                9.552e-02
EAS                                                                     -1.165e+00
AFR                                                                     -8.973e-01
any_chemo_missingYes                                                    -1.492e-01
any_rt_missingYes                                                        4.441e-01
Pleiotropy_PRSWEB_PRS.tertile.category2nd:maxsegrtdose.category>0-<30   -4.013e-01
Pleiotropy_PRSWEB_PRS.tertile.category3rd:maxsegrtdose.category>0-<30   -1.156e-01
Pleiotropy_PRSWEB_PRS.tertile.category2nd:maxsegrtdose.category>=30     -2.133e-01
Pleiotropy_PRSWEB_PRS.tertile.category3rd:maxsegrtdose.category>=30      2.617e-02
Pleiotropy_PRSWEB_PRS.tertile.category2nd:maxabdrtdose.category>0-<30    7.044e-01
Pleiotropy_PRSWEB_PRS.tertile.category3rd:maxabdrtdose.category>0-<30    3.961e-01
Pleiotropy_PRSWEB_PRS.tertile.category2nd:maxabdrtdose.category>=30     -3.668e-01
Pleiotropy_PRSWEB_PRS.tertile.category3rd:maxabdrtdose.category>=30      5.796e-02
Pleiotropy_PRSWEB_PRS.tertile.category2nd:maxchestrtdose.category>0-<20 -7.740e-01
Pleiotropy_PRSWEB_PRS.tertile.category3rd:maxchestrtdose.category>0-<20 -9.062e-01
Pleiotropy_PRSWEB_PRS.tertile.category2nd:maxchestrtdose.category>=20    1.738e-02
Pleiotropy_PRSWEB_PRS.tertile.category3rd:maxchestrtdose.category>=20   -1.565e-01
Pleiotropy_PRSWEB_PRS.tertile.category2nd:epitxn_dose_5.category1st     -1.129e-01
Pleiotropy_PRSWEB_PRS.tertile.category3rd:epitxn_dose_5.category1st     -2.578e-01
Pleiotropy_PRSWEB_PRS.tertile.category2nd:epitxn_dose_5.category2nd     -9.475e-02
Pleiotropy_PRSWEB_PRS.tertile.category3rd:epitxn_dose_5.category2nd      2.705e-01
Pleiotropy_PRSWEB_PRS.tertile.category2nd:epitxn_dose_5.category3rd      1.907e-01
Pleiotropy_PRSWEB_PRS.tertile.category3rd:epitxn_dose_5.category3rd     -8.157e-02
                                                                        Std. Error
(Intercept)                                                              8.347e-01
Pleiotropy_PRSWEB_PRS.tertile.category2nd                                1.838e-01
Pleiotropy_PRSWEB_PRS.tertile.category3rd                                1.826e-01
AGE_AT_LAST_CONTACT.cs1                                                  5.906e-02
AGE_AT_LAST_CONTACT.cs2                                                  3.110e-04
AGE_AT_LAST_CONTACT.cs3                                                  1.012e-03
AGE_AT_LAST_CONTACT.cs4                                                  1.025e-03
AGE_AT_DIAGNOSIS5-9                                                      1.188e-01
AGE_AT_DIAGNOSIS10-14                                                    1.174e-01
AGE_AT_DIAGNOSIS>=15                                                     1.302e-01
genderFemale                                                             8.298e-02
maxsegrtdose.category>0-<30                                              1.856e-01
maxsegrtdose.category>=30                                                2.485e-01
maxabdrtdose.category>0-<30                                              2.905e-01
maxabdrtdose.category>=30                                                2.770e-01
maxchestrtdose.category>0-<20                                            4.144e-01
maxchestrtdose.category>=20                                              2.400e-01
epitxn_dose_5.category1st                                                2.311e-01
epitxn_dose_5.category2nd                                                2.643e-01
epitxn_dose_5.category3rd                                                2.505e-01
EAS                                                                      8.918e-01
AFR                                                                      1.927e-01
any_chemo_missingYes                                                     1.007e+00
any_rt_missingYes                                                        3.629e-01
Pleiotropy_PRSWEB_PRS.tertile.category2nd:maxsegrtdose.category>0-<30    2.461e-01
Pleiotropy_PRSWEB_PRS.tertile.category3rd:maxsegrtdose.category>0-<30    2.420e-01
Pleiotropy_PRSWEB_PRS.tertile.category2nd:maxsegrtdose.category>=30      3.320e-01
Pleiotropy_PRSWEB_PRS.tertile.category3rd:maxsegrtdose.category>=30      3.324e-01
Pleiotropy_PRSWEB_PRS.tertile.category2nd:maxabdrtdose.category>0-<30    3.653e-01
Pleiotropy_PRSWEB_PRS.tertile.category3rd:maxabdrtdose.category>0-<30    3.813e-01
Pleiotropy_PRSWEB_PRS.tertile.category2nd:maxabdrtdose.category>=30      3.889e-01
Pleiotropy_PRSWEB_PRS.tertile.category3rd:maxabdrtdose.category>=30      3.738e-01
Pleiotropy_PRSWEB_PRS.tertile.category2nd:maxchestrtdose.category>0-<20  5.558e-01
Pleiotropy_PRSWEB_PRS.tertile.category3rd:maxchestrtdose.category>0-<20  6.252e-01
Pleiotropy_PRSWEB_PRS.tertile.category2nd:maxchestrtdose.category>=20    3.163e-01
Pleiotropy_PRSWEB_PRS.tertile.category3rd:maxchestrtdose.category>=20    3.173e-01
Pleiotropy_PRSWEB_PRS.tertile.category2nd:epitxn_dose_5.category1st      3.465e-01
Pleiotropy_PRSWEB_PRS.tertile.category3rd:epitxn_dose_5.category1st      3.220e-01
Pleiotropy_PRSWEB_PRS.tertile.category2nd:epitxn_dose_5.category2nd      3.682e-01
Pleiotropy_PRSWEB_PRS.tertile.category3rd:epitxn_dose_5.category2nd      3.468e-01
Pleiotropy_PRSWEB_PRS.tertile.category2nd:epitxn_dose_5.category3rd      3.460e-01
Pleiotropy_PRSWEB_PRS.tertile.category3rd:epitxn_dose_5.category3rd      3.512e-01
                                                                        z value
(Intercept)                                                              -9.598
Pleiotropy_PRSWEB_PRS.tertile.category2nd                                 1.492
Pleiotropy_PRSWEB_PRS.tertile.category3rd                                 1.475
AGE_AT_LAST_CONTACT.cs1                                                   1.033
AGE_AT_LAST_CONTACT.cs2                                                   0.047
AGE_AT_LAST_CONTACT.cs3                                                   0.311
AGE_AT_LAST_CONTACT.cs4                                                  -0.835
AGE_AT_DIAGNOSIS5-9                                                      -2.044
AGE_AT_DIAGNOSIS10-14                                                    -0.547
AGE_AT_DIAGNOSIS>=15                                                     -1.892
genderFemale                                                              5.347
maxsegrtdose.category>0-<30                                               4.898
maxsegrtdose.category>=30                                                 2.844
maxabdrtdose.category>0-<30                                              -0.384
maxabdrtdose.category>=30                                                 2.139
maxchestrtdose.category>0-<20                                             1.796
maxchestrtdose.category>=20                                               2.829
epitxn_dose_5.category1st                                                 2.620
epitxn_dose_5.category2nd                                                 0.702
epitxn_dose_5.category3rd                                                 0.381
EAS                                                                      -1.306
AFR                                                                      -4.657
any_chemo_missingYes                                                     -0.148
any_rt_missingYes                                                         1.224
Pleiotropy_PRSWEB_PRS.tertile.category2nd:maxsegrtdose.category>0-<30    -1.631
Pleiotropy_PRSWEB_PRS.tertile.category3rd:maxsegrtdose.category>0-<30    -0.478
Pleiotropy_PRSWEB_PRS.tertile.category2nd:maxsegrtdose.category>=30      -0.642
Pleiotropy_PRSWEB_PRS.tertile.category3rd:maxsegrtdose.category>=30       0.079
Pleiotropy_PRSWEB_PRS.tertile.category2nd:maxabdrtdose.category>0-<30     1.928
Pleiotropy_PRSWEB_PRS.tertile.category3rd:maxabdrtdose.category>0-<30     1.039
Pleiotropy_PRSWEB_PRS.tertile.category2nd:maxabdrtdose.category>=30      -0.943
Pleiotropy_PRSWEB_PRS.tertile.category3rd:maxabdrtdose.category>=30       0.155
Pleiotropy_PRSWEB_PRS.tertile.category2nd:maxchestrtdose.category>0-<20  -1.393
Pleiotropy_PRSWEB_PRS.tertile.category3rd:maxchestrtdose.category>0-<20  -1.450
Pleiotropy_PRSWEB_PRS.tertile.category2nd:maxchestrtdose.category>=20     0.055
Pleiotropy_PRSWEB_PRS.tertile.category3rd:maxchestrtdose.category>=20    -0.493
Pleiotropy_PRSWEB_PRS.tertile.category2nd:epitxn_dose_5.category1st      -0.326
Pleiotropy_PRSWEB_PRS.tertile.category3rd:epitxn_dose_5.category1st      -0.800
Pleiotropy_PRSWEB_PRS.tertile.category2nd:epitxn_dose_5.category2nd      -0.257
Pleiotropy_PRSWEB_PRS.tertile.category3rd:epitxn_dose_5.category2nd       0.780
Pleiotropy_PRSWEB_PRS.tertile.category2nd:epitxn_dose_5.category3rd       0.551
Pleiotropy_PRSWEB_PRS.tertile.category3rd:epitxn_dose_5.category3rd      -0.232
                                                                        Pr(>|z|)
(Intercept)                                                              < 2e-16
Pleiotropy_PRSWEB_PRS.tertile.category2nd                                0.13562
Pleiotropy_PRSWEB_PRS.tertile.category3rd                                0.14019
AGE_AT_LAST_CONTACT.cs1                                                  0.30169
AGE_AT_LAST_CONTACT.cs2                                                  0.96238
AGE_AT_LAST_CONTACT.cs3                                                  0.75573
AGE_AT_LAST_CONTACT.cs4                                                  0.40394
AGE_AT_DIAGNOSIS5-9                                                      0.04100
AGE_AT_DIAGNOSIS10-14                                                    0.58419
AGE_AT_DIAGNOSIS>=15                                                     0.05851
genderFemale                                                            8.96e-08
maxsegrtdose.category>0-<30                                             9.69e-07
maxsegrtdose.category>=30                                                0.00445
maxabdrtdose.category>0-<30                                              0.70101
maxabdrtdose.category>=30                                                0.03242
maxchestrtdose.category>0-<20                                            0.07249
maxchestrtdose.category>=20                                              0.00468
epitxn_dose_5.category1st                                                0.00879
epitxn_dose_5.category2nd                                                0.48290
epitxn_dose_5.category3rd                                                0.70300
EAS                                                                      0.19152
AFR                                                                     3.21e-06
any_chemo_missingYes                                                     0.88214
any_rt_missingYes                                                        0.22104
Pleiotropy_PRSWEB_PRS.tertile.category2nd:maxsegrtdose.category>0-<30    0.10299
Pleiotropy_PRSWEB_PRS.tertile.category3rd:maxsegrtdose.category>0-<30    0.63287
Pleiotropy_PRSWEB_PRS.tertile.category2nd:maxsegrtdose.category>=30      0.52056
Pleiotropy_PRSWEB_PRS.tertile.category3rd:maxsegrtdose.category>=30      0.93725
Pleiotropy_PRSWEB_PRS.tertile.category2nd:maxabdrtdose.category>0-<30    0.05380
Pleiotropy_PRSWEB_PRS.tertile.category3rd:maxabdrtdose.category>0-<30    0.29887
Pleiotropy_PRSWEB_PRS.tertile.category2nd:maxabdrtdose.category>=30      0.34554
Pleiotropy_PRSWEB_PRS.tertile.category3rd:maxabdrtdose.category>=30      0.87677
Pleiotropy_PRSWEB_PRS.tertile.category2nd:maxchestrtdose.category>0-<20  0.16371
Pleiotropy_PRSWEB_PRS.tertile.category3rd:maxchestrtdose.category>0-<20  0.14719
Pleiotropy_PRSWEB_PRS.tertile.category2nd:maxchestrtdose.category>=20    0.95617
Pleiotropy_PRSWEB_PRS.tertile.category3rd:maxchestrtdose.category>=20    0.62188
Pleiotropy_PRSWEB_PRS.tertile.category2nd:epitxn_dose_5.category1st      0.74452
Pleiotropy_PRSWEB_PRS.tertile.category3rd:epitxn_dose_5.category1st      0.42350
Pleiotropy_PRSWEB_PRS.tertile.category2nd:epitxn_dose_5.category2nd      0.79695
Pleiotropy_PRSWEB_PRS.tertile.category3rd:epitxn_dose_5.category2nd      0.43540
Pleiotropy_PRSWEB_PRS.tertile.category2nd:epitxn_dose_5.category3rd      0.58154
Pleiotropy_PRSWEB_PRS.tertile.category3rd:epitxn_dose_5.category3rd      0.81634
                                                                           
(Intercept)                                                             ***
Pleiotropy_PRSWEB_PRS.tertile.category2nd                                  
Pleiotropy_PRSWEB_PRS.tertile.category3rd                                  
AGE_AT_LAST_CONTACT.cs1                                                    
AGE_AT_LAST_CONTACT.cs2                                                    
AGE_AT_LAST_CONTACT.cs3                                                    
AGE_AT_LAST_CONTACT.cs4                                                    
AGE_AT_DIAGNOSIS5-9                                                     *  
AGE_AT_DIAGNOSIS10-14                                                      
AGE_AT_DIAGNOSIS>=15                                                    .  
genderFemale                                                            ***
maxsegrtdose.category>0-<30                                             ***
maxsegrtdose.category>=30                                               ** 
maxabdrtdose.category>0-<30                                                
maxabdrtdose.category>=30                                               *  
maxchestrtdose.category>0-<20                                           .  
maxchestrtdose.category>=20                                             ** 
epitxn_dose_5.category1st                                               ** 
epitxn_dose_5.category2nd                                                  
epitxn_dose_5.category3rd                                                  
EAS                                                                        
AFR                                                                     ***
any_chemo_missingYes                                                       
any_rt_missingYes                                                          
Pleiotropy_PRSWEB_PRS.tertile.category2nd:maxsegrtdose.category>0-<30      
Pleiotropy_PRSWEB_PRS.tertile.category3rd:maxsegrtdose.category>0-<30      
Pleiotropy_PRSWEB_PRS.tertile.category2nd:maxsegrtdose.category>=30        
Pleiotropy_PRSWEB_PRS.tertile.category3rd:maxsegrtdose.category>=30        
Pleiotropy_PRSWEB_PRS.tertile.category2nd:maxabdrtdose.category>0-<30   .  
Pleiotropy_PRSWEB_PRS.tertile.category3rd:maxabdrtdose.category>0-<30      
Pleiotropy_PRSWEB_PRS.tertile.category2nd:maxabdrtdose.category>=30        
Pleiotropy_PRSWEB_PRS.tertile.category3rd:maxabdrtdose.category>=30        
Pleiotropy_PRSWEB_PRS.tertile.category2nd:maxchestrtdose.category>0-<20    
Pleiotropy_PRSWEB_PRS.tertile.category3rd:maxchestrtdose.category>0-<20    
Pleiotropy_PRSWEB_PRS.tertile.category2nd:maxchestrtdose.category>=20      
Pleiotropy_PRSWEB_PRS.tertile.category3rd:maxchestrtdose.category>=20      
Pleiotropy_PRSWEB_PRS.tertile.category2nd:epitxn_dose_5.category1st        
Pleiotropy_PRSWEB_PRS.tertile.category3rd:epitxn_dose_5.category1st        
Pleiotropy_PRSWEB_PRS.tertile.category2nd:epitxn_dose_5.category2nd        
Pleiotropy_PRSWEB_PRS.tertile.category3rd:epitxn_dose_5.category2nd        
Pleiotropy_PRSWEB_PRS.tertile.category2nd:epitxn_dose_5.category3rd        
Pleiotropy_PRSWEB_PRS.tertile.category3rd:epitxn_dose_5.category3rd        
---
Signif. codes:  0 ‘***’ 0.001 ‘**’ 0.01 ‘*’ 0.05 ‘.’ 0.1 ‘ ’ 1

(Dispersion parameter for poisson family taken to be 1)

    Null deviance: 7240.6  on 88298  degrees of freedom
Residual deviance: 6482.4  on 88257  degrees of freedom
  (40 observations deleted due to missingness)
AIC: 7776.4

Number of Fisher Scoring iterations: 8

                                                                             Estimate
(Intercept)                                                             -8.011296e+00
Pleiotropy_PRSWEB_PRS.tertile.category2nd                                2.743177e-01
Pleiotropy_PRSWEB_PRS.tertile.category3rd                                2.693017e-01
AGE_AT_LAST_CONTACT.cs1                                                  6.099752e-02
AGE_AT_LAST_CONTACT.cs2                                                  1.466983e-05
AGE_AT_LAST_CONTACT.cs3                                                  3.147915e-04
AGE_AT_LAST_CONTACT.cs4                                                 -8.558263e-04
AGE_AT_DIAGNOSIS5-9                                                     -2.427055e-01
AGE_AT_DIAGNOSIS10-14                                                   -6.423483e-02
AGE_AT_DIAGNOSIS>=15                                                    -2.463766e-01
genderFemale                                                             4.436779e-01
maxsegrtdose.category>0-<30                                              9.091820e-01
maxsegrtdose.category>=30                                                7.069166e-01
maxabdrtdose.category>0-<30                                             -1.115442e-01
maxabdrtdose.category>=30                                                5.926156e-01
maxchestrtdose.category>0-<20                                            7.441933e-01
maxchestrtdose.category>=20                                              6.789504e-01
epitxn_dose_5.category1st                                                6.054154e-01
epitxn_dose_5.category2nd                                                1.854700e-01
epitxn_dose_5.category3rd                                                9.552330e-02
EAS                                                                     -1.164727e+00
AFR                                                                     -8.972689e-01
any_chemo_missingYes                                                    -1.492401e-01
any_rt_missingYes                                                        4.441002e-01
Pleiotropy_PRSWEB_PRS.tertile.category2nd:maxsegrtdose.category>0-<30   -4.013011e-01
Pleiotropy_PRSWEB_PRS.tertile.category3rd:maxsegrtdose.category>0-<30   -1.155955e-01
Pleiotropy_PRSWEB_PRS.tertile.category2nd:maxsegrtdose.category>=30     -2.133076e-01
Pleiotropy_PRSWEB_PRS.tertile.category3rd:maxsegrtdose.category>=30      2.617093e-02
Pleiotropy_PRSWEB_PRS.tertile.category2nd:maxabdrtdose.category>0-<30    7.044138e-01
Pleiotropy_PRSWEB_PRS.tertile.category3rd:maxabdrtdose.category>0-<30    3.961042e-01
Pleiotropy_PRSWEB_PRS.tertile.category2nd:maxabdrtdose.category>=30     -3.668057e-01
Pleiotropy_PRSWEB_PRS.tertile.category3rd:maxabdrtdose.category>=30      5.796328e-02
Pleiotropy_PRSWEB_PRS.tertile.category2nd:maxchestrtdose.category>0-<20 -7.740434e-01
Pleiotropy_PRSWEB_PRS.tertile.category3rd:maxchestrtdose.category>0-<20 -9.061810e-01
Pleiotropy_PRSWEB_PRS.tertile.category2nd:maxchestrtdose.category>=20    1.738340e-02
Pleiotropy_PRSWEB_PRS.tertile.category3rd:maxchestrtdose.category>=20   -1.564703e-01
Pleiotropy_PRSWEB_PRS.tertile.category2nd:epitxn_dose_5.category1st     -1.129254e-01
Pleiotropy_PRSWEB_PRS.tertile.category3rd:epitxn_dose_5.category1st     -2.577505e-01
Pleiotropy_PRSWEB_PRS.tertile.category2nd:epitxn_dose_5.category2nd     -9.474584e-02
Pleiotropy_PRSWEB_PRS.tertile.category3rd:epitxn_dose_5.category2nd      2.704644e-01
Pleiotropy_PRSWEB_PRS.tertile.category2nd:epitxn_dose_5.category3rd      1.906827e-01
Pleiotropy_PRSWEB_PRS.tertile.category3rd:epitxn_dose_5.category3rd     -8.157144e-02
                                                                          Std. Error
(Intercept)                                                             0.8346845953
Pleiotropy_PRSWEB_PRS.tertile.category2nd                               0.1838204034
Pleiotropy_PRSWEB_PRS.tertile.category3rd                               0.1825655303
AGE_AT_LAST_CONTACT.cs1                                                 0.0590591787
AGE_AT_LAST_CONTACT.cs2                                                 0.0003109959
AGE_AT_LAST_CONTACT.cs3                                                 0.0010118785
AGE_AT_LAST_CONTACT.cs4                                                 0.0010254225
AGE_AT_DIAGNOSIS5-9                                                     0.1187672272
AGE_AT_DIAGNOSIS10-14                                                   0.1173716360
AGE_AT_DIAGNOSIS>=15                                                    0.1302278276
genderFemale                                                            0.0829817365
maxsegrtdose.category>0-<30                                             0.1856296495
maxsegrtdose.category>=30                                               0.2485342822
maxabdrtdose.category>0-<30                                             0.2905165951
maxabdrtdose.category>=30                                               0.2770269869
maxchestrtdose.category>0-<20                                           0.4143532168
maxchestrtdose.category>=20                                             0.2400346711
epitxn_dose_5.category1st                                               0.2310631583
epitxn_dose_5.category2nd                                               0.2643363278
epitxn_dose_5.category3rd                                               0.2505337332
EAS                                                                     0.8917618440
AFR                                                                     0.1926840394
any_chemo_missingYes                                                    1.0066230589
any_rt_missingYes                                                       0.3628992128
Pleiotropy_PRSWEB_PRS.tertile.category2nd:maxsegrtdose.category>0-<30   0.2461146885
Pleiotropy_PRSWEB_PRS.tertile.category3rd:maxsegrtdose.category>0-<30   0.2419869465
Pleiotropy_PRSWEB_PRS.tertile.category2nd:maxsegrtdose.category>=30     0.3320065515
Pleiotropy_PRSWEB_PRS.tertile.category3rd:maxsegrtdose.category>=30     0.3324150455
Pleiotropy_PRSWEB_PRS.tertile.category2nd:maxabdrtdose.category>0-<30   0.3652824447
Pleiotropy_PRSWEB_PRS.tertile.category3rd:maxabdrtdose.category>0-<30   0.3812856803
Pleiotropy_PRSWEB_PRS.tertile.category2nd:maxabdrtdose.category>=30     0.3888639702
Pleiotropy_PRSWEB_PRS.tertile.category3rd:maxabdrtdose.category>=30     0.3738008400
Pleiotropy_PRSWEB_PRS.tertile.category2nd:maxchestrtdose.category>0-<20 0.5557861525
Pleiotropy_PRSWEB_PRS.tertile.category3rd:maxchestrtdose.category>0-<20 0.6251619652
Pleiotropy_PRSWEB_PRS.tertile.category2nd:maxchestrtdose.category>=20   0.3162881595
Pleiotropy_PRSWEB_PRS.tertile.category3rd:maxchestrtdose.category>=20   0.3172629859
Pleiotropy_PRSWEB_PRS.tertile.category2nd:epitxn_dose_5.category1st     0.3465365777
Pleiotropy_PRSWEB_PRS.tertile.category3rd:epitxn_dose_5.category1st     0.3220390809
Pleiotropy_PRSWEB_PRS.tertile.category2nd:epitxn_dose_5.category2nd     0.3682366230
Pleiotropy_PRSWEB_PRS.tertile.category3rd:epitxn_dose_5.category2nd     0.3467579806
Pleiotropy_PRSWEB_PRS.tertile.category2nd:epitxn_dose_5.category3rd     0.3459772657
Pleiotropy_PRSWEB_PRS.tertile.category3rd:epitxn_dose_5.category3rd     0.3512217942
                                                                            z value
(Intercept)                                                             -9.59799177
Pleiotropy_PRSWEB_PRS.tertile.category2nd                                1.49231346
Pleiotropy_PRSWEB_PRS.tertile.category3rd                                1.47509618
AGE_AT_LAST_CONTACT.cs1                                                  1.03282029
AGE_AT_LAST_CONTACT.cs2                                                  0.04717050
AGE_AT_LAST_CONTACT.cs3                                                  0.31109608
AGE_AT_LAST_CONTACT.cs4                                                 -0.83460848
AGE_AT_DIAGNOSIS5-9                                                     -2.04353954
AGE_AT_DIAGNOSIS10-14                                                   -0.54727725
AGE_AT_DIAGNOSIS>=15                                                    -1.89188918
genderFemale                                                             5.34669371
maxsegrtdose.category>0-<30                                              4.89782758
maxsegrtdose.category>=30                                                2.84434259
maxabdrtdose.category>0-<30                                             -0.38395127
maxabdrtdose.category>=30                                                2.13919795
maxchestrtdose.category>0-<20                                            1.79603610
maxchestrtdose.category>=20                                              2.82855133
epitxn_dose_5.category1st                                                2.62012947
epitxn_dose_5.category2nd                                                0.70164388
epitxn_dose_5.category3rd                                                0.38127920
EAS                                                                     -1.30609649
AFR                                                                     -4.65668509
any_chemo_missingYes                                                    -0.14825816
any_rt_missingYes                                                        1.22375619
Pleiotropy_PRSWEB_PRS.tertile.category2nd:maxsegrtdose.category>0-<30   -1.63054503
Pleiotropy_PRSWEB_PRS.tertile.category3rd:maxsegrtdose.category>0-<30   -0.47769299
Pleiotropy_PRSWEB_PRS.tertile.category2nd:maxsegrtdose.category>=30     -0.64248016
Pleiotropy_PRSWEB_PRS.tertile.category3rd:maxsegrtdose.category>=30      0.07872968
Pleiotropy_PRSWEB_PRS.tertile.category2nd:maxabdrtdose.category>0-<30    1.92840857
Pleiotropy_PRSWEB_PRS.tertile.category3rd:maxabdrtdose.category>0-<30    1.03886450
Pleiotropy_PRSWEB_PRS.tertile.category2nd:maxabdrtdose.category>=30     -0.94327513
Pleiotropy_PRSWEB_PRS.tertile.category3rd:maxabdrtdose.category>=30      0.15506461
Pleiotropy_PRSWEB_PRS.tertile.category2nd:maxchestrtdose.category>0-<20 -1.39269999
Pleiotropy_PRSWEB_PRS.tertile.category3rd:maxchestrtdose.category>0-<20 -1.44951398
Pleiotropy_PRSWEB_PRS.tertile.category2nd:maxchestrtdose.category>=20    0.05496064
Pleiotropy_PRSWEB_PRS.tertile.category3rd:maxchestrtdose.category>=20   -0.49318808
Pleiotropy_PRSWEB_PRS.tertile.category2nd:epitxn_dose_5.category1st     -0.32586874
Pleiotropy_PRSWEB_PRS.tertile.category3rd:epitxn_dose_5.category1st     -0.80037036
Pleiotropy_PRSWEB_PRS.tertile.category2nd:epitxn_dose_5.category2nd     -0.25729609
Pleiotropy_PRSWEB_PRS.tertile.category3rd:epitxn_dose_5.category2nd      0.77998035
Pleiotropy_PRSWEB_PRS.tertile.category2nd:epitxn_dose_5.category3rd      0.55114233
Pleiotropy_PRSWEB_PRS.tertile.category3rd:epitxn_dose_5.category3rd     -0.23225050
                                                                            Pr(>|z|)
(Intercept)                                                             8.151717e-22
Pleiotropy_PRSWEB_PRS.tertile.category2nd                               1.356170e-01
Pleiotropy_PRSWEB_PRS.tertile.category3rd                               1.401867e-01
AGE_AT_LAST_CONTACT.cs1                                                 3.016880e-01
AGE_AT_LAST_CONTACT.cs2                                                 9.623773e-01
AGE_AT_LAST_CONTACT.cs3                                                 7.557276e-01
AGE_AT_LAST_CONTACT.cs4                                                 4.039382e-01
AGE_AT_DIAGNOSIS5-9                                                     4.099906e-02
AGE_AT_DIAGNOSIS10-14                                                   5.841883e-01
AGE_AT_DIAGNOSIS>=15                                                    5.850575e-02
genderFemale                                                            8.957541e-08
maxsegrtdose.category>0-<30                                             9.690200e-07
maxsegrtdose.category>=30                                               4.450317e-03
maxabdrtdose.category>0-<30                                             7.010146e-01
maxabdrtdose.category>=30                                               3.241964e-02
maxchestrtdose.category>0-<20                                           7.248878e-02
maxchestrtdose.category>=20                                             4.675920e-03
epitxn_dose_5.category1st                                               8.789639e-03
epitxn_dose_5.category2nd                                               4.829013e-01
epitxn_dose_5.category3rd                                               7.029961e-01
EAS                                                                     1.915197e-01
AFR                                                                     3.213414e-06
any_chemo_missingYes                                                    8.821390e-01
any_rt_missingYes                                                       2.210442e-01
Pleiotropy_PRSWEB_PRS.tertile.category2nd:maxsegrtdose.category>0-<30   1.029864e-01
Pleiotropy_PRSWEB_PRS.tertile.category3rd:maxsegrtdose.category>0-<30   6.328687e-01
Pleiotropy_PRSWEB_PRS.tertile.category2nd:maxsegrtdose.category>=30     5.205615e-01
Pleiotropy_PRSWEB_PRS.tertile.category3rd:maxsegrtdose.category>=30     9.372476e-01
Pleiotropy_PRSWEB_PRS.tertile.category2nd:maxabdrtdose.category>0-<30   5.380433e-02
Pleiotropy_PRSWEB_PRS.tertile.category3rd:maxabdrtdose.category>0-<30   2.988678e-01
Pleiotropy_PRSWEB_PRS.tertile.category2nd:maxabdrtdose.category>=30     3.455402e-01
Pleiotropy_PRSWEB_PRS.tertile.category3rd:maxabdrtdose.category>=30     8.767704e-01
Pleiotropy_PRSWEB_PRS.tertile.category2nd:maxchestrtdose.category>0-<20 1.637105e-01
Pleiotropy_PRSWEB_PRS.tertile.category3rd:maxchestrtdose.category>0-<20 1.471941e-01
Pleiotropy_PRSWEB_PRS.tertile.category2nd:maxchestrtdose.category>=20   9.561698e-01
Pleiotropy_PRSWEB_PRS.tertile.category3rd:maxchestrtdose.category>=20   6.218797e-01
Pleiotropy_PRSWEB_PRS.tertile.category2nd:epitxn_dose_5.category1st     7.445237e-01
Pleiotropy_PRSWEB_PRS.tertile.category3rd:epitxn_dose_5.category1st     4.234962e-01
Pleiotropy_PRSWEB_PRS.tertile.category2nd:epitxn_dose_5.category2nd     7.969502e-01
Pleiotropy_PRSWEB_PRS.tertile.category3rd:epitxn_dose_5.category2nd     4.354024e-01
Pleiotropy_PRSWEB_PRS.tertile.category2nd:epitxn_dose_5.category3rd     5.815361e-01
Pleiotropy_PRSWEB_PRS.tertile.category3rd:epitxn_dose_5.category3rd     8.163435e-01
                                                                        Estimate
(Intercept)                                                              -8.0113
Pleiotropy_PRSWEB_PRS.tertile.category2nd                                 0.2743
Pleiotropy_PRSWEB_PRS.tertile.category3rd                                 0.2693
AGE_AT_LAST_CONTACT.cs1                                                   0.0610
AGE_AT_LAST_CONTACT.cs2                                                   0.0000
AGE_AT_LAST_CONTACT.cs3                                                   0.0003
AGE_AT_LAST_CONTACT.cs4                                                  -0.0009
AGE_AT_DIAGNOSIS5-9                                                      -0.2427
AGE_AT_DIAGNOSIS10-14                                                    -0.0642
AGE_AT_DIAGNOSIS>=15                                                     -0.2464
genderFemale                                                              0.4437
maxsegrtdose.category>0-<30                                               0.9092
maxsegrtdose.category>=30                                                 0.7069
maxabdrtdose.category>0-<30                                              -0.1115
maxabdrtdose.category>=30                                                 0.5926
maxchestrtdose.category>0-<20                                             0.7442
maxchestrtdose.category>=20                                               0.6790
epitxn_dose_5.category1st                                                 0.6054
epitxn_dose_5.category2nd                                                 0.1855
epitxn_dose_5.category3rd                                                 0.0955
EAS                                                                      -1.1647
AFR                                                                      -0.8973
any_chemo_missingYes                                                     -0.1492
any_rt_missingYes                                                         0.4441
Pleiotropy_PRSWEB_PRS.tertile.category2nd:maxsegrtdose.category>0-<30    -0.4013
Pleiotropy_PRSWEB_PRS.tertile.category3rd:maxsegrtdose.category>0-<30    -0.1156
Pleiotropy_PRSWEB_PRS.tertile.category2nd:maxsegrtdose.category>=30      -0.2133
Pleiotropy_PRSWEB_PRS.tertile.category3rd:maxsegrtdose.category>=30       0.0262
Pleiotropy_PRSWEB_PRS.tertile.category2nd:maxabdrtdose.category>0-<30     0.7044
Pleiotropy_PRSWEB_PRS.tertile.category3rd:maxabdrtdose.category>0-<30     0.3961
Pleiotropy_PRSWEB_PRS.tertile.category2nd:maxabdrtdose.category>=30      -0.3668
Pleiotropy_PRSWEB_PRS.tertile.category3rd:maxabdrtdose.category>=30       0.0580
Pleiotropy_PRSWEB_PRS.tertile.category2nd:maxchestrtdose.category>0-<20  -0.7740
Pleiotropy_PRSWEB_PRS.tertile.category3rd:maxchestrtdose.category>0-<20  -0.9062
Pleiotropy_PRSWEB_PRS.tertile.category2nd:maxchestrtdose.category>=20     0.0174
Pleiotropy_PRSWEB_PRS.tertile.category3rd:maxchestrtdose.category>=20    -0.1565
Pleiotropy_PRSWEB_PRS.tertile.category2nd:epitxn_dose_5.category1st      -0.1129
Pleiotropy_PRSWEB_PRS.tertile.category3rd:epitxn_dose_5.category1st      -0.2578
Pleiotropy_PRSWEB_PRS.tertile.category2nd:epitxn_dose_5.category2nd      -0.0947
Pleiotropy_PRSWEB_PRS.tertile.category3rd:epitxn_dose_5.category2nd       0.2705
Pleiotropy_PRSWEB_PRS.tertile.category2nd:epitxn_dose_5.category3rd       0.1907
Pleiotropy_PRSWEB_PRS.tertile.category3rd:epitxn_dose_5.category3rd      -0.0816
                                                                        Std. Error
(Intercept)                                                                 0.8347
Pleiotropy_PRSWEB_PRS.tertile.category2nd                                   0.1838
Pleiotropy_PRSWEB_PRS.tertile.category3rd                                   0.1826
AGE_AT_LAST_CONTACT.cs1                                                     0.0591
AGE_AT_LAST_CONTACT.cs2                                                     0.0003
AGE_AT_LAST_CONTACT.cs3                                                     0.0010
AGE_AT_LAST_CONTACT.cs4                                                     0.0010
AGE_AT_DIAGNOSIS5-9                                                         0.1188
AGE_AT_DIAGNOSIS10-14                                                       0.1174
AGE_AT_DIAGNOSIS>=15                                                        0.1302
genderFemale                                                                0.0830
maxsegrtdose.category>0-<30                                                 0.1856
maxsegrtdose.category>=30                                                   0.2485
maxabdrtdose.category>0-<30                                                 0.2905
maxabdrtdose.category>=30                                                   0.2770
maxchestrtdose.category>0-<20                                               0.4144
maxchestrtdose.category>=20                                                 0.2400
epitxn_dose_5.category1st                                                   0.2311
epitxn_dose_5.category2nd                                                   0.2643
epitxn_dose_5.category3rd                                                   0.2505
EAS                                                                         0.8918
AFR                                                                         0.1927
any_chemo_missingYes                                                        1.0066
any_rt_missingYes                                                           0.3629
Pleiotropy_PRSWEB_PRS.tertile.category2nd:maxsegrtdose.category>0-<30       0.2461
Pleiotropy_PRSWEB_PRS.tertile.category3rd:maxsegrtdose.category>0-<30       0.2420
Pleiotropy_PRSWEB_PRS.tertile.category2nd:maxsegrtdose.category>=30         0.3320
Pleiotropy_PRSWEB_PRS.tertile.category3rd:maxsegrtdose.category>=30         0.3324
Pleiotropy_PRSWEB_PRS.tertile.category2nd:maxabdrtdose.category>0-<30       0.3653
Pleiotropy_PRSWEB_PRS.tertile.category3rd:maxabdrtdose.category>0-<30       0.3813
Pleiotropy_PRSWEB_PRS.tertile.category2nd:maxabdrtdose.category>=30         0.3889
Pleiotropy_PRSWEB_PRS.tertile.category3rd:maxabdrtdose.category>=30         0.3738
Pleiotropy_PRSWEB_PRS.tertile.category2nd:maxchestrtdose.category>0-<20     0.5558
Pleiotropy_PRSWEB_PRS.tertile.category3rd:maxchestrtdose.category>0-<20     0.6252
Pleiotropy_PRSWEB_PRS.tertile.category2nd:maxchestrtdose.category>=20       0.3163
Pleiotropy_PRSWEB_PRS.tertile.category3rd:maxchestrtdose.category>=20       0.3173
Pleiotropy_PRSWEB_PRS.tertile.category2nd:epitxn_dose_5.category1st         0.3465
Pleiotropy_PRSWEB_PRS.tertile.category3rd:epitxn_dose_5.category1st         0.3220
Pleiotropy_PRSWEB_PRS.tertile.category2nd:epitxn_dose_5.category2nd         0.3682
Pleiotropy_PRSWEB_PRS.tertile.category3rd:epitxn_dose_5.category2nd         0.3468
Pleiotropy_PRSWEB_PRS.tertile.category2nd:epitxn_dose_5.category3rd         0.3460
Pleiotropy_PRSWEB_PRS.tertile.category3rd:epitxn_dose_5.category3rd         0.3512
                                                                        z value
(Intercept)                                                             -9.5980
Pleiotropy_PRSWEB_PRS.tertile.category2nd                                1.4923
Pleiotropy_PRSWEB_PRS.tertile.category3rd                                1.4751
AGE_AT_LAST_CONTACT.cs1                                                  1.0328
AGE_AT_LAST_CONTACT.cs2                                                  0.0472
AGE_AT_LAST_CONTACT.cs3                                                  0.3111
AGE_AT_LAST_CONTACT.cs4                                                 -0.8346
AGE_AT_DIAGNOSIS5-9                                                     -2.0435
AGE_AT_DIAGNOSIS10-14                                                   -0.5473
AGE_AT_DIAGNOSIS>=15                                                    -1.8919
genderFemale                                                             5.3467
maxsegrtdose.category>0-<30                                              4.8978
maxsegrtdose.category>=30                                                2.8443
maxabdrtdose.category>0-<30                                             -0.3840
maxabdrtdose.category>=30                                                2.1392
maxchestrtdose.category>0-<20                                            1.7960
maxchestrtdose.category>=20                                              2.8286
epitxn_dose_5.category1st                                                2.6201
epitxn_dose_5.category2nd                                                0.7016
epitxn_dose_5.category3rd                                                0.3813
EAS                                                                     -1.3061
AFR                                                                     -4.6567
any_chemo_missingYes                                                    -0.1483
any_rt_missingYes                                                        1.2238
Pleiotropy_PRSWEB_PRS.tertile.category2nd:maxsegrtdose.category>0-<30   -1.6305
Pleiotropy_PRSWEB_PRS.tertile.category3rd:maxsegrtdose.category>0-<30   -0.4777
Pleiotropy_PRSWEB_PRS.tertile.category2nd:maxsegrtdose.category>=30     -0.6425
Pleiotropy_PRSWEB_PRS.tertile.category3rd:maxsegrtdose.category>=30      0.0787
Pleiotropy_PRSWEB_PRS.tertile.category2nd:maxabdrtdose.category>0-<30    1.9284
Pleiotropy_PRSWEB_PRS.tertile.category3rd:maxabdrtdose.category>0-<30    1.0389
Pleiotropy_PRSWEB_PRS.tertile.category2nd:maxabdrtdose.category>=30     -0.9433
Pleiotropy_PRSWEB_PRS.tertile.category3rd:maxabdrtdose.category>=30      0.1551
Pleiotropy_PRSWEB_PRS.tertile.category2nd:maxchestrtdose.category>0-<20 -1.3927
Pleiotropy_PRSWEB_PRS.tertile.category3rd:maxchestrtdose.category>0-<20 -1.4495
Pleiotropy_PRSWEB_PRS.tertile.category2nd:maxchestrtdose.category>=20    0.0550
Pleiotropy_PRSWEB_PRS.tertile.category3rd:maxchestrtdose.category>=20   -0.4932
Pleiotropy_PRSWEB_PRS.tertile.category2nd:epitxn_dose_5.category1st     -0.3259
Pleiotropy_PRSWEB_PRS.tertile.category3rd:epitxn_dose_5.category1st     -0.8004
Pleiotropy_PRSWEB_PRS.tertile.category2nd:epitxn_dose_5.category2nd     -0.2573
Pleiotropy_PRSWEB_PRS.tertile.category3rd:epitxn_dose_5.category2nd      0.7800
Pleiotropy_PRSWEB_PRS.tertile.category2nd:epitxn_dose_5.category3rd      0.5511
Pleiotropy_PRSWEB_PRS.tertile.category3rd:epitxn_dose_5.category3rd     -0.2323
                                                                        Pr(>|z|)
(Intercept)                                                               0.0000
Pleiotropy_PRSWEB_PRS.tertile.category2nd                                 0.1356
Pleiotropy_PRSWEB_PRS.tertile.category3rd                                 0.1402
AGE_AT_LAST_CONTACT.cs1                                                   0.3017
AGE_AT_LAST_CONTACT.cs2                                                   0.9624
AGE_AT_LAST_CONTACT.cs3                                                   0.7557
AGE_AT_LAST_CONTACT.cs4                                                   0.4039
AGE_AT_DIAGNOSIS5-9                                                       0.0410
AGE_AT_DIAGNOSIS10-14                                                     0.5842
AGE_AT_DIAGNOSIS>=15                                                      0.0585
genderFemale                                                              0.0000
maxsegrtdose.category>0-<30                                               0.0000
maxsegrtdose.category>=30                                                 0.0045
maxabdrtdose.category>0-<30                                               0.7010
maxabdrtdose.category>=30                                                 0.0324
maxchestrtdose.category>0-<20                                             0.0725
maxchestrtdose.category>=20                                               0.0047
epitxn_dose_5.category1st                                                 0.0088
epitxn_dose_5.category2nd                                                 0.4829
epitxn_dose_5.category3rd                                                 0.7030
EAS                                                                       0.1915
AFR                                                                       0.0000
any_chemo_missingYes                                                      0.8821
any_rt_missingYes                                                         0.2210
Pleiotropy_PRSWEB_PRS.tertile.category2nd:maxsegrtdose.category>0-<30     0.1030
Pleiotropy_PRSWEB_PRS.tertile.category3rd:maxsegrtdose.category>0-<30     0.6329
Pleiotropy_PRSWEB_PRS.tertile.category2nd:maxsegrtdose.category>=30       0.5206
Pleiotropy_PRSWEB_PRS.tertile.category3rd:maxsegrtdose.category>=30       0.9372
Pleiotropy_PRSWEB_PRS.tertile.category2nd:maxabdrtdose.category>0-<30     0.0538
Pleiotropy_PRSWEB_PRS.tertile.category3rd:maxabdrtdose.category>0-<30     0.2989
Pleiotropy_PRSWEB_PRS.tertile.category2nd:maxabdrtdose.category>=30       0.3455
Pleiotropy_PRSWEB_PRS.tertile.category3rd:maxabdrtdose.category>=30       0.8768
Pleiotropy_PRSWEB_PRS.tertile.category2nd:maxchestrtdose.category>0-<20   0.1637
Pleiotropy_PRSWEB_PRS.tertile.category3rd:maxchestrtdose.category>0-<20   0.1472
Pleiotropy_PRSWEB_PRS.tertile.category2nd:maxchestrtdose.category>=20     0.9562
Pleiotropy_PRSWEB_PRS.tertile.category3rd:maxchestrtdose.category>=20     0.6219
Pleiotropy_PRSWEB_PRS.tertile.category2nd:epitxn_dose_5.category1st       0.7445
Pleiotropy_PRSWEB_PRS.tertile.category3rd:epitxn_dose_5.category1st       0.4235
Pleiotropy_PRSWEB_PRS.tertile.category2nd:epitxn_dose_5.category2nd       0.7970
Pleiotropy_PRSWEB_PRS.tertile.category3rd:epitxn_dose_5.category2nd       0.4354
Pleiotropy_PRSWEB_PRS.tertile.category2nd:epitxn_dose_5.category3rd       0.5815
Pleiotropy_PRSWEB_PRS.tertile.category3rd:epitxn_dose_5.category3rd       0.8163
                                                                        Estimate
(Intercept)                                                               -8.011
Pleiotropy_PRSWEB_PRS.tertile.category2nd                                  0.274
Pleiotropy_PRSWEB_PRS.tertile.category3rd                                  0.269
AGE_AT_DIAGNOSIS5-9                                                       -0.243
AGE_AT_DIAGNOSIS10-14                                                     -0.064
AGE_AT_DIAGNOSIS>=15                                                      -0.246
genderFemale                                                               0.444
maxsegrtdose.category>0-<30                                                0.909
maxsegrtdose.category>=30                                                  0.707
maxabdrtdose.category>0-<30                                               -0.112
maxabdrtdose.category>=30                                                  0.593
maxchestrtdose.category>0-<20                                              0.744
maxchestrtdose.category>=20                                                0.679
epitxn_dose_5.category1st                                                  0.605
epitxn_dose_5.category2nd                                                  0.185
epitxn_dose_5.category3rd                                                  0.096
EAS                                                                       -1.165
AFR                                                                       -0.897
any_chemo_missingYes                                                      -0.149
any_rt_missingYes                                                          0.444
Pleiotropy_PRSWEB_PRS.tertile.category2nd:maxsegrtdose.category>0-<30     -0.401
Pleiotropy_PRSWEB_PRS.tertile.category3rd:maxsegrtdose.category>0-<30     -0.116
Pleiotropy_PRSWEB_PRS.tertile.category2nd:maxsegrtdose.category>=30       -0.213
Pleiotropy_PRSWEB_PRS.tertile.category3rd:maxsegrtdose.category>=30        0.026
Pleiotropy_PRSWEB_PRS.tertile.category2nd:maxabdrtdose.category>0-<30      0.704
Pleiotropy_PRSWEB_PRS.tertile.category3rd:maxabdrtdose.category>0-<30      0.396
Pleiotropy_PRSWEB_PRS.tertile.category2nd:maxabdrtdose.category>=30       -0.367
Pleiotropy_PRSWEB_PRS.tertile.category3rd:maxabdrtdose.category>=30        0.058
Pleiotropy_PRSWEB_PRS.tertile.category2nd:maxchestrtdose.category>0-<20   -0.774
Pleiotropy_PRSWEB_PRS.tertile.category3rd:maxchestrtdose.category>0-<20   -0.906
Pleiotropy_PRSWEB_PRS.tertile.category2nd:maxchestrtdose.category>=20      0.017
Pleiotropy_PRSWEB_PRS.tertile.category3rd:maxchestrtdose.category>=20     -0.156
Pleiotropy_PRSWEB_PRS.tertile.category2nd:epitxn_dose_5.category1st       -0.113
Pleiotropy_PRSWEB_PRS.tertile.category3rd:epitxn_dose_5.category1st       -0.258
Pleiotropy_PRSWEB_PRS.tertile.category2nd:epitxn_dose_5.category2nd       -0.095
Pleiotropy_PRSWEB_PRS.tertile.category3rd:epitxn_dose_5.category2nd        0.270
Pleiotropy_PRSWEB_PRS.tertile.category2nd:epitxn_dose_5.category3rd        0.191
Pleiotropy_PRSWEB_PRS.tertile.category3rd:epitxn_dose_5.category3rd       -0.082
                                                                        Std.error
(Intercept)                                                                 0.835
Pleiotropy_PRSWEB_PRS.tertile.category2nd                                   0.184
Pleiotropy_PRSWEB_PRS.tertile.category3rd                                   0.183
AGE_AT_DIAGNOSIS5-9                                                         0.119
AGE_AT_DIAGNOSIS10-14                                                       0.117
AGE_AT_DIAGNOSIS>=15                                                        0.130
genderFemale                                                                0.083
maxsegrtdose.category>0-<30                                                 0.186
maxsegrtdose.category>=30                                                   0.249
maxabdrtdose.category>0-<30                                                 0.291
maxabdrtdose.category>=30                                                   0.277
maxchestrtdose.category>0-<20                                               0.414
maxchestrtdose.category>=20                                                 0.240
epitxn_dose_5.category1st                                                   0.231
epitxn_dose_5.category2nd                                                   0.264
epitxn_dose_5.category3rd                                                   0.251
EAS                                                                         0.892
AFR                                                                         0.193
any_chemo_missingYes                                                        1.007
any_rt_missingYes                                                           0.363
Pleiotropy_PRSWEB_PRS.tertile.category2nd:maxsegrtdose.category>0-<30       0.246
Pleiotropy_PRSWEB_PRS.tertile.category3rd:maxsegrtdose.category>0-<30       0.242
Pleiotropy_PRSWEB_PRS.tertile.category2nd:maxsegrtdose.category>=30         0.332
Pleiotropy_PRSWEB_PRS.tertile.category3rd:maxsegrtdose.category>=30         0.332
Pleiotropy_PRSWEB_PRS.tertile.category2nd:maxabdrtdose.category>0-<30       0.365
Pleiotropy_PRSWEB_PRS.tertile.category3rd:maxabdrtdose.category>0-<30       0.381
Pleiotropy_PRSWEB_PRS.tertile.category2nd:maxabdrtdose.category>=30         0.389
Pleiotropy_PRSWEB_PRS.tertile.category3rd:maxabdrtdose.category>=30         0.374
Pleiotropy_PRSWEB_PRS.tertile.category2nd:maxchestrtdose.category>0-<20     0.556
Pleiotropy_PRSWEB_PRS.tertile.category3rd:maxchestrtdose.category>0-<20     0.625
Pleiotropy_PRSWEB_PRS.tertile.category2nd:maxchestrtdose.category>=20       0.316
Pleiotropy_PRSWEB_PRS.tertile.category3rd:maxchestrtdose.category>=20       0.317
Pleiotropy_PRSWEB_PRS.tertile.category2nd:epitxn_dose_5.category1st         0.347
Pleiotropy_PRSWEB_PRS.tertile.category3rd:epitxn_dose_5.category1st         0.322
Pleiotropy_PRSWEB_PRS.tertile.category2nd:epitxn_dose_5.category2nd         0.368
Pleiotropy_PRSWEB_PRS.tertile.category3rd:epitxn_dose_5.category2nd         0.347
Pleiotropy_PRSWEB_PRS.tertile.category2nd:epitxn_dose_5.category3rd         0.346
Pleiotropy_PRSWEB_PRS.tertile.category3rd:epitxn_dose_5.category3rd         0.351
                                                                             P
(Intercept)                                                             <0.001
Pleiotropy_PRSWEB_PRS.tertile.category2nd                                0.136
Pleiotropy_PRSWEB_PRS.tertile.category3rd                                0.140
AGE_AT_DIAGNOSIS5-9                                                      0.041
AGE_AT_DIAGNOSIS10-14                                                    0.584
AGE_AT_DIAGNOSIS>=15                                                     0.059
genderFemale                                                            <0.001
maxsegrtdose.category>0-<30                                             <0.001
maxsegrtdose.category>=30                                                0.004
maxabdrtdose.category>0-<30                                              0.701
maxabdrtdose.category>=30                                                0.032
maxchestrtdose.category>0-<20                                            0.072
maxchestrtdose.category>=20                                              0.005
epitxn_dose_5.category1st                                                0.009
epitxn_dose_5.category2nd                                                0.483
epitxn_dose_5.category3rd                                                0.703
EAS                                                                      0.192
AFR                                                                     <0.001
any_chemo_missingYes                                                     0.882
any_rt_missingYes                                                        0.221
Pleiotropy_PRSWEB_PRS.tertile.category2nd:maxsegrtdose.category>0-<30    0.103
Pleiotropy_PRSWEB_PRS.tertile.category3rd:maxsegrtdose.category>0-<30    0.633
Pleiotropy_PRSWEB_PRS.tertile.category2nd:maxsegrtdose.category>=30      0.521
Pleiotropy_PRSWEB_PRS.tertile.category3rd:maxsegrtdose.category>=30      0.937
Pleiotropy_PRSWEB_PRS.tertile.category2nd:maxabdrtdose.category>0-<30    0.054
Pleiotropy_PRSWEB_PRS.tertile.category3rd:maxabdrtdose.category>0-<30    0.299
Pleiotropy_PRSWEB_PRS.tertile.category2nd:maxabdrtdose.category>=30      0.346
Pleiotropy_PRSWEB_PRS.tertile.category3rd:maxabdrtdose.category>=30      0.877
Pleiotropy_PRSWEB_PRS.tertile.category2nd:maxchestrtdose.category>0-<20  0.164
Pleiotropy_PRSWEB_PRS.tertile.category3rd:maxchestrtdose.category>0-<20  0.147
Pleiotropy_PRSWEB_PRS.tertile.category2nd:maxchestrtdose.category>=20    0.956
Pleiotropy_PRSWEB_PRS.tertile.category3rd:maxchestrtdose.category>=20    0.622
Pleiotropy_PRSWEB_PRS.tertile.category2nd:epitxn_dose_5.category1st      0.745
Pleiotropy_PRSWEB_PRS.tertile.category3rd:epitxn_dose_5.category1st      0.423
Pleiotropy_PRSWEB_PRS.tertile.category2nd:epitxn_dose_5.category2nd      0.797
Pleiotropy_PRSWEB_PRS.tertile.category3rd:epitxn_dose_5.category2nd      0.435
Pleiotropy_PRSWEB_PRS.tertile.category2nd:epitxn_dose_5.category3rd      0.582
Pleiotropy_PRSWEB_PRS.tertile.category3rd:epitxn_dose_5.category3rd      0.816
                                                 Estimate   Std. Error
(Intercept)                                 -7.987383e+00 8.300500e-01
Pleiotropy_PRSWEB_PRS.tertile.category2nd    1.954028e-01 1.025098e-01
Pleiotropy_PRSWEB_PRS.tertile.category3rd    2.253799e-01 1.019337e-01
AGE_AT_LAST_CONTACT.cs1                      6.311628e-02 5.908119e-02
AGE_AT_LAST_CONTACT.cs2                     -3.738618e-06 3.109543e-04
AGE_AT_LAST_CONTACT.cs3                      3.831499e-04 1.011613e-03
AGE_AT_LAST_CONTACT.cs4                     -9.327430e-04 1.024985e-03
AGE_AT_DIAGNOSIS5-9                         -2.505461e-01 1.184197e-01
AGE_AT_DIAGNOSIS10-14                       -7.171969e-02 1.169917e-01
AGE_AT_DIAGNOSIS>=15                        -2.445796e-01 1.297450e-01
genderFemale                                 4.385337e-01 8.259374e-02
maxsegrtdose.category>0-<30                  6.805161e-01 1.055025e-01
maxsegrtdose.category>=30                    6.516505e-01 1.392945e-01
maxabdrtdose.category>0-<30                  2.458262e-01 1.510475e-01
maxabdrtdose.category>=30                    4.917002e-01 1.576458e-01
maxchestrtdose.category>0-<20                3.287572e-01 2.369231e-01
maxchestrtdose.category>=20                  6.826276e-01 1.345480e-01
epitxn_dose_5.category1st                    4.323409e-01 1.476535e-01
epitxn_dose_5.category2nd                    2.851482e-01 1.482141e-01
epitxn_dose_5.category3rd                    1.775993e-01 1.514227e-01
ancestryAFR                                 -9.098045e-01 2.809025e-01
ancestryOther                               -3.259091e-01 5.164086e-01
any_chemo_missingYes                        -1.303016e-01 1.004327e+00
any_rt_missingYes                            4.223032e-01 3.636714e-01
maxsegrtdose.category>0-<30:ancestryAFR      8.478819e-01 4.522843e-01
maxsegrtdose.category>=30:ancestryAFR        9.146736e-02 5.197485e-01
maxsegrtdose.category>0-<30:ancestryOther    6.547863e-01 8.438507e-01
maxsegrtdose.category>=30:ancestryOther      5.779132e-02 1.276895e+00
maxabdrtdose.category>0-<30:ancestryAFR      8.008131e-01 4.868859e-01
maxabdrtdose.category>=30:ancestryAFR       -1.218932e-01 6.256027e-01
maxabdrtdose.category>0-<30:ancestryOther    1.625764e+00 1.091960e+00
maxabdrtdose.category>=30:ancestryOther     -1.065330e+01 4.655146e+02
maxchestrtdose.category>0-<20:ancestryAFR   -1.344136e+01 2.434426e+02
maxchestrtdose.category>=20:ancestryAFR     -3.211887e-01 4.748691e-01
maxchestrtdose.category>0-<20:ancestryOther -1.511722e+01 4.273191e+02
maxchestrtdose.category>=20:ancestryOther   -2.561119e+00 1.582757e+00
epitxn_dose_5.category1st:ancestryAFR        6.187061e-01 4.840244e-01
epitxn_dose_5.category2nd:ancestryAFR       -1.777190e-01 6.327555e-01
epitxn_dose_5.category3rd:ancestryAFR       -7.028955e-01 6.351869e-01
epitxn_dose_5.category1st:ancestryOther      3.799460e-01 8.511946e-01
epitxn_dose_5.category2nd:ancestryOther     -1.290653e+01 2.438310e+02
epitxn_dose_5.category3rd:ancestryOther     -3.272369e-01 9.296270e-01
                                                z value     Pr(>|z|)
(Intercept)                                 -9.62277344 6.407964e-22
Pleiotropy_PRSWEB_PRS.tertile.category2nd    1.90618696 5.662595e-02
Pleiotropy_PRSWEB_PRS.tertile.category3rd    2.21104380 2.703280e-02
AGE_AT_LAST_CONTACT.cs1                      1.06829747 2.853864e-01
AGE_AT_LAST_CONTACT.cs2                     -0.01202305 9.904072e-01
AGE_AT_LAST_CONTACT.cs3                      0.37875130 7.048726e-01
AGE_AT_LAST_CONTACT.cs4                     -0.91000617 3.628193e-01
AGE_AT_DIAGNOSIS5-9                         -2.11574712 3.436632e-02
AGE_AT_DIAGNOSIS10-14                       -0.61303240 5.398549e-01
AGE_AT_DIAGNOSIS>=15                        -1.88507945 5.941911e-02
genderFemale                                 5.30952686 1.099102e-07
maxsegrtdose.category>0-<30                  6.45023818 1.116745e-10
maxsegrtdose.category>=30                    4.67822270 2.893722e-06
maxabdrtdose.category>0-<30                  1.62747567 1.036361e-01
maxabdrtdose.category>=30                    3.11901915 1.814542e-03
maxchestrtdose.category>0-<20                1.38761125 1.652555e-01
maxchestrtdose.category>=20                  5.07348643 3.905923e-07
epitxn_dose_5.category1st                    2.92807717 3.410654e-03
epitxn_dose_5.category2nd                    1.92389419 5.436785e-02
epitxn_dose_5.category3rd                    1.17287138 2.408474e-01
ancestryAFR                                 -3.23886168 1.200078e-03
ancestryOther                               -0.63110700 5.279706e-01
any_chemo_missingYes                        -0.12974020 8.967720e-01
any_rt_missingYes                            1.16122176 2.455517e-01
maxsegrtdose.category>0-<30:ancestryAFR      1.87466571 6.083873e-02
maxsegrtdose.category>=30:ancestryAFR        0.17598388 8.603066e-01
maxsegrtdose.category>0-<30:ancestryOther    0.77595040 4.377783e-01
maxsegrtdose.category>=30:ancestryOther      0.04525926 9.639007e-01
maxabdrtdose.category>0-<30:ancestryAFR      1.64476528 1.000182e-01
maxabdrtdose.category>=30:ancestryAFR       -0.19484124 8.455172e-01
maxabdrtdose.category>0-<30:ancestryOther    1.48884957 1.365270e-01
maxabdrtdose.category>=30:ancestryOther     -0.02288500 9.817420e-01
maxchestrtdose.category>0-<20:ancestryAFR   -0.05521367 9.559682e-01
maxchestrtdose.category>=20:ancestryAFR     -0.67637311 4.988038e-01
maxchestrtdose.category>0-<20:ancestryOther -0.03537688 9.717792e-01
maxchestrtdose.category>=20:ancestryOther   -1.61813749 1.056330e-01
epitxn_dose_5.category1st:ancestryAFR        1.27825377 2.011600e-01
epitxn_dose_5.category2nd:ancestryAFR       -0.28086517 7.788138e-01
epitxn_dose_5.category3rd:ancestryAFR       -1.10659640 2.684685e-01
epitxn_dose_5.category1st:ancestryOther      0.44636797 6.553315e-01
epitxn_dose_5.category2nd:ancestryOther     -0.05293226 9.577859e-01
epitxn_dose_5.category3rd:ancestryOther     -0.35200877 7.248317e-01
                                            Estimate Std. Error z value
(Intercept)                                  -7.9874     0.8300 -9.6228
Pleiotropy_PRSWEB_PRS.tertile.category2nd     0.1954     0.1025  1.9062
Pleiotropy_PRSWEB_PRS.tertile.category3rd     0.2254     0.1019  2.2110
AGE_AT_LAST_CONTACT.cs1                       0.0631     0.0591  1.0683
AGE_AT_LAST_CONTACT.cs2                      -0.0000     0.0003 -0.0120
AGE_AT_LAST_CONTACT.cs3                       0.0004     0.0010  0.3788
AGE_AT_LAST_CONTACT.cs4                      -0.0009     0.0010 -0.9100
AGE_AT_DIAGNOSIS5-9                          -0.2505     0.1184 -2.1157
AGE_AT_DIAGNOSIS10-14                        -0.0717     0.1170 -0.6130
AGE_AT_DIAGNOSIS>=15                         -0.2446     0.1297 -1.8851
genderFemale                                  0.4385     0.0826  5.3095
maxsegrtdose.category>0-<30                   0.6805     0.1055  6.4502
maxsegrtdose.category>=30                     0.6517     0.1393  4.6782
maxabdrtdose.category>0-<30                   0.2458     0.1510  1.6275
maxabdrtdose.category>=30                     0.4917     0.1576  3.1190
maxchestrtdose.category>0-<20                 0.3288     0.2369  1.3876
maxchestrtdose.category>=20                   0.6826     0.1345  5.0735
epitxn_dose_5.category1st                     0.4323     0.1477  2.9281
epitxn_dose_5.category2nd                     0.2851     0.1482  1.9239
epitxn_dose_5.category3rd                     0.1776     0.1514  1.1729
ancestryAFR                                  -0.9098     0.2809 -3.2389
ancestryOther                                -0.3259     0.5164 -0.6311
any_chemo_missingYes                         -0.1303     1.0043 -0.1297
any_rt_missingYes                             0.4223     0.3637  1.1612
maxsegrtdose.category>0-<30:ancestryAFR       0.8479     0.4523  1.8747
maxsegrtdose.category>=30:ancestryAFR         0.0915     0.5197  0.1760
maxsegrtdose.category>0-<30:ancestryOther     0.6548     0.8439  0.7760
maxsegrtdose.category>=30:ancestryOther       0.0578     1.2769  0.0453
maxabdrtdose.category>0-<30:ancestryAFR       0.8008     0.4869  1.6448
maxabdrtdose.category>=30:ancestryAFR        -0.1219     0.6256 -0.1948
maxabdrtdose.category>0-<30:ancestryOther     1.6258     1.0920  1.4888
maxabdrtdose.category>=30:ancestryOther     -10.6533   465.5146 -0.0229
maxchestrtdose.category>0-<20:ancestryAFR   -13.4414   243.4426 -0.0552
maxchestrtdose.category>=20:ancestryAFR      -0.3212     0.4749 -0.6764
maxchestrtdose.category>0-<20:ancestryOther -15.1172   427.3191 -0.0354
maxchestrtdose.category>=20:ancestryOther    -2.5611     1.5828 -1.6181
epitxn_dose_5.category1st:ancestryAFR         0.6187     0.4840  1.2783
epitxn_dose_5.category2nd:ancestryAFR        -0.1777     0.6328 -0.2809
epitxn_dose_5.category3rd:ancestryAFR        -0.7029     0.6352 -1.1066
epitxn_dose_5.category1st:ancestryOther       0.3799     0.8512  0.4464
epitxn_dose_5.category2nd:ancestryOther     -12.9065   243.8310 -0.0529
epitxn_dose_5.category3rd:ancestryOther      -0.3272     0.9296 -0.3520
                                            Pr(>|z|)
(Intercept)                                   0.0000
Pleiotropy_PRSWEB_PRS.tertile.category2nd     0.0566
Pleiotropy_PRSWEB_PRS.tertile.category3rd     0.0270
AGE_AT_LAST_CONTACT.cs1                       0.2854
AGE_AT_LAST_CONTACT.cs2                       0.9904
AGE_AT_LAST_CONTACT.cs3                       0.7049
AGE_AT_LAST_CONTACT.cs4                       0.3628
AGE_AT_DIAGNOSIS5-9                           0.0344
AGE_AT_DIAGNOSIS10-14                         0.5399
AGE_AT_DIAGNOSIS>=15                          0.0594
genderFemale                                  0.0000
maxsegrtdose.category>0-<30                   0.0000
maxsegrtdose.category>=30                     0.0000
maxabdrtdose.category>0-<30                   0.1036
maxabdrtdose.category>=30                     0.0018
maxchestrtdose.category>0-<20                 0.1653
maxchestrtdose.category>=20                   0.0000
epitxn_dose_5.category1st                     0.0034
epitxn_dose_5.category2nd                     0.0544
epitxn_dose_5.category3rd                     0.2408
ancestryAFR                                   0.0012
ancestryOther                                 0.5280
any_chemo_missingYes                          0.8968
any_rt_missingYes                             0.2456
maxsegrtdose.category>0-<30:ancestryAFR       0.0608
maxsegrtdose.category>=30:ancestryAFR         0.8603
maxsegrtdose.category>0-<30:ancestryOther     0.4378
maxsegrtdose.category>=30:ancestryOther       0.9639
maxabdrtdose.category>0-<30:ancestryAFR       0.1000
maxabdrtdose.category>=30:ancestryAFR         0.8455
maxabdrtdose.category>0-<30:ancestryOther     0.1365
maxabdrtdose.category>=30:ancestryOther       0.9817
maxchestrtdose.category>0-<20:ancestryAFR     0.9560
maxchestrtdose.category>=20:ancestryAFR       0.4988
maxchestrtdose.category>0-<20:ancestryOther   0.9718
maxchestrtdose.category>=20:ancestryOther     0.1056
epitxn_dose_5.category1st:ancestryAFR         0.2012
epitxn_dose_5.category2nd:ancestryAFR         0.7788
epitxn_dose_5.category3rd:ancestryAFR         0.2685
epitxn_dose_5.category1st:ancestryOther       0.6553
epitxn_dose_5.category2nd:ancestryOther       0.9578
epitxn_dose_5.category3rd:ancestryOther       0.7248
                                            Estimate Std.error      P
(Intercept)                                   -7.987     0.830 <0.001
Pleiotropy_PRSWEB_PRS.tertile.category2nd      0.195     0.103  0.057
Pleiotropy_PRSWEB_PRS.tertile.category3rd      0.225     0.102  0.027
AGE_AT_DIAGNOSIS5-9                           -0.251     0.118  0.034
AGE_AT_DIAGNOSIS10-14                         -0.072     0.117  0.540
AGE_AT_DIAGNOSIS>=15                          -0.245     0.130  0.059
genderFemale                                   0.439     0.083 <0.001
maxsegrtdose.category>0-<30                    0.681     0.106 <0.001
maxsegrtdose.category>=30                      0.652     0.139 <0.001
maxabdrtdose.category>0-<30                    0.246     0.151  0.104
maxabdrtdose.category>=30                      0.492     0.158  0.002
maxchestrtdose.category>0-<20                  0.329     0.237  0.165
maxchestrtdose.category>=20                    0.683     0.135 <0.001
epitxn_dose_5.category1st                      0.432     0.148  0.003
epitxn_dose_5.category2nd                      0.285     0.148  0.054
epitxn_dose_5.category3rd                      0.178     0.151  0.241
ancestryAFR                                   -0.910     0.281  0.001
ancestryOther                                 -0.326     0.516  0.528
any_chemo_missingYes                          -0.130     1.004  0.897
any_rt_missingYes                              0.422     0.364  0.246
maxsegrtdose.category>0-<30:ancestryAFR        0.848     0.452  0.061
maxsegrtdose.category>=30:ancestryAFR          0.091     0.520  0.860
maxsegrtdose.category>0-<30:ancestryOther      0.655     0.844  0.438
maxsegrtdose.category>=30:ancestryOther        0.058     1.277  0.964
maxabdrtdose.category>0-<30:ancestryAFR        0.801     0.487  0.100
maxabdrtdose.category>=30:ancestryAFR         -0.122     0.626  0.846
maxabdrtdose.category>0-<30:ancestryOther      1.626     1.092  0.137
maxabdrtdose.category>=30:ancestryOther      -10.653   465.515  0.982
maxchestrtdose.category>0-<20:ancestryAFR    -13.441   243.443  0.956
maxchestrtdose.category>=20:ancestryAFR       -0.321     0.475  0.499
maxchestrtdose.category>0-<20:ancestryOther  -15.117   427.319  0.972
maxchestrtdose.category>=20:ancestryOther     -2.561     1.583  0.106
epitxn_dose_5.category1st:ancestryAFR          0.619     0.484  0.201
epitxn_dose_5.category2nd:ancestryAFR         -0.178     0.633  0.779
epitxn_dose_5.category3rd:ancestryAFR         -0.703     0.635  0.268
epitxn_dose_5.category1st:ancestryOther        0.380     0.851  0.655
epitxn_dose_5.category2nd:ancestryOther      -12.907   243.831  0.958
epitxn_dose_5.category3rd:ancestryOther       -0.327     0.930  0.725

------------------------------------------------------------
Sender: LSF System <lsfadmin@noderome227>
Subject: Job 247022974: <model_fit1_20250118_004900> in cluster <hpcf_research_cluster> Done

Job <model_fit1_20250118_004900> was submitted from host <splprhpc11> by user <aneupane> in cluster <hpcf_research_cluster> at Sat Jan 18 00:49:00 2025
Job was executed on host(s) <noderome227>, in queue <standard>, as user <aneupane> in cluster <hpcf_research_cluster> at Sat Jan 18 00:49:08 2025
</home/aneupane> was used as the home directory.
</home/aneupane/St_Jude/Achal_St_Jude/rcodes/attributable_fraction_R_codes/V21b_Lancet_Revision_HPC/21b/SJLIFE/Without_lifestyle/Models/with_collapsed_categories> was used as the working directory.
Started at Sat Jan 18 00:49:08 2025
Terminated at Sat Jan 18 01:13:47 2025
Results reported at Sat Jan 18 01:13:47 2025

Your job looked like:

------------------------------------------------------------
# LSBATCH: User input
bash -c "module load R/4.2.2 && Rscript 1.model_fit_Any_SN.R"
------------------------------------------------------------

Successfully completed.

Resource usage summary:

    CPU time :                                   1463.81 sec.
    Max Memory :                                 1433 MB
    Average Memory :                             1212.01 MB
    Total Requested Memory :                     20000.00 MB
    Delta Memory :                               18567.00 MB
    Max Swap :                                   -
    Max Processes :                              3
    Max Threads :                                5
    Run time :                                   1479 sec.
    Turnaround time :                            1487 sec.

The output (if any) is above this job summary.



PS:

Read file <logs/model_fit1_20250118_004900.err> for stderr output of this job.

