                     row_labels SARCOMA|0 SARCOMA|1 SARCOMA|#Total cases
1 aa_class_dose_5.category|None      1946         9                 1955
2  aa_class_dose_5.category|1st       815         4                  819
3  aa_class_dose_5.category|2nd       805         7                  812
4  aa_class_dose_5.category|3rd       800        13                  813
[1] "aa_class_dose_5.category|None" "aa_class_dose_5.category|1st" 
[3] "aa_class_dose_5.category|2nd" 

Call:
glm(formula = event ~ Sarcoma_Machiela_PRS.tertile.category + 
    AGE_AT_LAST_CONTACT.cs1 + AGE_AT_LAST_CONTACT.cs2 + AGE_AT_LAST_CONTACT.cs3 + 
    AGE_AT_LAST_CONTACT.cs4 + gender + aa_class_dose_5.category + 
    EAS + AFR + any_chemo_missing, family = "poisson", data = dat_all, 
    offset = log(dat_all$PY))

Deviance Residuals: 
    Min       1Q   Median       3Q      Max  
-0.1143  -0.0299  -0.0229  -0.0170   4.6227  

Coefficients:
                                           Estimate Std. Error z value Pr(>|z|)
(Intercept)                              -9.104e+00  2.345e+00  -3.882 0.000103
Sarcoma_Machiela_PRS.tertile.category2nd -4.384e-02  4.228e-01  -0.104 0.917402
Sarcoma_Machiela_PRS.tertile.category3rd -1.827e-01  4.231e-01  -0.432 0.665902
AGE_AT_LAST_CONTACT.cs1                   9.205e-03  1.689e-01   0.054 0.956550
AGE_AT_LAST_CONTACT.cs2                   2.622e-05  8.838e-04   0.030 0.976328
AGE_AT_LAST_CONTACT.cs3                   4.034e-04  2.645e-03   0.152 0.878799
AGE_AT_LAST_CONTACT.cs4                  -1.279e-03  2.715e-03  -0.471 0.637551
genderFemale                              2.763e-01  3.525e-01   0.784 0.433124
aa_class_dose_5.category2nd-3rd           7.456e-01  3.677e-01   2.028 0.042566
EAS                                      -7.214e+00  9.591e+00  -0.752 0.451959
AFR                                      -2.015e-01  6.368e-01  -0.316 0.751660
any_chemo_missingYes                      2.313e+00  1.052e+00   2.198 0.027919
                                            
(Intercept)                              ***
Sarcoma_Machiela_PRS.tertile.category2nd    
Sarcoma_Machiela_PRS.tertile.category3rd    
AGE_AT_LAST_CONTACT.cs1                     
AGE_AT_LAST_CONTACT.cs2                     
AGE_AT_LAST_CONTACT.cs3                     
AGE_AT_LAST_CONTACT.cs4                     
genderFemale                                
aa_class_dose_5.category2nd-3rd          *  
EAS                                         
AFR                                         
any_chemo_missingYes                     *  
---
Signif. codes:  0 ‘***’ 0.001 ‘**’ 0.01 ‘*’ 0.05 ‘.’ 0.1 ‘ ’ 1

(Dispersion parameter for poisson family taken to be 1)

    Null deviance: 596.17  on 94144  degrees of freedom
Residual deviance: 577.25  on 94133  degrees of freedom
  (60 observations deleted due to missingness)
AIC: 667.25

Number of Fisher Scoring iterations: 12

[1] 0.3458146
[1] 0.3420778
[1] 0.3489285
[1] 0.3289981
[1] 0.3713193
[1] 0.3490556
[1] 0.3219235
[1] 0.3458146
[1] 0.3420778
[1] 0.3489285
[1] 0.3289981
[1] 0.3713193
[1] 0.3490556
[1] 0.3219235
[1] -0.07431444
[1] -0.07496367
[1] -0.07377342
[1] -0.07343544
[1] -0.07564759
[1] -0.07657833
[1] -0.05737726
[1] 0.2975307
[1] 0.2932647
[1] 0.3010856
[1] 0.2799667
[1] 0.3241691
[1] 0.2996416
[1] 0.2821988
[1] 1
[1] 2
[1] 3
[1] 4
[1] 5
[1] 6
[1] 7
[1] 8
[1] 9
[1] 10
[1] 11
[1] 12
[1] 13
[1] 14
[1] 15
[1] 16
[1] 17
[1] 18
[1] 19
[1] 20
[1] 21
[1] 22
[1] 23
[1] 24
[1] 25
[1] 26
[1] 27
[1] 28
[1] 29
[1] 30
[1] 31
[1] 32
[1] 33
[1] 34
[1] 35
[1] 36
[1] 37
[1] 38
[1] 39
[1] 40
[1] 41
[1] 42
[1] 43
[1] 44
[1] 45
[1] 46
[1] 47
[1] 48
[1] 49
[1] 50
[1] 51
[1] 52
[1] 53
[1] 54
[1] 55
[1] 56
[1] 57
[1] 58
[1] 59
[1] 60
[1] 61
[1] 62
[1] 63
[1] 64
[1] 65
[1] 66
[1] 67
[1] 68
[1] 69
[1] 70
[1] 71
[1] 72
[1] 73
[1] 74
[1] 75
[1] 76
[1] 77
[1] 78
[1] 79
[1] 80
[1] 81
[1] 82
[1] 83
[1] 84
[1] 85
[1] 86
[1] 87
[1] 88
[1] 89
[1] 90
[1] 91
[1] 92
[1] 93
[1] 94
[1] 95
[1] 96
[1] 97
[1] 98
[1] 99
[1] 100
[1] 101
[1] 102
[1] 103
[1] 104
[1] 105
[1] 106
[1] 107
[1] 108
[1] 109
[1] 110
[1] 111
[1] 112
[1] 113
[1] 114
[1] 115
[1] 116
[1] 117
[1] 118
[1] 119
[1] 120
[1] 121
[1] 122
[1] 123
[1] 124
[1] 125
[1] 126
[1] 127
[1] 128
[1] 129
[1] 130
[1] 131
[1] 132
[1] 133
[1] 134
[1] 135
[1] 136
[1] 137
[1] 138
[1] 139
[1] 140
[1] 141
[1] 142
[1] 143
[1] 144
[1] 145
[1] 146
[1] 147
[1] 148
[1] 149
[1] 150
[1] 151
[1] 152
[1] 153
[1] 154
[1] 155
[1] 156
[1] 157
[1] 158
[1] 159
[1] 160
[1] 161
[1] 162
[1] 163
[1] 164
[1] 165
[1] 166
[1] 167
[1] 168
[1] 169
[1] 170
[1] 171
[1] 172
[1] 173
[1] 174
[1] 175
[1] 176
[1] 177
[1] 178
[1] 179
[1] 180
[1] 181
[1] 182
[1] 183
[1] 184
[1] 185
[1] 186
[1] 187
[1] 188
[1] 189
[1] 190
[1] 191
[1] 192
[1] 193
[1] 194
[1] 195
[1] 196
[1] 197
[1] 198
[1] 199
[1] 200
[1] 201
[1] 202
[1] 203
[1] 204
[1] 205
[1] 206
[1] 207
[1] 208
[1] 209
[1] 210
[1] 211
[1] 212
[1] 213
[1] 214
[1] 215
[1] 216
[1] 217
[1] 218
[1] 219
[1] 220
[1] 221
[1] 222
[1] 223
[1] 224
[1] 225
[1] 226
[1] 227
[1] 228
[1] 229
[1] 230
[1] 231
[1] 232
[1] 233
[1] 234
[1] 235
[1] 236
[1] 237
[1] 238
[1] 239
[1] 240
[1] 241
[1] 242
[1] 243
[1] 244
[1] 245
[1] 246
[1] 247
[1] 248
[1] 249
[1] 250
[1] 251
[1] 252
[1] 253
[1] 254
[1] 255
[1] 256
[1] 257
[1] 258
[1] 259
[1] 260
[1] 261
[1] 262
[1] 263
[1] 264
[1] 265
[1] 266
[1] 267
[1] 268
[1] 269
[1] 270
[1] 271
[1] 272
[1] 273
[1] 274
[1] 275
[1] 276
[1] 277
[1] 278
[1] 279
[1] 280
[1] 281
[1] 282
[1] 283
[1] 284
[1] 285
[1] 286
[1] 287
[1] 288
[1] 289
[1] 290
[1] 291
[1] 292
[1] 293
[1] 294
[1] 295
[1] 296
[1] 297
[1] 298
[1] 299
[1] 300
[1] 301
[1] 302
[1] 303
[1] 304
[1] 305
[1] 306
[1] 307
[1] 308
[1] 309
[1] 310
[1] 311
[1] 312
[1] 313
[1] 314
[1] 315
[1] 316
[1] 317
[1] 318
[1] 319
[1] 320
[1] 321
[1] 322
[1] 323
[1] 324
[1] 325
[1] 326
[1] 327
[1] 328
[1] 329
[1] 330
[1] 331
[1] 332
[1] 333
[1] 334
[1] 335
[1] 336
[1] 337
[1] 338
[1] 339
[1] 340
[1] 341
[1] 342
[1] 343
[1] 344
[1] 345
[1] 346
[1] 347
[1] 348
[1] 349
[1] 350
[1] 351
[1] 352
[1] 353
[1] 354
[1] 355
[1] 356
[1] 357
[1] 358
[1] 359
[1] 360
[1] 361
[1] 362
[1] 363
[1] 364
[1] 365
[1] 366
[1] 367
[1] 368
[1] 369
[1] 370
[1] 371
[1] 372
[1] 373
[1] 374
[1] 375
[1] 376
[1] 377
[1] 378
[1] 379
[1] 380
[1] 381
[1] 382
[1] 383
[1] 384
[1] 385
[1] 386
[1] 387
[1] 388
[1] 389
[1] 390
[1] 391
[1] 392
[1] 393
[1] 394
[1] 395
[1] 396
[1] 397
[1] 398
[1] 399
[1] 400
[1] 401
[1] 402
[1] 403
[1] 404
[1] 405
[1] 406
[1] 407
[1] 408
[1] 409
[1] 410
[1] 411
[1] 412
[1] 413
[1] 414
[1] 415
[1] 416
[1] 417
[1] 418
[1] 419
[1] 420
[1] 421
[1] 422
[1] 423
[1] 424
[1] 425
[1] 426
[1] 427
[1] 428
[1] 429
[1] 430
[1] 431
[1] 432
[1] 433
[1] 434
[1] 435
[1] 436
[1] 437
[1] 438
[1] 439
[1] 440
[1] 441
[1] 442
[1] 443
[1] 444
[1] 445
[1] 446
[1] 447
[1] 448
[1] 449
[1] 450
[1] 451
[1] 452
[1] 453
[1] 454
[1] 455
[1] 456
[1] 457
[1] 458
[1] 459
[1] 460
[1] 461
[1] 462
[1] 463
[1] 464
[1] 465
[1] 466
[1] 467
[1] 468
[1] 469
[1] 470
[1] 471
[1] 472
[1] 473
[1] 474
[1] 475
[1] 476
[1] 477
[1] 478
[1] 479
[1] 480
[1] 481
[1] 482
[1] 483
[1] 484
[1] 485
[1] 486
[1] 487
[1] 488
[1] 489
[1] 490
[1] 491
[1] 492
[1] 493
[1] 494
[1] 495
[1] 496
[1] 497
[1] 498
[1] 499
[1] 500
[1] 501
[1] 502
[1] 503
[1] 504
[1] 505
[1] 506
[1] 507
[1] 508
[1] 509
[1] 510
[1] 511
[1] 512
[1] 513
[1] 514
[1] 515
[1] 516
[1] 517
[1] 518
[1] 519
[1] 520
[1] 521
[1] 522
[1] 523
[1] 524
[1] 525
[1] 526
[1] 527
[1] 528
[1] 529
[1] 530
[1] 531
[1] 532
[1] 533
[1] 534
[1] 535
[1] 536
[1] 537
[1] 538
[1] 539
[1] 540
[1] 541
[1] 542
[1] 543
[1] 544
[1] 545
[1] 546
[1] 547
[1] 548
[1] 549
[1] 550
[1] 551
[1] 552
[1] 553
[1] 554
[1] 555
[1] 556
[1] 557
[1] 558
[1] 559
[1] 560
[1] 561
[1] 562
[1] 563
[1] 564
[1] 565
[1] 566
[1] 567
[1] 568
[1] 569
[1] 570
[1] 571
[1] 572
[1] 573
[1] 574
[1] 575
[1] 576
[1] 577
[1] 578
[1] 579
[1] 580
[1] 581
[1] 582
[1] 583
[1] 584
[1] 585
[1] 586
[1] 587
[1] 588
[1] 589
[1] 590
[1] 591
[1] 592
[1] 593
[1] 594
[1] 595
[1] 596
[1] 597
[1] 598
[1] 599
[1] 600
[1] 601
[1] 602
[1] 603
[1] 604
[1] 605
[1] 606
[1] 607
[1] 608
[1] 609
[1] 610
[1] 611
[1] 612
[1] 613
[1] 614
[1] 615
[1] 616
[1] 617
[1] 618
[1] 619
[1] 620
[1] 621
[1] 622
[1] 623
[1] 624
[1] 625
[1] 626
[1] 627
[1] 628
[1] 629
[1] 630
[1] 631
[1] 632
[1] 633
[1] 634
[1] 635
[1] 636
[1] 637
[1] 638
[1] 639
[1] 640
[1] 641
[1] 642
[1] 643
[1] 644
[1] 645
[1] 646
[1] 647
[1] 648
[1] 649
[1] 650
[1] 651
[1] 652
[1] 653
[1] 654
[1] 655
[1] 656
[1] 657
[1] 658
[1] 659
[1] 660
[1] 661
[1] 662
[1] 663
[1] 664
[1] 665
[1] 666
[1] 667
[1] 668
[1] 669
[1] 670
[1] 671
[1] 672
[1] 673
[1] 674
[1] 675
[1] 676
[1] 677
[1] 678
[1] 679
[1] 680
[1] 681
[1] 682
[1] 683
[1] 684
[1] 685
[1] 686
[1] 687
[1] 688
[1] 689
[1] 690
[1] 691
[1] 692
[1] 693
[1] 694
[1] 695
[1] 696
[1] 697
[1] 698
[1] 699
[1] 700
[1] 701
[1] 702
[1] 703
[1] 704
[1] 705
[1] 706
[1] 707
[1] 708
[1] 709
[1] 710
[1] 711
[1] 712
[1] 713
[1] 714
[1] 715
[1] 716
[1] 717
[1] 718
[1] 719
[1] 720
[1] 721
[1] 722
[1] 723
[1] 724
[1] 725
[1] 726
[1] 727
[1] 728
[1] 729
[1] 730
[1] 731
[1] 732
[1] 733
[1] 734
[1] 735
[1] 736
[1] 737
[1] 738
[1] 739
[1] 740
[1] 741
[1] 742
[1] 743
[1] 744
[1] 745
[1] 746
[1] 747
[1] 748
[1] 749
[1] 750
[1] 751
[1] 752
[1] 753
[1] 754
[1] 755
[1] 756
[1] 757
[1] 758
[1] 759
[1] 760
[1] 761
[1] 762
[1] 763
[1] 764
[1] 765
[1] 766
[1] 767
[1] 768
[1] 769
[1] 770
[1] 771
[1] 772
[1] 773
[1] 774
[1] 775
[1] 776
[1] 777
[1] 778
[1] 779
[1] 780
[1] 781
[1] 782
[1] 783
[1] 784
[1] 785
[1] 786
[1] 787
[1] 788
[1] 789
[1] 790
[1] 791
[1] 792
[1] 793
[1] 794
[1] 795
[1] 796
[1] 797
[1] 798
[1] 799
[1] 800
[1] 801
[1] 802
[1] 803
[1] 804
[1] 805
[1] 806
[1] 807
[1] 808
[1] 809
[1] 810
[1] 811
[1] 812
[1] 813
[1] 814
[1] 815
[1] 816
[1] 817
[1] 818
[1] 819
[1] 820
[1] 821
[1] 822
[1] 823
[1] 824
[1] 825
[1] 826
[1] 827
[1] 828
[1] 829
[1] 830
[1] 831
[1] 832
[1] 833
[1] 834
[1] 835
[1] 836
[1] 837
[1] 838
[1] 839
[1] 840
[1] 841
[1] 842
[1] 843
[1] 844
[1] 845
[1] 846
[1] 847
[1] 848
[1] 849
[1] 850
[1] 851
[1] 852
[1] 853
[1] 854
[1] 855
[1] 856
[1] 857
[1] 858
[1] 859
[1] 860
[1] 861
[1] 862
[1] 863
[1] 864
[1] 865
[1] 866
[1] 867
[1] 868
[1] 869
[1] 870
[1] 871
[1] 872
[1] 873
[1] 874
[1] 875
[1] 876
[1] 877
[1] 878
[1] 879
[1] 880
[1] 881
[1] 882
[1] 883
[1] 884
[1] 885
[1] 886
[1] 887
[1] 888
[1] 889
[1] 890
[1] 891
[1] 892
[1] 893
[1] 894
[1] 895
[1] 896
[1] 897
[1] 898
[1] 899
[1] 900
[1] 901
[1] 902
[1] 903
[1] 904
[1] 905
[1] 906
[1] 907
[1] 908
[1] 909
[1] 910
[1] 911
[1] 912
[1] 913
[1] 914
[1] 915
[1] 916
[1] 917
[1] 918
[1] 919
[1] 920
[1] 921
[1] 922
[1] 923
[1] 924
[1] 925
[1] 926
[1] 927
[1] 928
[1] 929
[1] 930
[1] 931
[1] 932
[1] 933
[1] 934
[1] 935
[1] 936
[1] 937
[1] 938
[1] 939
[1] 940
[1] 941
[1] 942
[1] 943
[1] 944
[1] 945
[1] 946
[1] 947
[1] 948
[1] 949
[1] 950
[1] 951
[1] 952
[1] 953
[1] 954
[1] 955
[1] 956
[1] 957
[1] 958
[1] 959
[1] 960
[1] 961
[1] 962
[1] 963
[1] 964
[1] 965
[1] 966
[1] 967
[1] 968
[1] 969
[1] 970
[1] 971
[1] 972
[1] 973
[1] 974
[1] 975
[1] 976
[1] 977
[1] 978
[1] 979
[1] 980
[1] 981
[1] 982
[1] 983
[1] 984
[1] 985
[1] 986
[1] 987
[1] 988
[1] 989
[1] 990
[1] 991
[1] 992
[1] 993
[1] 994
[1] 995
[1] 996
[1] 997
[1] 998
[1] 999
[1] 1000

Call:
glm(formula = event ~ Sarcoma_Machiela_PRS.tertile.category + 
    AGE_AT_LAST_CONTACT.cs1 + AGE_AT_LAST_CONTACT.cs2 + AGE_AT_LAST_CONTACT.cs3 + 
    AGE_AT_LAST_CONTACT.cs4 + gender + aa_class_dose_5.category + 
    EAS + AFR + any_chemo_missing + aa_class_dose_5.category * 
    Sarcoma_Machiela_PRS.tertile.category, family = "poisson", 
    data = dat_all, offset = log(dat_all$PY))

Deviance Residuals: 
    Min       1Q   Median       3Q      Max  
-0.1236  -0.0306  -0.0224  -0.0171   4.6700  

Coefficients:
                                                                           Estimate
(Intercept)                                                              -9.015e+00
Sarcoma_Machiela_PRS.tertile.category2nd                                  1.410e-01
Sarcoma_Machiela_PRS.tertile.category3rd                                 -8.775e-01
AGE_AT_LAST_CONTACT.cs1                                                   9.050e-03
AGE_AT_LAST_CONTACT.cs2                                                   2.939e-05
AGE_AT_LAST_CONTACT.cs3                                                   3.940e-04
AGE_AT_LAST_CONTACT.cs4                                                  -1.273e-03
genderFemale                                                              2.751e-01
aa_class_dose_5.category2nd-3rd                                           5.856e-01
EAS                                                                      -7.389e+00
AFR                                                                      -1.876e-01
any_chemo_missingYes                                                      2.237e+00
Sarcoma_Machiela_PRS.tertile.category2nd:aa_class_dose_5.category2nd-3rd -3.277e-01
Sarcoma_Machiela_PRS.tertile.category3rd:aa_class_dose_5.category2nd-3rd  9.980e-01
                                                                         Std. Error
(Intercept)                                                               2.355e+00
Sarcoma_Machiela_PRS.tertile.category2nd                                  6.065e-01
Sarcoma_Machiela_PRS.tertile.category3rd                                  8.175e-01
AGE_AT_LAST_CONTACT.cs1                                                   1.689e-01
AGE_AT_LAST_CONTACT.cs2                                                   8.835e-04
AGE_AT_LAST_CONTACT.cs3                                                   2.645e-03
AGE_AT_LAST_CONTACT.cs4                                                   2.715e-03
genderFemale                                                              3.521e-01
aa_class_dose_5.category2nd-3rd                                           5.631e-01
EAS                                                                       9.742e+00
AFR                                                                       6.366e-01
any_chemo_missingYes                                                      1.052e+00
Sarcoma_Machiela_PRS.tertile.category2nd:aa_class_dose_5.category2nd-3rd  8.429e-01
Sarcoma_Machiela_PRS.tertile.category3rd:aa_class_dose_5.category2nd-3rd  9.677e-01
                                                                         z value
(Intercept)                                                               -3.828
Sarcoma_Machiela_PRS.tertile.category2nd                                   0.232
Sarcoma_Machiela_PRS.tertile.category3rd                                  -1.073
AGE_AT_LAST_CONTACT.cs1                                                    0.054
AGE_AT_LAST_CONTACT.cs2                                                    0.033
AGE_AT_LAST_CONTACT.cs3                                                    0.149
AGE_AT_LAST_CONTACT.cs4                                                   -0.469
genderFemale                                                               0.781
aa_class_dose_5.category2nd-3rd                                            1.040
EAS                                                                       -0.758
AFR                                                                       -0.295
any_chemo_missingYes                                                       2.126
Sarcoma_Machiela_PRS.tertile.category2nd:aa_class_dose_5.category2nd-3rd  -0.389
Sarcoma_Machiela_PRS.tertile.category3rd:aa_class_dose_5.category2nd-3rd   1.031
                                                                         Pr(>|z|)
(Intercept)                                                              0.000129
Sarcoma_Machiela_PRS.tertile.category2nd                                 0.816181
Sarcoma_Machiela_PRS.tertile.category3rd                                 0.283091
AGE_AT_LAST_CONTACT.cs1                                                  0.957267
AGE_AT_LAST_CONTACT.cs2                                                  0.973466
AGE_AT_LAST_CONTACT.cs3                                                  0.881554
AGE_AT_LAST_CONTACT.cs4                                                  0.639301
genderFemale                                                             0.434564
aa_class_dose_5.category2nd-3rd                                          0.298381
EAS                                                                      0.448202
AFR                                                                      0.768257
any_chemo_missingYes                                                     0.033485
Sarcoma_Machiela_PRS.tertile.category2nd:aa_class_dose_5.category2nd-3rd 0.697410
Sarcoma_Machiela_PRS.tertile.category3rd:aa_class_dose_5.category2nd-3rd 0.302391
                                                                            
(Intercept)                                                              ***
Sarcoma_Machiela_PRS.tertile.category2nd                                    
Sarcoma_Machiela_PRS.tertile.category3rd                                    
AGE_AT_LAST_CONTACT.cs1                                                     
AGE_AT_LAST_CONTACT.cs2                                                     
AGE_AT_LAST_CONTACT.cs3                                                     
AGE_AT_LAST_CONTACT.cs4                                                     
genderFemale                                                                
aa_class_dose_5.category2nd-3rd                                             
EAS                                                                         
AFR                                                                         
any_chemo_missingYes                                                     *  
Sarcoma_Machiela_PRS.tertile.category2nd:aa_class_dose_5.category2nd-3rd    
Sarcoma_Machiela_PRS.tertile.category3rd:aa_class_dose_5.category2nd-3rd    
---
Signif. codes:  0 ‘***’ 0.001 ‘**’ 0.01 ‘*’ 0.05 ‘.’ 0.1 ‘ ’ 1

(Dispersion parameter for poisson family taken to be 1)

    Null deviance: 596.17  on 94144  degrees of freedom
Residual deviance: 575.27  on 94131  degrees of freedom
  (60 observations deleted due to missingness)
AIC: 669.27

Number of Fisher Scoring iterations: 12

                                                                              Estimate
(Intercept)                                                              -9.014974e+00
Sarcoma_Machiela_PRS.tertile.category2nd                                  1.409779e-01
Sarcoma_Machiela_PRS.tertile.category3rd                                 -8.775475e-01
AGE_AT_LAST_CONTACT.cs1                                                   9.050184e-03
AGE_AT_LAST_CONTACT.cs2                                                   2.938669e-05
AGE_AT_LAST_CONTACT.cs3                                                   3.940389e-04
AGE_AT_LAST_CONTACT.cs4                                                  -1.272601e-03
genderFemale                                                              2.751388e-01
aa_class_dose_5.category2nd-3rd                                           5.855540e-01
EAS                                                                      -7.388822e+00
AFR                                                                      -1.875869e-01
any_chemo_missingYes                                                      2.236572e+00
Sarcoma_Machiela_PRS.tertile.category2nd:aa_class_dose_5.category2nd-3rd -3.277413e-01
Sarcoma_Machiela_PRS.tertile.category3rd:aa_class_dose_5.category2nd-3rd  9.980093e-01
                                                                           Std. Error
(Intercept)                                                              2.3552676373
Sarcoma_Machiela_PRS.tertile.category2nd                                 0.6064605920
Sarcoma_Machiela_PRS.tertile.category3rd                                 0.8175384295
AGE_AT_LAST_CONTACT.cs1                                                  0.1688981701
AGE_AT_LAST_CONTACT.cs2                                                  0.0008835166
AGE_AT_LAST_CONTACT.cs3                                                  0.0026445616
AGE_AT_LAST_CONTACT.cs4                                                  0.0027153066
genderFemale                                                             0.3521075212
aa_class_dose_5.category2nd-3rd                                          0.5630802482
EAS                                                                      9.7424288630
AFR                                                                      0.6366303624
any_chemo_missingYes                                                     1.0519035807
Sarcoma_Machiela_PRS.tertile.category2nd:aa_class_dose_5.category2nd-3rd 0.8429148971
Sarcoma_Machiela_PRS.tertile.category3rd:aa_class_dose_5.category2nd-3rd 0.9677008462
                                                                             z value
(Intercept)                                                              -3.82757937
Sarcoma_Machiela_PRS.tertile.category2nd                                  0.23246009
Sarcoma_Machiela_PRS.tertile.category3rd                                 -1.07340211
AGE_AT_LAST_CONTACT.cs1                                                   0.05358367
AGE_AT_LAST_CONTACT.cs2                                                   0.03326105
AGE_AT_LAST_CONTACT.cs3                                                   0.14899971
AGE_AT_LAST_CONTACT.cs4                                                  -0.46867661
genderFemale                                                              0.78140572
aa_class_dose_5.category2nd-3rd                                           1.03991219
EAS                                                                      -0.75841681
AFR                                                                      -0.29465588
any_chemo_missingYes                                                      2.12621356
Sarcoma_Machiela_PRS.tertile.category2nd:aa_class_dose_5.category2nd-3rd -0.38881901
Sarcoma_Machiela_PRS.tertile.category3rd:aa_class_dose_5.category2nd-3rd  1.03132010
                                                                             Pr(>|z|)
(Intercept)                                                              0.0001294097
Sarcoma_Machiela_PRS.tertile.category2nd                                 0.8161806781
Sarcoma_Machiela_PRS.tertile.category3rd                                 0.2830907387
AGE_AT_LAST_CONTACT.cs1                                                  0.9572668667
AGE_AT_LAST_CONTACT.cs2                                                  0.9734664179
AGE_AT_LAST_CONTACT.cs3                                                  0.8815538590
AGE_AT_LAST_CONTACT.cs4                                                  0.6393008098
genderFemale                                                             0.4345639080
aa_class_dose_5.category2nd-3rd                                          0.2983806968
EAS                                                                      0.4482015006
AFR                                                                      0.7682567664
any_chemo_missingYes                                                     0.0334854811
Sarcoma_Machiela_PRS.tertile.category2nd:aa_class_dose_5.category2nd-3rd 0.6974100341
Sarcoma_Machiela_PRS.tertile.category3rd:aa_class_dose_5.category2nd-3rd 0.3023907378
                                                                         Estimate
(Intercept)                                                               -9.0150
Sarcoma_Machiela_PRS.tertile.category2nd                                   0.1410
Sarcoma_Machiela_PRS.tertile.category3rd                                  -0.8775
AGE_AT_LAST_CONTACT.cs1                                                    0.0091
AGE_AT_LAST_CONTACT.cs2                                                    0.0000
AGE_AT_LAST_CONTACT.cs3                                                    0.0004
AGE_AT_LAST_CONTACT.cs4                                                   -0.0013
genderFemale                                                               0.2751
aa_class_dose_5.category2nd-3rd                                            0.5856
EAS                                                                       -7.3888
AFR                                                                       -0.1876
any_chemo_missingYes                                                       2.2366
Sarcoma_Machiela_PRS.tertile.category2nd:aa_class_dose_5.category2nd-3rd  -0.3277
Sarcoma_Machiela_PRS.tertile.category3rd:aa_class_dose_5.category2nd-3rd   0.9980
                                                                         Std. Error
(Intercept)                                                                  2.3553
Sarcoma_Machiela_PRS.tertile.category2nd                                     0.6065
Sarcoma_Machiela_PRS.tertile.category3rd                                     0.8175
AGE_AT_LAST_CONTACT.cs1                                                      0.1689
AGE_AT_LAST_CONTACT.cs2                                                      0.0009
AGE_AT_LAST_CONTACT.cs3                                                      0.0026
AGE_AT_LAST_CONTACT.cs4                                                      0.0027
genderFemale                                                                 0.3521
aa_class_dose_5.category2nd-3rd                                              0.5631
EAS                                                                          9.7424
AFR                                                                          0.6366
any_chemo_missingYes                                                         1.0519
Sarcoma_Machiela_PRS.tertile.category2nd:aa_class_dose_5.category2nd-3rd     0.8429
Sarcoma_Machiela_PRS.tertile.category3rd:aa_class_dose_5.category2nd-3rd     0.9677
                                                                         z value
(Intercept)                                                              -3.8276
Sarcoma_Machiela_PRS.tertile.category2nd                                  0.2325
Sarcoma_Machiela_PRS.tertile.category3rd                                 -1.0734
AGE_AT_LAST_CONTACT.cs1                                                   0.0536
AGE_AT_LAST_CONTACT.cs2                                                   0.0333
AGE_AT_LAST_CONTACT.cs3                                                   0.1490
AGE_AT_LAST_CONTACT.cs4                                                  -0.4687
genderFemale                                                              0.7814
aa_class_dose_5.category2nd-3rd                                           1.0399
EAS                                                                      -0.7584
AFR                                                                      -0.2947
any_chemo_missingYes                                                      2.1262
Sarcoma_Machiela_PRS.tertile.category2nd:aa_class_dose_5.category2nd-3rd -0.3888
Sarcoma_Machiela_PRS.tertile.category3rd:aa_class_dose_5.category2nd-3rd  1.0313
                                                                         Pr(>|z|)
(Intercept)                                                                0.0001
Sarcoma_Machiela_PRS.tertile.category2nd                                   0.8162
Sarcoma_Machiela_PRS.tertile.category3rd                                   0.2831
AGE_AT_LAST_CONTACT.cs1                                                    0.9573
AGE_AT_LAST_CONTACT.cs2                                                    0.9735
AGE_AT_LAST_CONTACT.cs3                                                    0.8816
AGE_AT_LAST_CONTACT.cs4                                                    0.6393
genderFemale                                                               0.4346
aa_class_dose_5.category2nd-3rd                                            0.2984
EAS                                                                        0.4482
AFR                                                                        0.7683
any_chemo_missingYes                                                       0.0335
Sarcoma_Machiela_PRS.tertile.category2nd:aa_class_dose_5.category2nd-3rd   0.6974
Sarcoma_Machiela_PRS.tertile.category3rd:aa_class_dose_5.category2nd-3rd   0.3024

------------------------------------------------------------
Sender: LSF System <lsfadmin@noderome207>
Subject: Job 247003662: <model_fit7> in cluster <hpcf_research_cluster> Exited

Job <model_fit7> was submitted from host <splprhpc11> by user <aneupane> in cluster <hpcf_research_cluster> at Fri Jan 17 17:23:42 2025
Job was executed on host(s) <noderome207>, in queue <standard>, as user <aneupane> in cluster <hpcf_research_cluster> at Fri Jan 17 17:23:54 2025
</home/aneupane> was used as the home directory.
</home/aneupane/St_Jude/Achal_St_Jude/rcodes/attributable_fraction_R_codes/V21b_Lancet_Revision_HPC/21b/SJLIFE/Without_lifestyle/Models/with_collapsed_categories> was used as the working directory.
Started at Fri Jan 17 17:23:54 2025
Terminated at Fri Jan 17 17:38:04 2025
Results reported at Fri Jan 17 17:38:04 2025

Your job looked like:

------------------------------------------------------------
# LSBATCH: User input
bash -c "module load R/4.2.2 && Rscript 7.model_fit_SARCOMA.R"
------------------------------------------------------------

Exited with exit code 1.

Resource usage summary:

    CPU time :                                   837.63 sec.
    Max Memory :                                 973 MB
    Average Memory :                             917.95 MB
    Total Requested Memory :                     20000.00 MB
    Delta Memory :                               19027.00 MB
    Max Swap :                                   -
    Max Processes :                              3
    Max Threads :                                5
    Run time :                                   850 sec.
    Turnaround time :                            862 sec.

The output (if any) is above this job summary.



PS:

Read file <logs/model_fit7.err> for stderr output of this job.

