                       row_labels BREASTcancer|0 BREASTcancer|1
1    maxchestrtdose.category|None           1677             27
2  maxchestrtdose.category|>0-<20             63              2
3    maxchestrtdose.category|>=20            273             47
4 anthra_jco_dose_5.category|None            901             34
5  anthra_jco_dose_5.category|1st            399              2
6  anthra_jco_dose_5.category|2nd            374             15
7  anthra_jco_dose_5.category|3rd            339             25
  BREASTcancer|#Total cases
1                      1704
2                        65
3                       320
4                       935
5                       401
6                       389
7                       364
[1] "maxchestrtdose.category|>0-<20" "anthra_jco_dose_5.category|1st"

Call:
glm(formula = event ~ Mavaddat_2019_ER_OVERALL_Breast_PRS.tertile.category + 
    AGE_AT_LAST_CONTACT.cs1 + AGE_AT_LAST_CONTACT.cs2 + AGE_AT_LAST_CONTACT.cs3 + 
    AGE_AT_LAST_CONTACT.cs4 + AGE_AT_DIAGNOSIS + maxchestrtdose.category + 
    anthra_jco_dose_5.category + EAS + AFR + any_chemo_missing + 
    any_rt_missing, family = "poisson", data = dat_all, offset = log(dat_all$PY))

Deviance Residuals: 
    Min       1Q   Median       3Q      Max  
-0.3719  -0.0429  -0.0171  -0.0045   4.1362  

Coefficients:
                                                          Estimate Std. Error
(Intercept)                                             -39.218729  48.404813
Mavaddat_2019_ER_OVERALL_Breast_PRS.tertile.category2nd   0.177177   0.300974
Mavaddat_2019_ER_OVERALL_Breast_PRS.tertile.category3rd   0.444270   0.296429
AGE_AT_LAST_CONTACT.cs1                                   1.704891   2.847754
AGE_AT_LAST_CONTACT.cs2                                  -0.005195   0.008781
AGE_AT_LAST_CONTACT.cs3                                   0.012707   0.020090
AGE_AT_LAST_CONTACT.cs4                                  -0.009655   0.012841
AGE_AT_DIAGNOSIS5-9                                      -0.525179   0.710548
AGE_AT_DIAGNOSIS10-14                                     1.605493   0.465539
AGE_AT_DIAGNOSIS>=15                                      1.365827   0.473380
maxchestrtdose.categoryAny                                1.467353   0.254649
anthra_jco_dose_5.category1st-2nd                         0.088110   0.310435
anthra_jco_dose_5.category3rd                             0.731569   0.281404
EAS                                                       1.917063   1.368662
AFR                                                      -0.470700   0.504425
any_chemo_missingYes                                     -9.858004 614.520774
any_rt_missingYes                                         2.417996   1.067827
                                                        z value Pr(>|z|)    
(Intercept)                                              -0.810 0.417812    
Mavaddat_2019_ER_OVERALL_Breast_PRS.tertile.category2nd   0.589 0.556076    
Mavaddat_2019_ER_OVERALL_Breast_PRS.tertile.category3rd   1.499 0.133942    
AGE_AT_LAST_CONTACT.cs1                                   0.599 0.549387    
AGE_AT_LAST_CONTACT.cs2                                  -0.592 0.554109    
AGE_AT_LAST_CONTACT.cs3                                   0.632 0.527064    
AGE_AT_LAST_CONTACT.cs4                                  -0.752 0.452119    
AGE_AT_DIAGNOSIS5-9                                      -0.739 0.459835    
AGE_AT_DIAGNOSIS10-14                                     3.449 0.000563 ***
AGE_AT_DIAGNOSIS>=15                                      2.885 0.003911 ** 
maxchestrtdose.categoryAny                                5.762  8.3e-09 ***
anthra_jco_dose_5.category1st-2nd                         0.284 0.776544    
anthra_jco_dose_5.category3rd                             2.600 0.009330 ** 
EAS                                                       1.401 0.161309    
AFR                                                      -0.933 0.350747    
any_chemo_missingYes                                     -0.016 0.987201    
any_rt_missingYes                                         2.264 0.023549 *  
---
Signif. codes:  0 ‘***’ 0.001 ‘**’ 0.01 ‘*’ 0.05 ‘.’ 0.1 ‘ ’ 1

(Dispersion parameter for poisson family taken to be 1)

    Null deviance: 1100.80  on 44437  degrees of freedom
Residual deviance:  860.93  on 44421  degrees of freedom
  (43 observations deleted due to missingness)
AIC: 1046.9

Number of Fisher Scoring iterations: 16

[1] 0.1892936
[1] NaN
[1] 0.1892936
[1] 0.2222807
[1] 0.1801289
[1] 0.1869027
[1] 0.1959865
[1] 0.508088
[1] NaN
[1] 0.508088
[1] 0.4905945
[1] 0.5129482
[1] 0.5265407
[1] 0.3997693
[1] 0.6125257
[1] NaN
[1] 0.6125257
[1] 0.6036241
[1] 0.6149988
[1] 0.6252991
[1] 0.5266152
[1] 0.1919754
[1] NaN
[1] 0.1919754
[1] 0.1971461
[1] 0.1905388
[1] 0.1907925
[1] 0.1827682
[1] 0.6873578
[1] NaN
[1] 0.6873578
[1] 0.682859
[1] 0.6886077
[1] 0.6966729
[1] 0.6133764
[1] 1
[1] 2
[1] 3
[1] 4
[1] 5
[1] 6
[1] 7
[1] 8
[1] 9
[1] 10
[1] 11
[1] 12
[1] 13
[1] 14
[1] 15
[1] 16
[1] 17
[1] 18
[1] 19
[1] 20
[1] 21
[1] 22
[1] 23
[1] 24
[1] 25
[1] 26
[1] 27
[1] 28
[1] 29
[1] 30
[1] 31
[1] 32
[1] 33
[1] 34
[1] 35
[1] 36
[1] 37
[1] 38
[1] 39
[1] 40
[1] 41
[1] 42
[1] 43
[1] 44
[1] 45
[1] 46
[1] 47
[1] 48
[1] 49
[1] 50
[1] 51
[1] 52
[1] 53
[1] 54
[1] 55
[1] 56
[1] 57
[1] 58
[1] 59
[1] 60
[1] 61
[1] 62
[1] 63
[1] 64
[1] 65
[1] 66
[1] 67
[1] 68
[1] 69
[1] 70
[1] 71
[1] 72
[1] 73
[1] 74
[1] 75
[1] 76
[1] 77
[1] 78
[1] 79
[1] 80
[1] 81
[1] 82
[1] 83
[1] 84
[1] 85
[1] 86
[1] 87
[1] 88
[1] 89
[1] 90
[1] 91
[1] 92
[1] 93
[1] 94
[1] 95
[1] 96
[1] 97
[1] 98
[1] 99
[1] 100
[1] 101
[1] 102
[1] 103
[1] 104
[1] 105
[1] 106
[1] 107
[1] 108
[1] 109
[1] 110
[1] 111
[1] 112
[1] 113
[1] 114
[1] 115
[1] 116
[1] 117
[1] 118
[1] 119
[1] 120
[1] 121
[1] 122
[1] 123
[1] 124
[1] 125
[1] 126
[1] 127
[1] 128
[1] 129
[1] 130
[1] 131
[1] 132
[1] 133
[1] 134
[1] 135
[1] 136
[1] 137
[1] 138
[1] 139
[1] 140
[1] 141
[1] 142
[1] 143
[1] 144
[1] 145
[1] 146
[1] 147
[1] 148
[1] 149
[1] 150
[1] 151
[1] 152
[1] 153
[1] 154
[1] 155
[1] 156
[1] 157
[1] 158
[1] 159
[1] 160
[1] 161
[1] 162
[1] 163
[1] 164
[1] 165
[1] 166
[1] 167
[1] 168
[1] 169
[1] 170
[1] 171
[1] 172
[1] 173
[1] 174
[1] 175
[1] 176
[1] 177
[1] 178
[1] 179
[1] 180
[1] 181
[1] 182
[1] 183
[1] 184
[1] 185
[1] 186
[1] 187
[1] 188
[1] 189
[1] 190
[1] 191
[1] 192
[1] 193
[1] 194
[1] 195
[1] 196
[1] 197
[1] 198
[1] 199
[1] 200
[1] 201
[1] 202
[1] 203
[1] 204
[1] 205
[1] 206
[1] 207
[1] 208
[1] 209
[1] 210
[1] 211
[1] 212
[1] 213
[1] 214
[1] 215
[1] 216
[1] 217
[1] 218
[1] 219
[1] 220
[1] 221
[1] 222
[1] 223
[1] 224
[1] 225
[1] 226
[1] 227
[1] 228
[1] 229
[1] 230
[1] 231
[1] 232
[1] 233
[1] 234
[1] 235
[1] 236
[1] 237
[1] 238
[1] 239
[1] 240
[1] 241
[1] 242
[1] 243
[1] 244
[1] 245
[1] 246
[1] 247
[1] 248
[1] 249
[1] 250
[1] 251
[1] 252
[1] 253
[1] 254
[1] 255
[1] 256
[1] 257
[1] 258
[1] 259
[1] 260
[1] 261
[1] 262
[1] 263
[1] 264
[1] 265
[1] 266
[1] 267
[1] 268
[1] 269
[1] 270
[1] 271
[1] 272
[1] 273
[1] 274
[1] 275
[1] 276
[1] 277
[1] 278
[1] 279
[1] 280
[1] 281
[1] 282
[1] 283
[1] 284
[1] 285
[1] 286
[1] 287
[1] 288
[1] 289
[1] 290
[1] 291
[1] 292
[1] 293
[1] 294
[1] 295
[1] 296
[1] 297
[1] 298
[1] 299
[1] 300
[1] 301
[1] 302
[1] 303
[1] 304
[1] 305
[1] 306
[1] 307
[1] 308
[1] 309
[1] 310
[1] 311
[1] 312
[1] 313
[1] 314
[1] 315
[1] 316
[1] 317
[1] 318
[1] 319
[1] 320
[1] 321
[1] 322
[1] 323
[1] 324
[1] 325
[1] 326
[1] 327
[1] 328
[1] 329
[1] 330
[1] 331
[1] 332
[1] 333
[1] 334
[1] 335
[1] 336
[1] 337
[1] 338
[1] 339
[1] 340
[1] 341
[1] 342
[1] 343
[1] 344
[1] 345
[1] 346
[1] 347
[1] 348
[1] 349
[1] 350
[1] 351
[1] 352
[1] 353
[1] 354
[1] 355
[1] 356
[1] 357
[1] 358
[1] 359
[1] 360
[1] 361
[1] 362
[1] 363
[1] 364
[1] 365
[1] 366
[1] 367
[1] 368
[1] 369
[1] 370
[1] 371
[1] 372
[1] 373
[1] 374
[1] 375
[1] 376
[1] 377
[1] 378
[1] 379
[1] 380
[1] 381
[1] 382
[1] 383
[1] 384
[1] 385
[1] 386
[1] 387
[1] 388
[1] 389
[1] 390
[1] 391
[1] 392
[1] 393
[1] 394
[1] 395
[1] 396
[1] 397
[1] 398
[1] 399
[1] 400
[1] 401
[1] 402
[1] 403
[1] 404
[1] 405
[1] 406
[1] 407
[1] 408
[1] 409
[1] 410
[1] 411
[1] 412
[1] 413
[1] 414
[1] 415
[1] 416
[1] 417
[1] 418
[1] 419
[1] 420
[1] 421
[1] 422
[1] 423
[1] 424
[1] 425
[1] 426
[1] 427
[1] 428
[1] 429
[1] 430
[1] 431
[1] 432
[1] 433
[1] 434
[1] 435
[1] 436
[1] 437
[1] 438
[1] 439
[1] 440
[1] 441
[1] 442
[1] 443
[1] 444
[1] 445
[1] 446
[1] 447
[1] 448
[1] 449
[1] 450
[1] 451
[1] 452
[1] 453
[1] 454
[1] 455
[1] 456
[1] 457
[1] 458
[1] 459
[1] 460
[1] 461
[1] 462
[1] 463
[1] 464
[1] 465
[1] 466
[1] 467
[1] 468
[1] 469
[1] 470
[1] 471
[1] 472
[1] 473
[1] 474
[1] 475
[1] 476
[1] 477
[1] 478
[1] 479
[1] 480
[1] 481
[1] 482
[1] 483
[1] 484
[1] 485
[1] 486
[1] 487
[1] 488
[1] 489
[1] 490
[1] 491
[1] 492
[1] 493
[1] 494
[1] 495
[1] 496
[1] 497
[1] 498
[1] 499
[1] 500
[1] 501
[1] 502
[1] 503
[1] 504
[1] 505
[1] 506
[1] 507
[1] 508
[1] 509
[1] 510
[1] 511
[1] 512
[1] 513
[1] 514
[1] 515
[1] 516
[1] 517
[1] 518
[1] 519
[1] 520
[1] 521
[1] 522
[1] 523
[1] 524
[1] 525
[1] 526
[1] 527
[1] 528
[1] 529
[1] 530
[1] 531
[1] 532
[1] 533
[1] 534
[1] 535
[1] 536
[1] 537
[1] 538
[1] 539
[1] 540
[1] 541
[1] 542
[1] 543
[1] 544
[1] 545
[1] 546
[1] 547
[1] 548
[1] 549
[1] 550
[1] 551
[1] 552
[1] 553
[1] 554
[1] 555
[1] 556
[1] 557
[1] 558
[1] 559
[1] 560
[1] 561
[1] 562
[1] 563
[1] 564
[1] 565
[1] 566
[1] 567
[1] 568
[1] 569
[1] 570
[1] 571
[1] 572
[1] 573
[1] 574
[1] 575
[1] 576
[1] 577
[1] 578
[1] 579
[1] 580
[1] 581
[1] 582
[1] 583
[1] 584
[1] 585
[1] 586
[1] 587
[1] 588
[1] 589
[1] 590
[1] 591
[1] 592
[1] 593
[1] 594
[1] 595
[1] 596
[1] 597
[1] 598
[1] 599
[1] 600
[1] 601
[1] 602
[1] 603
[1] 604
[1] 605
[1] 606
[1] 607
[1] 608
[1] 609
[1] 610
[1] 611
[1] 612
[1] 613
[1] 614
[1] 615
[1] 616
[1] 617
[1] 618
[1] 619
[1] 620
[1] 621
[1] 622
[1] 623
[1] 624
[1] 625
[1] 626
[1] 627
[1] 628
[1] 629
[1] 630
[1] 631
[1] 632
[1] 633
[1] 634
[1] 635
[1] 636
[1] 637
[1] 638
[1] 639
[1] 640
[1] 641
[1] 642
[1] 643
[1] 644
[1] 645
[1] 646
[1] 647
[1] 648
[1] 649
[1] 650
[1] 651
[1] 652
[1] 653
[1] 654
[1] 655
[1] 656
[1] 657
[1] 658
[1] 659
[1] 660
[1] 661
[1] 662
[1] 663
[1] 664
[1] 665
[1] 666
[1] 667
[1] 668
[1] 669
[1] 670
[1] 671
[1] 672
[1] 673
[1] 674
[1] 675
[1] 676
[1] 677
[1] 678
[1] 679
[1] 680
[1] 681
[1] 682
[1] 683
[1] 684
[1] 685
[1] 686
[1] 687
[1] 688
[1] 689
[1] 690
[1] 691
[1] 692
[1] 693
[1] 694
[1] 695
[1] 696
[1] 697
[1] 698
[1] 699
[1] 700
[1] 701
[1] 702
[1] 703
[1] 704
[1] 705
[1] 706
[1] 707
[1] 708
[1] 709
[1] 710
[1] 711
[1] 712
[1] 713
[1] 714
[1] 715
[1] 716
[1] 717
[1] 718
[1] 719
[1] 720
[1] 721
[1] 722
[1] 723
[1] 724
[1] 725
[1] 726
[1] 727
[1] 728
[1] 729
[1] 730
[1] 731
[1] 732
[1] 733
[1] 734
[1] 735
[1] 736
[1] 737
[1] 738
[1] 739
[1] 740
[1] 741
[1] 742
[1] 743
[1] 744
[1] 745
[1] 746
[1] 747
[1] 748
[1] 749
[1] 750
[1] 751
[1] 752
[1] 753
[1] 754
[1] 755
[1] 756
[1] 757
[1] 758
[1] 759
[1] 760
[1] 761
[1] 762
[1] 763
[1] 764
[1] 765
[1] 766
[1] 767
[1] 768
[1] 769
[1] 770
[1] 771
[1] 772
[1] 773
[1] 774
[1] 775
[1] 776
[1] 777
[1] 778
[1] 779
[1] 780
[1] 781
[1] 782
[1] 783
[1] 784
[1] 785
[1] 786
[1] 787
[1] 788
[1] 789
[1] 790
[1] 791
[1] 792
[1] 793
[1] 794
[1] 795
[1] 796
[1] 797
[1] 798
[1] 799
[1] 800
[1] 801
[1] 802
[1] 803
[1] 804
[1] 805
[1] 806
[1] 807
[1] 808
[1] 809
[1] 810
[1] 811
[1] 812
[1] 813
[1] 814
[1] 815
[1] 816
[1] 817
[1] 818
[1] 819
[1] 820
[1] 821
[1] 822
[1] 823
[1] 824
[1] 825
[1] 826
[1] 827
[1] 828
[1] 829
[1] 830
[1] 831
[1] 832
[1] 833
[1] 834
[1] 835
[1] 836
[1] 837
[1] 838
[1] 839
[1] 840
[1] 841
[1] 842
[1] 843
[1] 844
[1] 845
[1] 846
[1] 847
[1] 848
[1] 849
[1] 850
[1] 851
[1] 852
[1] 853
[1] 854
[1] 855
[1] 856
[1] 857
[1] 858
[1] 859
[1] 860
[1] 861
[1] 862
[1] 863
[1] 864
[1] 865
[1] 866
[1] 867
[1] 868
[1] 869
[1] 870
[1] 871
[1] 872
[1] 873
[1] 874
[1] 875
[1] 876
[1] 877
[1] 878
[1] 879
[1] 880
[1] 881
[1] 882
[1] 883
[1] 884
[1] 885
[1] 886
[1] 887
[1] 888
[1] 889
[1] 890
[1] 891
[1] 892
[1] 893
[1] 894
[1] 895
[1] 896
[1] 897
[1] 898
[1] 899
[1] 900
[1] 901
[1] 902
[1] 903
[1] 904
[1] 905
[1] 906
[1] 907
[1] 908
[1] 909
[1] 910
[1] 911
[1] 912
[1] 913
[1] 914
[1] 915
[1] 916
[1] 917
[1] 918
[1] 919
[1] 920
[1] 921
[1] 922
[1] 923
[1] 924
[1] 925
[1] 926
[1] 927
[1] 928
[1] 929
[1] 930
[1] 931
[1] 932
[1] 933
[1] 934
[1] 935
[1] 936
[1] 937
[1] 938
[1] 939
[1] 940
[1] 941
[1] 942
[1] 943
[1] 944
[1] 945
[1] 946
[1] 947
[1] 948
[1] 949
[1] 950
[1] 951
[1] 952
[1] 953
[1] 954
[1] 955
[1] 956
[1] 957
[1] 958
[1] 959
[1] 960
[1] 961
[1] 962
[1] 963
[1] 964
[1] 965
[1] 966
[1] 967
[1] 968
[1] 969
[1] 970
[1] 971
[1] 972
[1] 973
[1] 974
[1] 975
[1] 976
[1] 977
[1] 978
[1] 979
[1] 980
[1] 981
[1] 982
[1] 983
[1] 984
[1] 985
[1] 986
[1] 987
[1] 988
[1] 989
[1] 990
[1] 991
[1] 992
[1] 993
[1] 994
[1] 995
[1] 996
[1] 997
[1] 998
[1] 999
[1] 1000

Call:
glm(formula = event ~ Mavaddat_2019_ER_OVERALL_Breast_PRS.tertile.category + 
    AGE_AT_LAST_CONTACT.cs1 + AGE_AT_LAST_CONTACT.cs2 + AGE_AT_LAST_CONTACT.cs3 + 
    AGE_AT_LAST_CONTACT.cs4 + AGE_AT_DIAGNOSIS + maxchestrtdose.category + 
    anthra_jco_dose_5.category + EAS + AFR + any_chemo_missing + 
    any_rt_missing + maxchestrtdose.category * Mavaddat_2019_ER_OVERALL_Breast_PRS.tertile.category + 
    anthra_jco_dose_5.category * Mavaddat_2019_ER_OVERALL_Breast_PRS.tertile.category, 
    family = "poisson", data = dat_all, offset = log(dat_all$PY))

Deviance Residuals: 
    Min       1Q   Median       3Q      Max  
-0.4056  -0.0422  -0.0167  -0.0045   4.1337  

Coefficients:
                                                                                            Estimate
(Intercept)                                                                               -39.382226
Mavaddat_2019_ER_OVERALL_Breast_PRS.tertile.category2nd                                     0.203066
Mavaddat_2019_ER_OVERALL_Breast_PRS.tertile.category3rd                                     0.285763
AGE_AT_LAST_CONTACT.cs1                                                                     1.715015
AGE_AT_LAST_CONTACT.cs2                                                                    -0.005234
AGE_AT_LAST_CONTACT.cs3                                                                     0.012810
AGE_AT_LAST_CONTACT.cs4                                                                    -0.009740
AGE_AT_DIAGNOSIS5-9                                                                        -0.509539
AGE_AT_DIAGNOSIS10-14                                                                       1.656619
AGE_AT_DIAGNOSIS>=15                                                                        1.408244
maxchestrtdose.categoryAny                                                                  1.299461
anthra_jco_dose_5.category1st-2nd                                                          -0.117162
anthra_jco_dose_5.category3rd                                                               1.067491
EAS                                                                                         2.070772
AFR                                                                                        -0.472670
any_chemo_missingYes                                                                       -9.874511
any_rt_missingYes                                                                           2.345669
Mavaddat_2019_ER_OVERALL_Breast_PRS.tertile.category2nd:maxchestrtdose.categoryAny          0.109722
Mavaddat_2019_ER_OVERALL_Breast_PRS.tertile.category3rd:maxchestrtdose.categoryAny          0.325500
Mavaddat_2019_ER_OVERALL_Breast_PRS.tertile.category2nd:anthra_jco_dose_5.category1st-2nd   0.476911
Mavaddat_2019_ER_OVERALL_Breast_PRS.tertile.category3rd:anthra_jco_dose_5.category1st-2nd   0.046492
Mavaddat_2019_ER_OVERALL_Breast_PRS.tertile.category2nd:anthra_jco_dose_5.category3rd      -0.686308
Mavaddat_2019_ER_OVERALL_Breast_PRS.tertile.category3rd:anthra_jco_dose_5.category3rd      -0.237124
                                                                                          Std. Error
(Intercept)                                                                                48.591276
Mavaddat_2019_ER_OVERALL_Breast_PRS.tertile.category2nd                                     0.605974
Mavaddat_2019_ER_OVERALL_Breast_PRS.tertile.category3rd                                     0.619690
AGE_AT_LAST_CONTACT.cs1                                                                     2.858383
AGE_AT_LAST_CONTACT.cs2                                                                     0.008812
AGE_AT_LAST_CONTACT.cs3                                                                     0.020158
AGE_AT_LAST_CONTACT.cs4                                                                     0.012882
AGE_AT_DIAGNOSIS5-9                                                                         0.711570
AGE_AT_DIAGNOSIS10-14                                                                       0.470101
AGE_AT_DIAGNOSIS>=15                                                                        0.474053
maxchestrtdose.categoryAny                                                                  0.468648
anthra_jco_dose_5.category1st-2nd                                                           0.609611
anthra_jco_dose_5.category3rd                                                               0.519952
EAS                                                                                         1.417717
AFR                                                                                         0.509152
any_chemo_missingYes                                                                      614.245183
any_rt_missingYes                                                                           1.073066
Mavaddat_2019_ER_OVERALL_Breast_PRS.tertile.category2nd:maxchestrtdose.categoryAny          0.621284
Mavaddat_2019_ER_OVERALL_Breast_PRS.tertile.category3rd:maxchestrtdose.categoryAny          0.618348
Mavaddat_2019_ER_OVERALL_Breast_PRS.tertile.category2nd:anthra_jco_dose_5.category1st-2nd   0.755912
Mavaddat_2019_ER_OVERALL_Breast_PRS.tertile.category3rd:anthra_jco_dose_5.category1st-2nd   0.813416
Mavaddat_2019_ER_OVERALL_Breast_PRS.tertile.category2nd:anthra_jco_dose_5.category3rd       0.695700
Mavaddat_2019_ER_OVERALL_Breast_PRS.tertile.category3rd:anthra_jco_dose_5.category3rd       0.667196
                                                                                          z value
(Intercept)                                                                                -0.810
Mavaddat_2019_ER_OVERALL_Breast_PRS.tertile.category2nd                                     0.335
Mavaddat_2019_ER_OVERALL_Breast_PRS.tertile.category3rd                                     0.461
AGE_AT_LAST_CONTACT.cs1                                                                     0.600
AGE_AT_LAST_CONTACT.cs2                                                                    -0.594
AGE_AT_LAST_CONTACT.cs3                                                                     0.635
AGE_AT_LAST_CONTACT.cs4                                                                    -0.756
AGE_AT_DIAGNOSIS5-9                                                                        -0.716
AGE_AT_DIAGNOSIS10-14                                                                       3.524
AGE_AT_DIAGNOSIS>=15                                                                        2.971
maxchestrtdose.categoryAny                                                                  2.773
anthra_jco_dose_5.category1st-2nd                                                          -0.192
anthra_jco_dose_5.category3rd                                                               2.053
EAS                                                                                         1.461
AFR                                                                                        -0.928
any_chemo_missingYes                                                                       -0.016
any_rt_missingYes                                                                           2.186
Mavaddat_2019_ER_OVERALL_Breast_PRS.tertile.category2nd:maxchestrtdose.categoryAny          0.177
Mavaddat_2019_ER_OVERALL_Breast_PRS.tertile.category3rd:maxchestrtdose.categoryAny          0.526
Mavaddat_2019_ER_OVERALL_Breast_PRS.tertile.category2nd:anthra_jco_dose_5.category1st-2nd   0.631
Mavaddat_2019_ER_OVERALL_Breast_PRS.tertile.category3rd:anthra_jco_dose_5.category1st-2nd   0.057
Mavaddat_2019_ER_OVERALL_Breast_PRS.tertile.category2nd:anthra_jco_dose_5.category3rd      -0.986
Mavaddat_2019_ER_OVERALL_Breast_PRS.tertile.category3rd:anthra_jco_dose_5.category3rd      -0.355
                                                                                          Pr(>|z|)
(Intercept)                                                                               0.417665
Mavaddat_2019_ER_OVERALL_Breast_PRS.tertile.category2nd                                   0.737544
Mavaddat_2019_ER_OVERALL_Breast_PRS.tertile.category3rd                                   0.644699
AGE_AT_LAST_CONTACT.cs1                                                                   0.548510
AGE_AT_LAST_CONTACT.cs2                                                                   0.552506
AGE_AT_LAST_CONTACT.cs3                                                                   0.525108
AGE_AT_LAST_CONTACT.cs4                                                                   0.449572
AGE_AT_DIAGNOSIS5-9                                                                       0.473943
AGE_AT_DIAGNOSIS10-14                                                                     0.000425
AGE_AT_DIAGNOSIS>=15                                                                      0.002972
maxchestrtdose.categoryAny                                                                0.005558
anthra_jco_dose_5.category1st-2nd                                                         0.847592
anthra_jco_dose_5.category3rd                                                             0.040067
EAS                                                                                       0.144115
AFR                                                                                       0.353228
any_chemo_missingYes                                                                      0.987174
any_rt_missingYes                                                                         0.028819
Mavaddat_2019_ER_OVERALL_Breast_PRS.tertile.category2nd:maxchestrtdose.categoryAny        0.859818
Mavaddat_2019_ER_OVERALL_Breast_PRS.tertile.category3rd:maxchestrtdose.categoryAny        0.598609
Mavaddat_2019_ER_OVERALL_Breast_PRS.tertile.category2nd:anthra_jco_dose_5.category1st-2nd 0.528100
Mavaddat_2019_ER_OVERALL_Breast_PRS.tertile.category3rd:anthra_jco_dose_5.category1st-2nd 0.954420
Mavaddat_2019_ER_OVERALL_Breast_PRS.tertile.category2nd:anthra_jco_dose_5.category3rd     0.323888
Mavaddat_2019_ER_OVERALL_Breast_PRS.tertile.category3rd:anthra_jco_dose_5.category3rd     0.722287
                                                                                             
(Intercept)                                                                                  
Mavaddat_2019_ER_OVERALL_Breast_PRS.tertile.category2nd                                      
Mavaddat_2019_ER_OVERALL_Breast_PRS.tertile.category3rd                                      
AGE_AT_LAST_CONTACT.cs1                                                                      
AGE_AT_LAST_CONTACT.cs2                                                                      
AGE_AT_LAST_CONTACT.cs3                                                                      
AGE_AT_LAST_CONTACT.cs4                                                                      
AGE_AT_DIAGNOSIS5-9                                                                          
AGE_AT_DIAGNOSIS10-14                                                                     ***
AGE_AT_DIAGNOSIS>=15                                                                      ** 
maxchestrtdose.categoryAny                                                                ** 
anthra_jco_dose_5.category1st-2nd                                                            
anthra_jco_dose_5.category3rd                                                             *  
EAS                                                                                          
AFR                                                                                          
any_chemo_missingYes                                                                         
any_rt_missingYes                                                                         *  
Mavaddat_2019_ER_OVERALL_Breast_PRS.tertile.category2nd:maxchestrtdose.categoryAny           
Mavaddat_2019_ER_OVERALL_Breast_PRS.tertile.category3rd:maxchestrtdose.categoryAny           
Mavaddat_2019_ER_OVERALL_Breast_PRS.tertile.category2nd:anthra_jco_dose_5.category1st-2nd    
Mavaddat_2019_ER_OVERALL_Breast_PRS.tertile.category3rd:anthra_jco_dose_5.category1st-2nd    
Mavaddat_2019_ER_OVERALL_Breast_PRS.tertile.category2nd:anthra_jco_dose_5.category3rd        
Mavaddat_2019_ER_OVERALL_Breast_PRS.tertile.category3rd:anthra_jco_dose_5.category3rd        
---
Signif. codes:  0 ‘***’ 0.001 ‘**’ 0.01 ‘*’ 0.05 ‘.’ 0.1 ‘ ’ 1

(Dispersion parameter for poisson family taken to be 1)

    Null deviance: 1100.80  on 44437  degrees of freedom
Residual deviance:  858.15  on 44415  degrees of freedom
  (43 observations deleted due to missingness)
AIC: 1056.1

Number of Fisher Scoring iterations: 16

                                                                                               Estimate
(Intercept)                                                                               -39.382226109
Mavaddat_2019_ER_OVERALL_Breast_PRS.tertile.category2nd                                     0.203066086
Mavaddat_2019_ER_OVERALL_Breast_PRS.tertile.category3rd                                     0.285763440
AGE_AT_LAST_CONTACT.cs1                                                                     1.715015091
AGE_AT_LAST_CONTACT.cs2                                                                    -0.005234314
AGE_AT_LAST_CONTACT.cs3                                                                     0.012810364
AGE_AT_LAST_CONTACT.cs4                                                                    -0.009740139
AGE_AT_DIAGNOSIS5-9                                                                        -0.509539470
AGE_AT_DIAGNOSIS10-14                                                                       1.656619093
AGE_AT_DIAGNOSIS>=15                                                                        1.408244486
maxchestrtdose.categoryAny                                                                  1.299460535
anthra_jco_dose_5.category1st-2nd                                                          -0.117162098
anthra_jco_dose_5.category3rd                                                               1.067491387
EAS                                                                                         2.070771986
AFR                                                                                        -0.472669644
any_chemo_missingYes                                                                       -9.874510554
any_rt_missingYes                                                                           2.345668547
Mavaddat_2019_ER_OVERALL_Breast_PRS.tertile.category2nd:maxchestrtdose.categoryAny          0.109722165
Mavaddat_2019_ER_OVERALL_Breast_PRS.tertile.category3rd:maxchestrtdose.categoryAny          0.325499751
Mavaddat_2019_ER_OVERALL_Breast_PRS.tertile.category2nd:anthra_jco_dose_5.category1st-2nd   0.476911161
Mavaddat_2019_ER_OVERALL_Breast_PRS.tertile.category3rd:anthra_jco_dose_5.category1st-2nd   0.046492278
Mavaddat_2019_ER_OVERALL_Breast_PRS.tertile.category2nd:anthra_jco_dose_5.category3rd      -0.686307724
Mavaddat_2019_ER_OVERALL_Breast_PRS.tertile.category3rd:anthra_jco_dose_5.category3rd      -0.237123593
                                                                                            Std. Error
(Intercept)                                                                               4.859128e+01
Mavaddat_2019_ER_OVERALL_Breast_PRS.tertile.category2nd                                   6.059737e-01
Mavaddat_2019_ER_OVERALL_Breast_PRS.tertile.category3rd                                   6.196904e-01
AGE_AT_LAST_CONTACT.cs1                                                                   2.858383e+00
AGE_AT_LAST_CONTACT.cs2                                                                   8.811846e-03
AGE_AT_LAST_CONTACT.cs3                                                                   2.015820e-02
AGE_AT_LAST_CONTACT.cs4                                                                   1.288158e-02
AGE_AT_DIAGNOSIS5-9                                                                       7.115697e-01
AGE_AT_DIAGNOSIS10-14                                                                     4.701007e-01
AGE_AT_DIAGNOSIS>=15                                                                      4.740534e-01
maxchestrtdose.categoryAny                                                                4.686482e-01
anthra_jco_dose_5.category1st-2nd                                                         6.096106e-01
anthra_jco_dose_5.category3rd                                                             5.199515e-01
EAS                                                                                       1.417717e+00
AFR                                                                                       5.091521e-01
any_chemo_missingYes                                                                      6.142452e+02
any_rt_missingYes                                                                         1.073066e+00
Mavaddat_2019_ER_OVERALL_Breast_PRS.tertile.category2nd:maxchestrtdose.categoryAny        6.212842e-01
Mavaddat_2019_ER_OVERALL_Breast_PRS.tertile.category3rd:maxchestrtdose.categoryAny        6.183476e-01
Mavaddat_2019_ER_OVERALL_Breast_PRS.tertile.category2nd:anthra_jco_dose_5.category1st-2nd 7.559117e-01
Mavaddat_2019_ER_OVERALL_Breast_PRS.tertile.category3rd:anthra_jco_dose_5.category1st-2nd 8.134158e-01
Mavaddat_2019_ER_OVERALL_Breast_PRS.tertile.category2nd:anthra_jco_dose_5.category3rd     6.957001e-01
Mavaddat_2019_ER_OVERALL_Breast_PRS.tertile.category3rd:anthra_jco_dose_5.category3rd     6.671955e-01
                                                                                              z value
(Intercept)                                                                               -0.81047935
Mavaddat_2019_ER_OVERALL_Breast_PRS.tertile.category2nd                                    0.33510710
Mavaddat_2019_ER_OVERALL_Breast_PRS.tertile.category3rd                                    0.46113902
AGE_AT_LAST_CONTACT.cs1                                                                    0.59999491
AGE_AT_LAST_CONTACT.cs2                                                                   -0.59400883
AGE_AT_LAST_CONTACT.cs3                                                                    0.63549153
AGE_AT_LAST_CONTACT.cs4                                                                   -0.75612938
AGE_AT_DIAGNOSIS5-9                                                                       -0.71607814
AGE_AT_DIAGNOSIS10-14                                                                      3.52396676
AGE_AT_DIAGNOSIS>=15                                                                       2.97064495
maxchestrtdose.categoryAny                                                                 2.77278476
anthra_jco_dose_5.category1st-2nd                                                         -0.19219171
anthra_jco_dose_5.category3rd                                                              2.05305937
EAS                                                                                        1.46063846
AFR                                                                                       -0.92834671
any_chemo_missingYes                                                                      -0.01607585
any_rt_missingYes                                                                          2.18594981
Mavaddat_2019_ER_OVERALL_Breast_PRS.tertile.category2nd:maxchestrtdose.categoryAny         0.17660544
Mavaddat_2019_ER_OVERALL_Breast_PRS.tertile.category3rd:maxchestrtdose.categoryAny         0.52640254
Mavaddat_2019_ER_OVERALL_Breast_PRS.tertile.category2nd:anthra_jco_dose_5.category1st-2nd  0.63090854
Mavaddat_2019_ER_OVERALL_Breast_PRS.tertile.category3rd:anthra_jco_dose_5.category1st-2nd  0.05715684
Mavaddat_2019_ER_OVERALL_Breast_PRS.tertile.category2nd:anthra_jco_dose_5.category3rd     -0.98649936
Mavaddat_2019_ER_OVERALL_Breast_PRS.tertile.category3rd:anthra_jco_dose_5.category3rd     -0.35540346
                                                                                              Pr(>|z|)
(Intercept)                                                                               0.4176647273
Mavaddat_2019_ER_OVERALL_Breast_PRS.tertile.category2nd                                   0.7375442954
Mavaddat_2019_ER_OVERALL_Breast_PRS.tertile.category3rd                                   0.6446988712
AGE_AT_LAST_CONTACT.cs1                                                                   0.5485096249
AGE_AT_LAST_CONTACT.cs2                                                                   0.5525062047
AGE_AT_LAST_CONTACT.cs3                                                                   0.5251078889
AGE_AT_LAST_CONTACT.cs4                                                                   0.4495716283
AGE_AT_DIAGNOSIS5-9                                                                       0.4739431022
AGE_AT_DIAGNOSIS10-14                                                                     0.0004251376
AGE_AT_DIAGNOSIS>=15                                                                      0.0029717513
maxchestrtdose.categoryAny                                                                0.0055578869
anthra_jco_dose_5.category1st-2nd                                                         0.8475920373
anthra_jco_dose_5.category3rd                                                             0.0400668196
EAS                                                                                       0.1441146848
AFR                                                                                       0.3532277506
any_chemo_missingYes                                                                      0.9871738837
any_rt_missingYes                                                                         0.0288192773
Mavaddat_2019_ER_OVERALL_Breast_PRS.tertile.category2nd:maxchestrtdose.categoryAny        0.8598183207
Mavaddat_2019_ER_OVERALL_Breast_PRS.tertile.category3rd:maxchestrtdose.categoryAny        0.5986085503
Mavaddat_2019_ER_OVERALL_Breast_PRS.tertile.category2nd:anthra_jco_dose_5.category1st-2nd 0.5281003269
Mavaddat_2019_ER_OVERALL_Breast_PRS.tertile.category3rd:anthra_jco_dose_5.category1st-2nd 0.9544202595
Mavaddat_2019_ER_OVERALL_Breast_PRS.tertile.category2nd:anthra_jco_dose_5.category3rd     0.3238881307
Mavaddat_2019_ER_OVERALL_Breast_PRS.tertile.category3rd:anthra_jco_dose_5.category3rd     0.7222873596
                                                                                          Estimate
(Intercept)                                                                               -39.3822
Mavaddat_2019_ER_OVERALL_Breast_PRS.tertile.category2nd                                     0.2031
Mavaddat_2019_ER_OVERALL_Breast_PRS.tertile.category3rd                                     0.2858
AGE_AT_LAST_CONTACT.cs1                                                                     1.7150
AGE_AT_LAST_CONTACT.cs2                                                                    -0.0052
AGE_AT_LAST_CONTACT.cs3                                                                     0.0128
AGE_AT_LAST_CONTACT.cs4                                                                    -0.0097
AGE_AT_DIAGNOSIS5-9                                                                        -0.5095
AGE_AT_DIAGNOSIS10-14                                                                       1.6566
AGE_AT_DIAGNOSIS>=15                                                                        1.4082
maxchestrtdose.categoryAny                                                                  1.2995
anthra_jco_dose_5.category1st-2nd                                                          -0.1172
anthra_jco_dose_5.category3rd                                                               1.0675
EAS                                                                                         2.0708
AFR                                                                                        -0.4727
any_chemo_missingYes                                                                       -9.8745
any_rt_missingYes                                                                           2.3457
Mavaddat_2019_ER_OVERALL_Breast_PRS.tertile.category2nd:maxchestrtdose.categoryAny          0.1097
Mavaddat_2019_ER_OVERALL_Breast_PRS.tertile.category3rd:maxchestrtdose.categoryAny          0.3255
Mavaddat_2019_ER_OVERALL_Breast_PRS.tertile.category2nd:anthra_jco_dose_5.category1st-2nd   0.4769
Mavaddat_2019_ER_OVERALL_Breast_PRS.tertile.category3rd:anthra_jco_dose_5.category1st-2nd   0.0465
Mavaddat_2019_ER_OVERALL_Breast_PRS.tertile.category2nd:anthra_jco_dose_5.category3rd      -0.6863
Mavaddat_2019_ER_OVERALL_Breast_PRS.tertile.category3rd:anthra_jco_dose_5.category3rd      -0.2371
                                                                                          Std. Error
(Intercept)                                                                                  48.5913
Mavaddat_2019_ER_OVERALL_Breast_PRS.tertile.category2nd                                       0.6060
Mavaddat_2019_ER_OVERALL_Breast_PRS.tertile.category3rd                                       0.6197
AGE_AT_LAST_CONTACT.cs1                                                                       2.8584
AGE_AT_LAST_CONTACT.cs2                                                                       0.0088
AGE_AT_LAST_CONTACT.cs3                                                                       0.0202
AGE_AT_LAST_CONTACT.cs4                                                                       0.0129
AGE_AT_DIAGNOSIS5-9                                                                           0.7116
AGE_AT_DIAGNOSIS10-14                                                                         0.4701
AGE_AT_DIAGNOSIS>=15                                                                          0.4741
maxchestrtdose.categoryAny                                                                    0.4686
anthra_jco_dose_5.category1st-2nd                                                             0.6096
anthra_jco_dose_5.category3rd                                                                 0.5200
EAS                                                                                           1.4177
AFR                                                                                           0.5092
any_chemo_missingYes                                                                        614.2452
any_rt_missingYes                                                                             1.0731
Mavaddat_2019_ER_OVERALL_Breast_PRS.tertile.category2nd:maxchestrtdose.categoryAny            0.6213
Mavaddat_2019_ER_OVERALL_Breast_PRS.tertile.category3rd:maxchestrtdose.categoryAny            0.6183
Mavaddat_2019_ER_OVERALL_Breast_PRS.tertile.category2nd:anthra_jco_dose_5.category1st-2nd     0.7559
Mavaddat_2019_ER_OVERALL_Breast_PRS.tertile.category3rd:anthra_jco_dose_5.category1st-2nd     0.8134
Mavaddat_2019_ER_OVERALL_Breast_PRS.tertile.category2nd:anthra_jco_dose_5.category3rd         0.6957
Mavaddat_2019_ER_OVERALL_Breast_PRS.tertile.category3rd:anthra_jco_dose_5.category3rd         0.6672
                                                                                          z value
(Intercept)                                                                               -0.8105
Mavaddat_2019_ER_OVERALL_Breast_PRS.tertile.category2nd                                    0.3351
Mavaddat_2019_ER_OVERALL_Breast_PRS.tertile.category3rd                                    0.4611
AGE_AT_LAST_CONTACT.cs1                                                                    0.6000
AGE_AT_LAST_CONTACT.cs2                                                                   -0.5940
AGE_AT_LAST_CONTACT.cs3                                                                    0.6355
AGE_AT_LAST_CONTACT.cs4                                                                   -0.7561
AGE_AT_DIAGNOSIS5-9                                                                       -0.7161
AGE_AT_DIAGNOSIS10-14                                                                      3.5240
AGE_AT_DIAGNOSIS>=15                                                                       2.9706
maxchestrtdose.categoryAny                                                                 2.7728
anthra_jco_dose_5.category1st-2nd                                                         -0.1922
anthra_jco_dose_5.category3rd                                                              2.0531
EAS                                                                                        1.4606
AFR                                                                                       -0.9283
any_chemo_missingYes                                                                      -0.0161
any_rt_missingYes                                                                          2.1859
Mavaddat_2019_ER_OVERALL_Breast_PRS.tertile.category2nd:maxchestrtdose.categoryAny         0.1766
Mavaddat_2019_ER_OVERALL_Breast_PRS.tertile.category3rd:maxchestrtdose.categoryAny         0.5264
Mavaddat_2019_ER_OVERALL_Breast_PRS.tertile.category2nd:anthra_jco_dose_5.category1st-2nd  0.6309
Mavaddat_2019_ER_OVERALL_Breast_PRS.tertile.category3rd:anthra_jco_dose_5.category1st-2nd  0.0572
Mavaddat_2019_ER_OVERALL_Breast_PRS.tertile.category2nd:anthra_jco_dose_5.category3rd     -0.9865
Mavaddat_2019_ER_OVERALL_Breast_PRS.tertile.category3rd:anthra_jco_dose_5.category3rd     -0.3554
                                                                                          Pr(>|z|)
(Intercept)                                                                                 0.4177
Mavaddat_2019_ER_OVERALL_Breast_PRS.tertile.category2nd                                     0.7375
Mavaddat_2019_ER_OVERALL_Breast_PRS.tertile.category3rd                                     0.6447
AGE_AT_LAST_CONTACT.cs1                                                                     0.5485
AGE_AT_LAST_CONTACT.cs2                                                                     0.5525
AGE_AT_LAST_CONTACT.cs3                                                                     0.5251
AGE_AT_LAST_CONTACT.cs4                                                                     0.4496
AGE_AT_DIAGNOSIS5-9                                                                         0.4739
AGE_AT_DIAGNOSIS10-14                                                                       0.0004
AGE_AT_DIAGNOSIS>=15                                                                        0.0030
maxchestrtdose.categoryAny                                                                  0.0056
anthra_jco_dose_5.category1st-2nd                                                           0.8476
anthra_jco_dose_5.category3rd                                                               0.0401
EAS                                                                                         0.1441
AFR                                                                                         0.3532
any_chemo_missingYes                                                                        0.9872
any_rt_missingYes                                                                           0.0288
Mavaddat_2019_ER_OVERALL_Breast_PRS.tertile.category2nd:maxchestrtdose.categoryAny          0.8598
Mavaddat_2019_ER_OVERALL_Breast_PRS.tertile.category3rd:maxchestrtdose.categoryAny          0.5986
Mavaddat_2019_ER_OVERALL_Breast_PRS.tertile.category2nd:anthra_jco_dose_5.category1st-2nd   0.5281
Mavaddat_2019_ER_OVERALL_Breast_PRS.tertile.category3rd:anthra_jco_dose_5.category1st-2nd   0.9544
Mavaddat_2019_ER_OVERALL_Breast_PRS.tertile.category2nd:anthra_jco_dose_5.category3rd       0.3239
Mavaddat_2019_ER_OVERALL_Breast_PRS.tertile.category3rd:anthra_jco_dose_5.category3rd       0.7223

------------------------------------------------------------
Sender: LSF System <lsfadmin@noderome261>
Subject: Job 247002302: <model_fit4> in cluster <hpcf_research_cluster> Exited

Job <model_fit4> was submitted from host <splprhpc11> by user <aneupane> in cluster <hpcf_research_cluster> at Fri Jan 17 16:58:57 2025
Job was executed on host(s) <noderome261>, in queue <standard>, as user <aneupane> in cluster <hpcf_research_cluster> at Fri Jan 17 16:59:02 2025
</home/aneupane> was used as the home directory.
</home/aneupane/St_Jude/Achal_St_Jude/rcodes/attributable_fraction_R_codes/V21b_Lancet_Revision_HPC/21b/SJLIFE/Without_lifestyle/Models/with_collapsed_categories> was used as the working directory.
Started at Fri Jan 17 16:59:02 2025
Terminated at Fri Jan 17 17:11:01 2025
Results reported at Fri Jan 17 17:11:01 2025

Your job looked like:

------------------------------------------------------------
# LSBATCH: User input
bash -c "module load R/4.2.2 && Rscript 4.model_fit_BREASTcancer.R"
------------------------------------------------------------

Exited with exit code 1.

Resource usage summary:

    CPU time :                                   707.77 sec.
    Max Memory :                                 586 MB
    Average Memory :                             554.31 MB
    Total Requested Memory :                     20000.00 MB
    Delta Memory :                               19414.00 MB
    Max Swap :                                   -
    Max Processes :                              5
    Max Threads :                                6
    Run time :                                   719 sec.
    Turnaround time :                            724 sec.

The output (if any) is above this job summary.



PS:

Read file <logs/model_fit4.err> for stderr output of this job.

