                       row_labels THYROIDcancer|0 THYROIDcancer|1
1     maxneckrtdose.category|None            3583              27
2   maxneckrtdose.category|>0-<11               5               1
3 maxneckrtdose.category|>=11-<20              78               8
4 maxneckrtdose.category|>=20-<30             382              39
5     maxneckrtdose.category|>=30             265              12
6     epitxn_dose_5.category|None            2863              52
7      epitxn_dose_5.category|1st             482              13
8      epitxn_dose_5.category|2nd             484              11
9      epitxn_dose_5.category|3rd             484              11
  THYROIDcancer|#Total cases
1                       3610
2                          6
3                         86
4                        421
5                        277
6                       2915
7                        495
8                        495
9                        495
[1] "maxneckrtdose.category|>0-<11"   "maxneckrtdose.category|>=11-<20"

  None >0-<30   >=30 
   627    896    211 

Call:
glm(formula = event ~ Thyroid_PRS.tertile.category + AGE_AT_LAST_CONTACT.cs1 + 
    AGE_AT_LAST_CONTACT.cs2 + AGE_AT_LAST_CONTACT.cs3 + AGE_AT_LAST_CONTACT.cs4 + 
    AGE_AT_DIAGNOSIS + gender + maxneckrtdose.category + epitxn_dose_5.category + 
    EAS + AFR + any_chemo_missing + any_rt_missing, family = "poisson", 
    data = dat_all, offset = log(dat_all$PY))

Deviance Residuals: 
    Min       1Q   Median       3Q      Max  
-0.3166  -0.0376  -0.0223  -0.0128   4.8332  

Coefficients:
                                  Estimate Std. Error z value Pr(>|z|)    
(Intercept)                     -1.554e+01  3.177e+00  -4.891 1.00e-06 ***
Thyroid_PRS.tertile.category2nd  7.999e-01  3.295e-01   2.428 0.015195 *  
Thyroid_PRS.tertile.category3rd  1.064e+00  3.189e-01   3.336 0.000851 ***
AGE_AT_LAST_CONTACT.cs1          4.040e-01  2.059e-01   1.962 0.049755 *  
AGE_AT_LAST_CONTACT.cs2         -1.710e-03  8.604e-04  -1.987 0.046884 *  
AGE_AT_LAST_CONTACT.cs3          5.119e-03  2.386e-03   2.146 0.031907 *  
AGE_AT_LAST_CONTACT.cs4         -5.400e-03  2.289e-03  -2.359 0.018311 *  
AGE_AT_DIAGNOSIS5-9             -1.348e+00  4.548e-01  -2.964 0.003036 ** 
AGE_AT_DIAGNOSIS10-14            1.732e-01  2.739e-01   0.632 0.527238    
AGE_AT_DIAGNOSIS>=15            -5.282e-01  3.253e-01  -1.624 0.104426    
genderFemale                     5.757e-01  2.228e-01   2.585 0.009750 ** 
maxneckrtdose.category>0-<30     2.517e+00  2.549e-01   9.872  < 2e-16 ***
maxneckrtdose.category>=30       1.594e+00  3.708e-01   4.300 1.71e-05 ***
epitxn_dose_5.categoryAny        8.639e-01  2.327e-01   3.713 0.000205 ***
EAS                             -2.415e+00  3.361e+00  -0.718 0.472505    
AFR                             -1.230e+00  5.999e-01  -2.050 0.040347 *  
any_chemo_missingYes            -1.232e+01  1.061e+03  -0.012 0.990733    
any_rt_missingYes               -1.206e+01  4.367e+02  -0.028 0.977966    
---
Signif. codes:  0 ‘***’ 0.001 ‘**’ 0.01 ‘*’ 0.05 ‘.’ 0.1 ‘ ’ 1

(Dispersion parameter for poisson family taken to be 1)

    Null deviance: 1368.5  on 93653  degrees of freedom
Residual deviance: 1164.5  on 93636  degrees of freedom
  (60 observations deleted due to missingness)
AIC: 1372.5

Number of Fisher Scoring iterations: 18

[1] 0.2345793
[1] 0.2326195
[1] 0.2357996
[1] 0.2936708
[1] 0.1652777
[1] 0.2350711
[1] 0.2101059
[1] 0.6204085
[1] 0.6170253
[1] 0.622515
[1] 0.594355
[1] 0.6509636
[1] 0.62264
[1] 0.5852754
[1] 0.7279781
[1] 0.7260665
[1] 0.7291684
[1] 0.7265666
[1] 0.7296335
[1] 0.7294136
[1] 0.692498
[1] 0.5170784
[1] 0.5144497
[1] 0.518715
[1] 0.5189828
[1] 0.5148449
[1] 0.5191835
[1] 0.4872816
[1] 0.8676856
[1] 0.8672649
[1] 0.8679474
[1] 0.8665443
[1] 0.869024
[1] 0.8688581
[1] 0.8443187
[1] 1
[1] 2
[1] 3
[1] 4
[1] 5
[1] 6
[1] 7
[1] 8
[1] 9
[1] 10
[1] 11
[1] 12
[1] 13
[1] 14
[1] 15
[1] 16
[1] 17
[1] 18
[1] 19
[1] 20
[1] 21
[1] 22
[1] 23
[1] 24
[1] 25
[1] 26
[1] 27
[1] 28
[1] 29
[1] 30
[1] 31
[1] 32
[1] 33
[1] 34
[1] 35
[1] 36
[1] 37
[1] 38
[1] 39
[1] 40
[1] 41
[1] 42
[1] 43
[1] 44
[1] 45
[1] 46
[1] 47
[1] 48
[1] 49
[1] 50
[1] 51
[1] 52
[1] 53
[1] 54
[1] 55
[1] 56
[1] 57
[1] 58
[1] 59
[1] 60
[1] 61
[1] 62
[1] 63
[1] 64
[1] 65
[1] 66
[1] 67
[1] 68
[1] 69
[1] 70
[1] 71
[1] 72
[1] 73
[1] 74
[1] 75
[1] 76
[1] 77
[1] 78
[1] 79
[1] 80
[1] 81
[1] 82
[1] 83
[1] 84
[1] 85
[1] 86
[1] 87
[1] 88
[1] 89
[1] 90
[1] 91
[1] 92
[1] 93
[1] 94
[1] 95
[1] 96
[1] 97
[1] 98
[1] 99
[1] 100
[1] 101
[1] 102
[1] 103
[1] 104
[1] 105
[1] 106
[1] 107
[1] 108
[1] 109
[1] 110
[1] 111
[1] 112
[1] 113
[1] 114
[1] 115
[1] 116
[1] 117
[1] 118
[1] 119
[1] 120
[1] 121
[1] 122
[1] 123
[1] 124
[1] 125
[1] 126
[1] 127
[1] 128
[1] 129
[1] 130
[1] 131
[1] 132
[1] 133
[1] 134
[1] 135
[1] 136
[1] 137
[1] 138
[1] 139
[1] 140
[1] 141
[1] 142
[1] 143
[1] 144
[1] 145
[1] 146
[1] 147
[1] 148
[1] 149
[1] 150
[1] 151
[1] 152
[1] 153
[1] 154
[1] 155
[1] 156
[1] 157
[1] 158
[1] 159
[1] 160
[1] 161
[1] 162
[1] 163
[1] 164
[1] 165
[1] 166
[1] 167
[1] 168
[1] 169
[1] 170
[1] 171
[1] 172
[1] 173
[1] 174
[1] 175
[1] 176
[1] 177
[1] 178
[1] 179
[1] 180
[1] 181
[1] 182
[1] 183
[1] 184
[1] 185
[1] 186
[1] 187
[1] 188
[1] 189
[1] 190
[1] 191
[1] 192
[1] 193
[1] 194
[1] 195
[1] 196
[1] 197
[1] 198
[1] 199
[1] 200
[1] 201
[1] 202
[1] 203
[1] 204
[1] 205
[1] 206
[1] 207
[1] 208
[1] 209
[1] 210
[1] 211
[1] 212
[1] 213
[1] 214
[1] 215
[1] 216
[1] 217
[1] 218
[1] 219
[1] 220
[1] 221
[1] 222
[1] 223
[1] 224
[1] 225
[1] 226
[1] 227
[1] 228
[1] 229
[1] 230
[1] 231
[1] 232
[1] 233
[1] 234
[1] 235
[1] 236
[1] 237
[1] 238
[1] 239
[1] 240
[1] 241
[1] 242
[1] 243
[1] 244
[1] 245
[1] 246
[1] 247
[1] 248
[1] 249
[1] 250
[1] 251
[1] 252
[1] 253
[1] 254
[1] 255
[1] 256
[1] 257
[1] 258
[1] 259
[1] 260
[1] 261
[1] 262
[1] 263
[1] 264
[1] 265
[1] 266
[1] 267
[1] 268
[1] 269
[1] 270
[1] 271
[1] 272
[1] 273
[1] 274
[1] 275
[1] 276
[1] 277
[1] 278
[1] 279
[1] 280
[1] 281
[1] 282
[1] 283
[1] 284
[1] 285
[1] 286
[1] 287
[1] 288
[1] 289
[1] 290
[1] 291
[1] 292
[1] 293
[1] 294
[1] 295
[1] 296
[1] 297
[1] 298
[1] 299
[1] 300
[1] 301
[1] 302
[1] 303
[1] 304
[1] 305
[1] 306
[1] 307
[1] 308
[1] 309
[1] 310
[1] 311
[1] 312
[1] 313
[1] 314
[1] 315
[1] 316
[1] 317
[1] 318
[1] 319
[1] 320
[1] 321
[1] 322
[1] 323
[1] 324
[1] 325
[1] 326
[1] 327
[1] 328
[1] 329
[1] 330
[1] 331
[1] 332
[1] 333
[1] 334
[1] 335
[1] 336
[1] 337
[1] 338
[1] 339
[1] 340
[1] 341
[1] 342
[1] 343
[1] 344
[1] 345
[1] 346
[1] 347
[1] 348
[1] 349
[1] 350
[1] 351
[1] 352
[1] 353
[1] 354
[1] 355
[1] 356
[1] 357
[1] 358
[1] 359
[1] 360
[1] 361
[1] 362
[1] 363
[1] 364
[1] 365
[1] 366
[1] 367
[1] 368
[1] 369
[1] 370
[1] 371
[1] 372
[1] 373
[1] 374
[1] 375
[1] 376
[1] 377
[1] 378
[1] 379
[1] 380
[1] 381
[1] 382
[1] 383
[1] 384
[1] 385
[1] 386
[1] 387
[1] 388
[1] 389
[1] 390
[1] 391
[1] 392
[1] 393
[1] 394
[1] 395
[1] 396
[1] 397
[1] 398
[1] 399
[1] 400
[1] 401
[1] 402
[1] 403
[1] 404
[1] 405
[1] 406
[1] 407
[1] 408
[1] 409
[1] 410
[1] 411
[1] 412
[1] 413
[1] 414
[1] 415
[1] 416
[1] 417
[1] 418
[1] 419
[1] 420
[1] 421
[1] 422
[1] 423
[1] 424
[1] 425
[1] 426
[1] 427
[1] 428
[1] 429
[1] 430
[1] 431
[1] 432
[1] 433
[1] 434
[1] 435
[1] 436
[1] 437
[1] 438
[1] 439
[1] 440
[1] 441
[1] 442
[1] 443
[1] 444
[1] 445
[1] 446
[1] 447
[1] 448
[1] 449
[1] 450
[1] 451
[1] 452
[1] 453
[1] 454
[1] 455
[1] 456
[1] 457
[1] 458
[1] 459
[1] 460
[1] 461
[1] 462
[1] 463
[1] 464
[1] 465
[1] 466
[1] 467
[1] 468
[1] 469
[1] 470
[1] 471
[1] 472
[1] 473
[1] 474
[1] 475
[1] 476
[1] 477
[1] 478
[1] 479
[1] 480
[1] 481
[1] 482
[1] 483
[1] 484
[1] 485
[1] 486
[1] 487
[1] 488
[1] 489
[1] 490
[1] 491
[1] 492
[1] 493
[1] 494
[1] 495
[1] 496
[1] 497
[1] 498
[1] 499
[1] 500
[1] 501
[1] 502
[1] 503
[1] 504
[1] 505
[1] 506
[1] 507
[1] 508
[1] 509
[1] 510
[1] 511
[1] 512
[1] 513
[1] 514
[1] 515
[1] 516
[1] 517
[1] 518
[1] 519
[1] 520
[1] 521
[1] 522
[1] 523
[1] 524
[1] 525
[1] 526
[1] 527
[1] 528
[1] 529
[1] 530
[1] 531
[1] 532
[1] 533
[1] 534
[1] 535
[1] 536
[1] 537
[1] 538
[1] 539
[1] 540
[1] 541
[1] 542
[1] 543
[1] 544
[1] 545
[1] 546
[1] 547
[1] 548
[1] 549
[1] 550
[1] 551
[1] 552
[1] 553
[1] 554
[1] 555
[1] 556
[1] 557
[1] 558
[1] 559
[1] 560
[1] 561
[1] 562
[1] 563
[1] 564
[1] 565
[1] 566
[1] 567
[1] 568
[1] 569
[1] 570
[1] 571
[1] 572
[1] 573
[1] 574
[1] 575
[1] 576
[1] 577
[1] 578
[1] 579
[1] 580
[1] 581
[1] 582
[1] 583
[1] 584
[1] 585
[1] 586
[1] 587
[1] 588
[1] 589
[1] 590
[1] 591
[1] 592
[1] 593
[1] 594
[1] 595
[1] 596
[1] 597
[1] 598
[1] 599
[1] 600
[1] 601
[1] 602
[1] 603
[1] 604
[1] 605
[1] 606
[1] 607
[1] 608
[1] 609
[1] 610
[1] 611
[1] 612
[1] 613
[1] 614
[1] 615
[1] 616
[1] 617
[1] 618
[1] 619
[1] 620
[1] 621
[1] 622
[1] 623
[1] 624
[1] 625
[1] 626
[1] 627
[1] 628
[1] 629
[1] 630
[1] 631
[1] 632
[1] 633
[1] 634
[1] 635
[1] 636
[1] 637
[1] 638
[1] 639
[1] 640
[1] 641
[1] 642
[1] 643
[1] 644
[1] 645
[1] 646
[1] 647
[1] 648
[1] 649
[1] 650
[1] 651
[1] 652
[1] 653
[1] 654
[1] 655
[1] 656
[1] 657
[1] 658
[1] 659
[1] 660
[1] 661
[1] 662
[1] 663
[1] 664
[1] 665
[1] 666
[1] 667
[1] 668
[1] 669
[1] 670
[1] 671
[1] 672
[1] 673
[1] 674
[1] 675
[1] 676
[1] 677
[1] 678
[1] 679
[1] 680
[1] 681
[1] 682
[1] 683
[1] 684
[1] 685
[1] 686
[1] 687
[1] 688
[1] 689
[1] 690
[1] 691
[1] 692
[1] 693
[1] 694
[1] 695
[1] 696
[1] 697
[1] 698
[1] 699
[1] 700
[1] 701
[1] 702
[1] 703
[1] 704
[1] 705
[1] 706
[1] 707
[1] 708
[1] 709
[1] 710
[1] 711
[1] 712
[1] 713
[1] 714
[1] 715
[1] 716
[1] 717
[1] 718
[1] 719
[1] 720
[1] 721
[1] 722
[1] 723
[1] 724
[1] 725
[1] 726
[1] 727
[1] 728
[1] 729
[1] 730
[1] 731
[1] 732
[1] 733
[1] 734
[1] 735
[1] 736
[1] 737
[1] 738
[1] 739
[1] 740
[1] 741
[1] 742
[1] 743
[1] 744
[1] 745
[1] 746
[1] 747
[1] 748
[1] 749
[1] 750
[1] 751
[1] 752
[1] 753
[1] 754
[1] 755
[1] 756
[1] 757
[1] 758
[1] 759
[1] 760
[1] 761
[1] 762
[1] 763
[1] 764
[1] 765
[1] 766
[1] 767
[1] 768
[1] 769
[1] 770
[1] 771
[1] 772
[1] 773
[1] 774
[1] 775
[1] 776
[1] 777
[1] 778
[1] 779
[1] 780
[1] 781
[1] 782
[1] 783
[1] 784
[1] 785
[1] 786
[1] 787
[1] 788
[1] 789
[1] 790
[1] 791
[1] 792
[1] 793
[1] 794
[1] 795
[1] 796
[1] 797
[1] 798
[1] 799
[1] 800
[1] 801
[1] 802
[1] 803
[1] 804
[1] 805
[1] 806
[1] 807
[1] 808
[1] 809
[1] 810
[1] 811
[1] 812
[1] 813
[1] 814
[1] 815
[1] 816
[1] 817
[1] 818
[1] 819
[1] 820
[1] 821
[1] 822
[1] 823
[1] 824
[1] 825
[1] 826
[1] 827
[1] 828
[1] 829
[1] 830
[1] 831
[1] 832
[1] 833
[1] 834
[1] 835
[1] 836
[1] 837
[1] 838
[1] 839
[1] 840
[1] 841
[1] 842
[1] 843
[1] 844
[1] 845
[1] 846
[1] 847
[1] 848
[1] 849
[1] 850
[1] 851
[1] 852
[1] 853
[1] 854
[1] 855
[1] 856
[1] 857
[1] 858
[1] 859
[1] 860
[1] 861
[1] 862
[1] 863
[1] 864
[1] 865
[1] 866
[1] 867
[1] 868
[1] 869
[1] 870
[1] 871
[1] 872
[1] 873
[1] 874
[1] 875
[1] 876
[1] 877
[1] 878
[1] 879
[1] 880
[1] 881
[1] 882
[1] 883
[1] 884
[1] 885
[1] 886
[1] 887
[1] 888
[1] 889
[1] 890
[1] 891
[1] 892
[1] 893
[1] 894
[1] 895
[1] 896
[1] 897
[1] 898
[1] 899
[1] 900
[1] 901
[1] 902
[1] 903
[1] 904
[1] 905
[1] 906
[1] 907
[1] 908
[1] 909
[1] 910
[1] 911
[1] 912
[1] 913
[1] 914
[1] 915
[1] 916
[1] 917
[1] 918
[1] 919
[1] 920
[1] 921
[1] 922
[1] 923
[1] 924
[1] 925
[1] 926
[1] 927
[1] 928
[1] 929
[1] 930
[1] 931
[1] 932
[1] 933
[1] 934
[1] 935
[1] 936
[1] 937
[1] 938
[1] 939
[1] 940
[1] 941
[1] 942
[1] 943
[1] 944
[1] 945
[1] 946
[1] 947
[1] 948
[1] 949
[1] 950
[1] 951
[1] 952
[1] 953
[1] 954
[1] 955
[1] 956
[1] 957
[1] 958
[1] 959
[1] 960
[1] 961
[1] 962
[1] 963
[1] 964
[1] 965
[1] 966
[1] 967
[1] 968
[1] 969
[1] 970
[1] 971
[1] 972
[1] 973
[1] 974
[1] 975
[1] 976
[1] 977
[1] 978
[1] 979
[1] 980
[1] 981
[1] 982
[1] 983
[1] 984
[1] 985
[1] 986
[1] 987
[1] 988
[1] 989
[1] 990
[1] 991
[1] 992
[1] 993
[1] 994
[1] 995
[1] 996
[1] 997
[1] 998
[1] 999
[1] 1000

Call:
glm(formula = event ~ Thyroid_PRS.tertile.category + AGE_AT_LAST_CONTACT.cs1 + 
    AGE_AT_LAST_CONTACT.cs2 + AGE_AT_LAST_CONTACT.cs3 + AGE_AT_LAST_CONTACT.cs4 + 
    AGE_AT_DIAGNOSIS + gender + maxneckrtdose.category + epitxn_dose_5.category + 
    EAS + AFR + any_chemo_missing + any_rt_missing + maxneckrtdose.category * 
    Thyroid_PRS.tertile.category + epitxn_dose_5.category * Thyroid_PRS.tertile.category, 
    family = "poisson", data = dat_all, offset = log(dat_all$PY))

Deviance Residuals: 
    Min       1Q   Median       3Q      Max  
-0.3426  -0.0373  -0.0222  -0.0124   4.8598  

Coefficients:
                                                               Estimate
(Intercept)                                                  -1.585e+01
Thyroid_PRS.tertile.category2nd                               1.512e+00
Thyroid_PRS.tertile.category3rd                               1.095e+00
AGE_AT_LAST_CONTACT.cs1                                       4.021e-01
AGE_AT_LAST_CONTACT.cs2                                      -1.698e-03
AGE_AT_LAST_CONTACT.cs3                                       5.091e-03
AGE_AT_LAST_CONTACT.cs4                                      -5.391e-03
AGE_AT_DIAGNOSIS5-9                                          -1.328e+00
AGE_AT_DIAGNOSIS10-14                                         1.903e-01
AGE_AT_DIAGNOSIS>=15                                         -5.046e-01
genderFemale                                                  5.901e-01
maxneckrtdose.category>0-<30                                  2.370e+00
maxneckrtdose.category>=30                                    1.073e+00
epitxn_dose_5.categoryAny                                     1.741e+00
EAS                                                          -2.431e+00
AFR                                                          -1.242e+00
any_chemo_missingYes                                         -1.196e+01
any_rt_missingYes                                            -1.219e+01
Thyroid_PRS.tertile.category2nd:maxneckrtdose.category>0-<30 -1.220e-01
Thyroid_PRS.tertile.category3rd:maxneckrtdose.category>0-<30  4.162e-01
Thyroid_PRS.tertile.category2nd:maxneckrtdose.category>=30    1.308e-01
Thyroid_PRS.tertile.category3rd:maxneckrtdose.category>=30    9.194e-01
Thyroid_PRS.tertile.category2nd:epitxn_dose_5.categoryAny    -1.442e+00
Thyroid_PRS.tertile.category3rd:epitxn_dose_5.categoryAny    -7.321e-01
                                                             Std. Error z value
(Intercept)                                                   3.215e+00  -4.931
Thyroid_PRS.tertile.category2nd                               6.940e-01   2.179
Thyroid_PRS.tertile.category3rd                               7.052e-01   1.553
AGE_AT_LAST_CONTACT.cs1                                       2.059e-01   1.953
AGE_AT_LAST_CONTACT.cs2                                       8.602e-04  -1.974
AGE_AT_LAST_CONTACT.cs3                                       2.385e-03   2.135
AGE_AT_LAST_CONTACT.cs4                                       2.288e-03  -2.357
AGE_AT_DIAGNOSIS5-9                                           4.553e-01  -2.917
AGE_AT_DIAGNOSIS10-14                                         2.749e-01   0.692
AGE_AT_DIAGNOSIS>=15                                          3.259e-01  -1.548
genderFemale                                                  2.232e-01   2.644
maxneckrtdose.category>0-<30                                  5.931e-01   3.996
maxneckrtdose.category>=30                                    1.112e+00   0.965
epitxn_dose_5.categoryAny                                     5.806e-01   2.999
EAS                                                           3.310e+00  -0.735
AFR                                                           5.992e-01  -2.073
any_chemo_missingYes                                          1.054e+03  -0.011
any_rt_missingYes                                             4.325e+02  -0.028
Thyroid_PRS.tertile.category2nd:maxneckrtdose.category>0-<30  7.085e-01  -0.172
Thyroid_PRS.tertile.category3rd:maxneckrtdose.category>0-<30  7.024e-01   0.593
Thyroid_PRS.tertile.category2nd:maxneckrtdose.category>=30    1.256e+00   0.104
Thyroid_PRS.tertile.category3rd:maxneckrtdose.category>=30    1.216e+00   0.756
Thyroid_PRS.tertile.category2nd:epitxn_dose_5.categoryAny     6.969e-01  -2.069
Thyroid_PRS.tertile.category3rd:epitxn_dose_5.categoryAny     6.641e-01  -1.102
                                                             Pr(>|z|)    
(Intercept)                                                  8.17e-07 ***
Thyroid_PRS.tertile.category2nd                               0.02935 *  
Thyroid_PRS.tertile.category3rd                               0.12051    
AGE_AT_LAST_CONTACT.cs1                                       0.05082 .  
AGE_AT_LAST_CONTACT.cs2                                       0.04841 *  
AGE_AT_LAST_CONTACT.cs3                                       0.03276 *  
AGE_AT_LAST_CONTACT.cs4                                       0.01844 *  
AGE_AT_DIAGNOSIS5-9                                           0.00354 ** 
AGE_AT_DIAGNOSIS10-14                                         0.48889    
AGE_AT_DIAGNOSIS>=15                                          0.12156    
genderFemale                                                  0.00820 ** 
maxneckrtdose.category>0-<30                                 6.44e-05 ***
maxneckrtdose.category>=30                                    0.33469    
epitxn_dose_5.categoryAny                                     0.00271 ** 
EAS                                                           0.46259    
AFR                                                           0.03814 *  
any_chemo_missingYes                                          0.99095    
any_rt_missingYes                                             0.97752    
Thyroid_PRS.tertile.category2nd:maxneckrtdose.category>0-<30  0.86330    
Thyroid_PRS.tertile.category3rd:maxneckrtdose.category>0-<30  0.55350    
Thyroid_PRS.tertile.category2nd:maxneckrtdose.category>=30    0.91705    
Thyroid_PRS.tertile.category3rd:maxneckrtdose.category>=30    0.44946    
Thyroid_PRS.tertile.category2nd:epitxn_dose_5.categoryAny     0.03851 *  
Thyroid_PRS.tertile.category3rd:epitxn_dose_5.categoryAny     0.27027    
---
Signif. codes:  0 ‘***’ 0.001 ‘**’ 0.01 ‘*’ 0.05 ‘.’ 0.1 ‘ ’ 1

(Dispersion parameter for poisson family taken to be 1)

    Null deviance: 1368.5  on 93653  degrees of freedom
Residual deviance: 1158.3  on 93630  degrees of freedom
  (60 observations deleted due to missingness)
AIC: 1378.3

Number of Fisher Scoring iterations: 18

                                                                  Estimate
(Intercept)                                                  -15.854362469
Thyroid_PRS.tertile.category2nd                                1.512020301
Thyroid_PRS.tertile.category3rd                                1.094971481
AGE_AT_LAST_CONTACT.cs1                                        0.402095536
AGE_AT_LAST_CONTACT.cs2                                       -0.001697779
AGE_AT_LAST_CONTACT.cs3                                        0.005091414
AGE_AT_LAST_CONTACT.cs4                                       -0.005390709
AGE_AT_DIAGNOSIS5-9                                           -1.327935701
AGE_AT_DIAGNOSIS10-14                                          0.190263652
AGE_AT_DIAGNOSIS>=15                                          -0.504564798
genderFemale                                                   0.590141635
maxneckrtdose.category>0-<30                                   2.369997597
maxneckrtdose.category>=30                                     1.073206551
epitxn_dose_5.categoryAny                                      1.741241404
EAS                                                           -2.431157495
AFR                                                           -1.242298418
any_chemo_missingYes                                         -11.956594078
any_rt_missingYes                                            -12.188410892
Thyroid_PRS.tertile.category2nd:maxneckrtdose.category>0-<30  -0.121984711
Thyroid_PRS.tertile.category3rd:maxneckrtdose.category>0-<30   0.416173130
Thyroid_PRS.tertile.category2nd:maxneckrtdose.category>=30     0.130807653
Thyroid_PRS.tertile.category3rd:maxneckrtdose.category>=30     0.919435614
Thyroid_PRS.tertile.category2nd:epitxn_dose_5.categoryAny     -1.442187643
Thyroid_PRS.tertile.category3rd:epitxn_dose_5.categoryAny     -0.732147641
                                                               Std. Error
(Intercept)                                                  3.215060e+00
Thyroid_PRS.tertile.category2nd                              6.939654e-01
Thyroid_PRS.tertile.category3rd                              7.052252e-01
AGE_AT_LAST_CONTACT.cs1                                      2.058834e-01
AGE_AT_LAST_CONTACT.cs2                                      8.601741e-04
AGE_AT_LAST_CONTACT.cs3                                      2.384754e-03
AGE_AT_LAST_CONTACT.cs4                                      2.287511e-03
AGE_AT_DIAGNOSIS5-9                                          4.552710e-01
AGE_AT_DIAGNOSIS10-14                                        2.749172e-01
AGE_AT_DIAGNOSIS>=15                                         3.258916e-01
genderFemale                                                 2.232182e-01
maxneckrtdose.category>0-<30                                 5.930705e-01
maxneckrtdose.category>=30                                   1.112475e+00
epitxn_dose_5.categoryAny                                    5.806164e-01
EAS                                                          3.309551e+00
AFR                                                          5.991646e-01
any_chemo_missingYes                                         1.054401e+03
any_rt_missingYes                                            4.325190e+02
Thyroid_PRS.tertile.category2nd:maxneckrtdose.category>0-<30 7.084776e-01
Thyroid_PRS.tertile.category3rd:maxneckrtdose.category>0-<30 7.023709e-01
Thyroid_PRS.tertile.category2nd:maxneckrtdose.category>=30   1.255884e+00
Thyroid_PRS.tertile.category3rd:maxneckrtdose.category>=30   1.215680e+00
Thyroid_PRS.tertile.category2nd:epitxn_dose_5.categoryAny    6.969112e-01
Thyroid_PRS.tertile.category3rd:epitxn_dose_5.categoryAny    6.641157e-01
                                                                 z value
(Intercept)                                                  -4.93128030
Thyroid_PRS.tertile.category2nd                               2.17881211
Thyroid_PRS.tertile.category3rd                               1.55265500
AGE_AT_LAST_CONTACT.cs1                                       1.95302508
AGE_AT_LAST_CONTACT.cs2                                      -1.97376272
AGE_AT_LAST_CONTACT.cs3                                       2.13498453
AGE_AT_LAST_CONTACT.cs4                                      -2.35658294
AGE_AT_DIAGNOSIS5-9                                          -2.91680271
AGE_AT_DIAGNOSIS10-14                                         0.69207621
AGE_AT_DIAGNOSIS>=15                                         -1.54825965
genderFemale                                                  2.64378826
maxneckrtdose.category>0-<30                                  3.99614849
maxneckrtdose.category>=30                                    0.96470189
epitxn_dose_5.categoryAny                                     2.99895327
EAS                                                          -0.73458840
AFR                                                          -2.07338427
any_chemo_missingYes                                         -0.01133970
any_rt_missingYes                                            -0.02818006
Thyroid_PRS.tertile.category2nd:maxneckrtdose.category>0-<30 -0.17217863
Thyroid_PRS.tertile.category3rd:maxneckrtdose.category>0-<30  0.59252612
Thyroid_PRS.tertile.category2nd:maxneckrtdose.category>=30    0.10415580
Thyroid_PRS.tertile.category3rd:maxneckrtdose.category>=30    0.75631403
Thyroid_PRS.tertile.category2nd:epitxn_dose_5.categoryAny    -2.06939955
Thyroid_PRS.tertile.category3rd:epitxn_dose_5.categoryAny    -1.10243989
                                                                 Pr(>|z|)
(Intercept)                                                  8.169241e-07
Thyroid_PRS.tertile.category2nd                              2.934563e-02
Thyroid_PRS.tertile.category3rd                              1.205056e-01
AGE_AT_LAST_CONTACT.cs1                                      5.081662e-02
AGE_AT_LAST_CONTACT.cs2                                      4.840873e-02
AGE_AT_LAST_CONTACT.cs3                                      3.276227e-02
AGE_AT_LAST_CONTACT.cs4                                      1.844395e-02
AGE_AT_DIAGNOSIS5-9                                          3.536394e-03
AGE_AT_DIAGNOSIS10-14                                        4.888895e-01
AGE_AT_DIAGNOSIS>=15                                         1.215598e-01
genderFemale                                                 8.198392e-03
maxneckrtdose.category>0-<30                                 6.438136e-05
maxneckrtdose.category>=30                                   3.346941e-01
epitxn_dose_5.categoryAny                                    2.709089e-03
EAS                                                          4.625902e-01
AFR                                                          3.813653e-02
any_chemo_missingYes                                         9.909524e-01
any_rt_missingYes                                            9.775185e-01
Thyroid_PRS.tertile.category2nd:maxneckrtdose.category>0-<30 8.632971e-01
Thyroid_PRS.tertile.category3rd:maxneckrtdose.category>0-<30 5.534983e-01
Thyroid_PRS.tertile.category2nd:maxneckrtdose.category>=30   9.170457e-01
Thyroid_PRS.tertile.category3rd:maxneckrtdose.category>=30   4.494609e-01
Thyroid_PRS.tertile.category2nd:epitxn_dose_5.categoryAny    3.850861e-02
Thyroid_PRS.tertile.category3rd:epitxn_dose_5.categoryAny    2.702705e-01
                                                             Estimate
(Intercept)                                                  -15.8544
Thyroid_PRS.tertile.category2nd                                1.5120
Thyroid_PRS.tertile.category3rd                                1.0950
AGE_AT_LAST_CONTACT.cs1                                        0.4021
AGE_AT_LAST_CONTACT.cs2                                       -0.0017
AGE_AT_LAST_CONTACT.cs3                                        0.0051
AGE_AT_LAST_CONTACT.cs4                                       -0.0054
AGE_AT_DIAGNOSIS5-9                                           -1.3279
AGE_AT_DIAGNOSIS10-14                                          0.1903
AGE_AT_DIAGNOSIS>=15                                          -0.5046
genderFemale                                                   0.5901
maxneckrtdose.category>0-<30                                   2.3700
maxneckrtdose.category>=30                                     1.0732
epitxn_dose_5.categoryAny                                      1.7412
EAS                                                           -2.4312
AFR                                                           -1.2423
any_chemo_missingYes                                         -11.9566
any_rt_missingYes                                            -12.1884
Thyroid_PRS.tertile.category2nd:maxneckrtdose.category>0-<30  -0.1220
Thyroid_PRS.tertile.category3rd:maxneckrtdose.category>0-<30   0.4162
Thyroid_PRS.tertile.category2nd:maxneckrtdose.category>=30     0.1308
Thyroid_PRS.tertile.category3rd:maxneckrtdose.category>=30     0.9194
Thyroid_PRS.tertile.category2nd:epitxn_dose_5.categoryAny     -1.4422
Thyroid_PRS.tertile.category3rd:epitxn_dose_5.categoryAny     -0.7321
                                                             Std. Error z value
(Intercept)                                                      3.2151 -4.9313
Thyroid_PRS.tertile.category2nd                                  0.6940  2.1788
Thyroid_PRS.tertile.category3rd                                  0.7052  1.5527
AGE_AT_LAST_CONTACT.cs1                                          0.2059  1.9530
AGE_AT_LAST_CONTACT.cs2                                          0.0009 -1.9738
AGE_AT_LAST_CONTACT.cs3                                          0.0024  2.1350
AGE_AT_LAST_CONTACT.cs4                                          0.0023 -2.3566
AGE_AT_DIAGNOSIS5-9                                              0.4553 -2.9168
AGE_AT_DIAGNOSIS10-14                                            0.2749  0.6921
AGE_AT_DIAGNOSIS>=15                                             0.3259 -1.5483
genderFemale                                                     0.2232  2.6438
maxneckrtdose.category>0-<30                                     0.5931  3.9961
maxneckrtdose.category>=30                                       1.1125  0.9647
epitxn_dose_5.categoryAny                                        0.5806  2.9990
EAS                                                              3.3096 -0.7346
AFR                                                              0.5992 -2.0734
any_chemo_missingYes                                          1054.4011 -0.0113
any_rt_missingYes                                              432.5190 -0.0282
Thyroid_PRS.tertile.category2nd:maxneckrtdose.category>0-<30     0.7085 -0.1722
Thyroid_PRS.tertile.category3rd:maxneckrtdose.category>0-<30     0.7024  0.5925
Thyroid_PRS.tertile.category2nd:maxneckrtdose.category>=30       1.2559  0.1042
Thyroid_PRS.tertile.category3rd:maxneckrtdose.category>=30       1.2157  0.7563
Thyroid_PRS.tertile.category2nd:epitxn_dose_5.categoryAny        0.6969 -2.0694
Thyroid_PRS.tertile.category3rd:epitxn_dose_5.categoryAny        0.6641 -1.1024
                                                             Pr(>|z|)
(Intercept)                                                    0.0000
Thyroid_PRS.tertile.category2nd                                0.0293
Thyroid_PRS.tertile.category3rd                                0.1205
AGE_AT_LAST_CONTACT.cs1                                        0.0508
AGE_AT_LAST_CONTACT.cs2                                        0.0484
AGE_AT_LAST_CONTACT.cs3                                        0.0328
AGE_AT_LAST_CONTACT.cs4                                        0.0184
AGE_AT_DIAGNOSIS5-9                                            0.0035
AGE_AT_DIAGNOSIS10-14                                          0.4889
AGE_AT_DIAGNOSIS>=15                                           0.1216
genderFemale                                                   0.0082
maxneckrtdose.category>0-<30                                   0.0001
maxneckrtdose.category>=30                                     0.3347
epitxn_dose_5.categoryAny                                      0.0027
EAS                                                            0.4626
AFR                                                            0.0381
any_chemo_missingYes                                           0.9910
any_rt_missingYes                                              0.9775
Thyroid_PRS.tertile.category2nd:maxneckrtdose.category>0-<30   0.8633
Thyroid_PRS.tertile.category3rd:maxneckrtdose.category>0-<30   0.5535
Thyroid_PRS.tertile.category2nd:maxneckrtdose.category>=30     0.9170
Thyroid_PRS.tertile.category3rd:maxneckrtdose.category>=30     0.4495
Thyroid_PRS.tertile.category2nd:epitxn_dose_5.categoryAny      0.0385
Thyroid_PRS.tertile.category3rd:epitxn_dose_5.categoryAny      0.2703

------------------------------------------------------------
Sender: LSF System <lsfadmin@noderome234>
Subject: Job 247022980: <model_fit5_20250118_004901> in cluster <hpcf_research_cluster> Exited

Job <model_fit5_20250118_004901> was submitted from host <splprhpc11> by user <aneupane> in cluster <hpcf_research_cluster> at Sat Jan 18 00:49:01 2025
Job was executed on host(s) <noderome234>, in queue <standard>, as user <aneupane> in cluster <hpcf_research_cluster> at Sat Jan 18 00:49:08 2025
</home/aneupane> was used as the home directory.
</home/aneupane/St_Jude/Achal_St_Jude/rcodes/attributable_fraction_R_codes/V21b_Lancet_Revision_HPC/21b/SJLIFE/Without_lifestyle/Models/with_collapsed_categories> was used as the working directory.
Started at Sat Jan 18 00:49:08 2025
Terminated at Sat Jan 18 01:21:21 2025
Results reported at Sat Jan 18 01:21:21 2025

Your job looked like:

------------------------------------------------------------
# LSBATCH: User input
bash -c "module load R/4.2.2 && Rscript 5.model_fit_THYROIDcancer.R"
------------------------------------------------------------

Exited with exit code 1.

Resource usage summary:

    CPU time :                                   1892.62 sec.
    Max Memory :                                 1316 MB
    Average Memory :                             1156.32 MB
    Total Requested Memory :                     20000.00 MB
    Delta Memory :                               18684.00 MB
    Max Swap :                                   -
    Max Processes :                              3
    Max Threads :                                5
    Run time :                                   1933 sec.
    Turnaround time :                            1940 sec.

The output (if any) is above this job summary.



PS:

Read file <logs/model_fit5_20250118_004901.err> for stderr output of this job.

